Case #1:
GCJ
GCJ
GCJ
Case #2:
CODE
CODE
CJAM
Case #3:
CA
KE
Case #4:
A
Case #5:
AAAAAAAABBBBBBBBBBBBBBBBB
AAAAAAAABBBBBBBBBBBBBBBBB
AAAAAAAABBBBBBBBBBBBBBBBB
AAAAAAAABBBBBBBBBBBBBBBBB
AAAAAAAABBBBBBBBBBBBBBBBB
AAAAAAAABBBBBBBBBBBBBBBBB
AAAAAAAABBBBBBBBBBBBBBBBB
AAAAAAAABBBBBBBBBBBBBBBBB
AAAAAAAABBBBBBBBBBBBBBBBB
CCCCEEEEBBBBBBBBBBBBBBBBB
CCCCEEEEDDDDDDDDFHJJJJJJJ
CCCCEEEEDDDDDDDDFHJJJJJJJ
CCCCEEEEDDDDDDDDFHJJJJJJJ
CCCCEEEEDDDDDDDDFHJJJJJJJ
CCCCEEEEDDDDDDDDFHJJJJJJJ
CCCCEEEEDDDDDDDDFHJJJJJJJ
CCCCEEEEDDDDDDDDFHJJJJJJJ
CCCCEEEEDDDDDDDDFHJJJJJJJ
CCCCEEEEDDDDDDDDFHJJJJJJJ
CCCCEEEEDDDDDDDDFHJJJJJJJ
CCCCEEEEDDDDDDDDFHJJJJJJJ
CCCCEEEEDDDDDDDDFHJJJJJJJ
CCCCEEEEDDDDDDDDFHJJJJJJJ
CCCCEEEEDDDDDDDDFHJJJJJJJ
CCCCEEEEDDDDDDDDGHIIIIIII
Case #6:
GGGGGGGGGGGGGGGGGGGGGGGGG
YYYYNNNNNNNNNNNNNNNNNNNNN
YYYYNNNNNNNNNNNNNNNNNNNNN
YYYYNNNNNNNNNNNNNNNNNNNNN
YYYYNNNNNNNNNNNNNNNNNNNNN
YYYYBBBQQQQQQQQQQQMMMLLLL
YYYYBBBQQQQQQQQQQQMMMLLLL
YYYYBBBFAZZZZZZZIIMMMLLLL
YYYYBBBFAZZZZZZZIIMMMLLLL
OVVKBBBFAZZZZZZZIIMMMLLLL
OVVKBBBFAZZZZZZZIIMMMLLLL
OVVKBBBFAZZZZZZZIIMMMLLLL
OVVKBBBFAPPPPPPEIIMMMRRRR
OVVKBBBFAPPPPPPEIIXXXRRRR
OVVKBBBFAPPPPPPEIIXXXRRRR
OVVKBBBFAPPPPPPEIIXXXRRRR
OVVKBBBFAPPPPPPEIIXXXRRRR
OVVKBBBFAPPPPPPEIIXXXRRRR
OVVKBBBFAWWWWCSEIIXXXRRRR
OVVDBBBFAWWWWCSEIIXXXUUUU
OJJDBBBTAWWWWCSEIIXXXUUUU
OHHDBBBTAWWWWCSEIIXXXUUUU
OHHDBBBTAWWWWCSEIIXXXUUUU
OHHDBBBTAWWWWCSEIIXXXUUUU
OHHDBBBTAWWWWCSEIIXXXUUUU
Case #7:
BBRRRRRRRRRRUUUYYYQIIIIII
BBRRRRRRRRRRUUUYYYQIIIIII
BBRRRRRRRRRRUUUYYYQIIIIII
BBRRRRRRRRRRUUUYYYQIIIIII
BBRRRRRRRRRRUUUYYYQIIIIII
BBJJJJJJJJJJUUUYYYQIIIIII
BBJJJJJJJJJJUUUYYYQIIIIII
BBJJJJJJJJJJUUUYYYQIIIIII
BBJJJJJJJJJJGGGYYYQIIIIII
BBHAAAAAAAAAGGGYYYQIIIIII
BBHAAAAAAAAAGGGYYYQIIIIII
BBHAAAAAAAAAGGGYYYQIIIIII
BBHAAAAAAAAAGGGYYYQEEEEEE
BBHAAAAAAAAAGGGYYYQEEEEEE
BBHAAAAAAAAAGGGYYYQMMMTTT
BBHLNNNNNNNNGGGYYYQMMMTTT
BBHLFFFFFSSSGGGYYYQMMMTTT
DDHLWWWWWSSSGGGYYYQMMMTTT
DDHLWWWWWSSSGGGYYYQMMMCCC
DDHLVVVXXSSSGGGYYYQMMMCCC
DDHLVVVXXPPPGGGYYYQMMMCCC
DDHLVVVXXPPPGGGYYYQMMMOOO
DDHLVVVXXPPPGGGZZZQMMMOOO
DDHLVVVXXPPPGGGZZZQMMMOOO
DDHKVVVXXPPPGGGZZZQMMMOOO
Case #8:
BA
BA
Case #9:
KKKKKKKKKKKKKKKKKKKKKKCEG
KKKKKKKKKKKKKKKKKKKKKKCEG
KKKKKKKKKKKKKKKKKKKKKKCEG
KKKKKKKKKKKKKKKKKKKKKKCEG
AAAAAAAAAAAAAAAAAAAAAJCEG
AAAAAAAAAAAAAAAAAAAAAMCEG
AAAAAAAAAAAAAAAAAAAAAMCEG
QQQQQQQQQQQQQQQQQFHHHMBEU
VVVVVVVVVVVVVVVVVFHHHPBEU
SSSSSSSSSSSSSNNNNFIIIYLTU
SSSSSSSSSSSSSNNNNFIIIYLTU
SSSSSSSSSSSSSNNNNFWWWYLXU
SSSSSSSSSSSSSNNNNFWWWZLXU
SSSSSSSSSSSSSNNNNFWWWZLXU
SSSSSSSSSSSSSNNNNFWWWZLDU
SSSSSSSSSSSSSNNNNFOOOZLDU
SSSSSSSSSSSSSNNNNFOOOZRDU
SSSSSSSSSSSSSNNNNFOOOZRDU
SSSSSSSSSSSSSNNNNFOOOZRDU
SSSSSSSSSSSSSNNNNFOOOZRDU
SSSSSSSSSSSSSNNNNFOOOZRDU
SSSSSSSSSSSSSNNNNFOOOZRDU
SSSSSSSSSSSSSNNNNFOOOZRDU
SSSSSSSSSSSSSNNNNFOOOZRDU
SSSSSSSSSSSSSNNNNFOOOZRDU
Case #10:
GGGGGGGGGGGGGGGGGGGGGGGGG
XXXXXXXXXXXXXXXXXXXXXXUUU
TTTTJZZZZZZZZZZZZZZMMAUUU
TTTTJZZZZZZZZZZZZZZMMAUUU
QQQQJZZZZZZZZZZZZZZMMAUUU
QQQQJZZZZZZZZZZZZZZMMAUUU
QQQQJZZZZZZZZZZZZZZMMAUUU
QQQQJZZZZZZZZZZZZZZMMAUUU
HHHHJZZZZZZZZZZZZZZMMAUUU
SSSNJPPPPPPPPPPPPPPMMAUUU
SSSNJIIIIIIFFVVCWWKMMAUUU
SSSNJLLLLLLFFVVCWWKMMAUUU
SSSNJLLLLLLFFVVCWWKMMAUUU
SSSNJLLLLLLFFVVCWWKMMAUUU
SSSNJLLLLLLFFVVCWWKMMAUUU
SSSNJLLLLLLFFVVCWWKMMAUUU
SSSNJLLLLLLFFVVCWWKMMAUUU
SSSNJLLLLLLFFVVCWWKMMAUUU
SSSNJLLLLLLFFVVCWWKMMAUUU
SSSNJOOOYYYFFVVCWWKDDAUUU
SSSNJOOOYYYFFVVCWWKDDAUUU
SSSNJOOOYYYFFVVCWWKDDAUUU
SSSNJOOOYYYFFVVCWWKDDAUUU
BBBNJOOOYYYERVVCWWKDDAUUU
BBBNJOOOYYYERVVCWWKDDAUUU
Case #11:
AAAAAAAAAAAAAAAAAAAAAAAAA
BBBBBBBBBBBBBBBBBBBBBBBBB
CCCCCCCCCCCCCCCCCCCCCCCCC
DDDDDDDDDDDDDDDDDDDDDDDDD
EEEEEEEEEEEEEEEEEEEEEEEEE
FFFFFFFFFFFFFFFFFFFFFFFFF
GGGGGGGGGGGGGGGGGGGGGGGGG
HHHHHHHHHHHHHHHHHHHHHHHHH
IIIIIIIIIIIIIIIIIIIIIIIII
JJJJJJJJJJJJJJJJJJJJJJJJJ
KKKKKKKKKKKKKKKKKKKKKKKKK
LLLLLLLLLLLLLLLLLLLLLLLLL
MMMMMMMMMMMMMMMMMMMMMMMMM
NNNNNNNNNNNNNNNNNNNNNNNNN
OOOOOOOOOOOOOOOOOOOOOOOOO
PPPPPPPPPPPPPPPPPPPPPPPPP
QQQQQQQQQQQQQQQQQQQQQQQQQ
RRRRRRRRRRRRRRRRRRRRRRRRR
SSSSSSSSSSSSSSSSSSSSSSSSS
TTTTTTTTTTTTTTTTTTTTTTTTT
UUUUUUUUUUUUUUUUUUUUUUUUU
VVVVVVVVVVVVVVVVVVVVVVVVV
WWWWWWWWWWWWWWWWWWWWWWWWW
XXXXXXXXXXXXXXXXXXXXXXXXX
YYYYYYYYYYYYYYYYYYYYYYYYY
Case #12:
AAAAACEEEEEEEEEEEEEEEEEEE
AAAAACEEEEEEEEEEEEEEEEEEE
AAAAACEEEEEEEEEEEEEEEEEEE
AAAAACEEEEEEEEEEEEEEEEEEE
AAAAACEEEEEEEEEEEEEEEEEEE
AAAAACEEEEEEEEEEEEEEEEEEE
BBBBBCDDDDDDDDDDDDFFFFFGG
BBBBBCDDDDDDDDDDDDFFFFFGG
BBBBBCDDDDDDDDDDDDFFFFFGG
BBBBBCDDDDDDDDDDDDFFFFFGG
BBBBBCDDDDDDDDDDDDFFFFFGG
BBBBBCDDDDDDDDDDDDFFFFFGG
BBBBBCDDDDDDDDDDDDFFFFFGG
BBBBBCDDDDDDDDDDDDFFFFFGG
BBBBBCDDDDDDDDDDDDFFFFFGG
BBBBBCDDDDDDDDDDDDFFFFFGG
BBBBBCDDDDDDDDDDDDFFFFFGG
BBBBBCDDDDDDDDDDDDFFFFFGG
BBBBBCDDDDDDDDDDDDHJJJJGG
BBBBBCDDDDDDDDDDDDHJJJJII
BBBBBCDDDDDDDDDDDDHJJJJII
BBBBBCDDDDDDDDDDDDHJJJJII
BBBBBCDDDDDDDDDDDDHJJJJII
BBBBBCDDDDDDDDDDDDHJJJJII
BBBBBCDDDDDDDDDDDDHJJJJII
Case #13:
AAAAAAAAAABBBBBBBBBBBBBBB
AAAAAAAAAABBBBBBBBBBBBBBB
AAAAAAAAAABBBBBBBBBBBBBBB
AAAAAAAAAABBBBBBBBBBBBBBB
AAAAAAAAAABBBBBBBBBBBBBBB
AAAAAAAAAABBBBBBBBBBBBBBB
AAAAAAAAAABBBBBBBBBBBBBBB
AAAAAAAAAABBBBBBBBBBBBBBB
AAAAAAAAAABBBBBBBBBBBBBBB
CCCCCCEEEEBBBBBBBBBBBBBBB
CCCCCCEEEEDDDDDDDDDFHJJJJ
CCCCCCEEEEDDDDDDDDDFHJJJJ
CCCCCCEEEEDDDDDDDDDFHJJJJ
CCCCCCEEEEDDDDDDDDDFHJJJJ
CCCCCCEEEEDDDDDDDDDFHJJJJ
CCCCCCEEEEDDDDDDDDDFHJJJJ
CCCCCCEEEEDDDDDDDDDFHJJJJ
CCCCCCEEEEDDDDDDDDDFHJJJJ
CCCCCCEEEEDDDDDDDDDGHIIII
CCCCCCEEEEDDDDDDDDDGHIIII
CCCCCCEEEEDDDDDDDDDGHIIII
CCCCCCEEEEDDDDDDDDDGHIIII
CCCCCCEEEEDDDDDDDDDGHIIII
CCCCCCEEEEDDDDDDDDDGHIIII
CCCCCCEEEEDDDDDDDDDGHIIII
Case #14:
AAAAAABBBBBBBBBBBBBBBBBBB
AAAAAABBBBBBBBBBBBBBBBBBB
CCEEEEBBBBBBBBBBBBBBBBBBB
CCEEEEDDDDDDDDDFHJJJJJJJJ
CCEEEEDDDDDDDDDFHJJJJJJJJ
CCEEEEDDDDDDDDDFHJJJJJJJJ
CCEEEEDDDDDDDDDFHJJJJJJJJ
CCEEEEDDDDDDDDDFHJJJJJJJJ
CCEEEEDDDDDDDDDFHJJJJJJJJ
CCEEEEDDDDDDDDDFHJJJJJJJJ
CCEEEEDDDDDDDDDFHJJJJJJJJ
CCEEEEDDDDDDDDDFHJJJJJJJJ
CCEEEEDDDDDDDDDFHJJJJJJJJ
CCEEEEDDDDDDDDDFHJJJJJJJJ
CCEEEEDDDDDDDDDFHJJJJJJJJ
CCEEEEDDDDDDDDDFHJJJJJJJJ
CCEEEEDDDDDDDDDFHJJJJJJJJ
CCEEEEDDDDDDDDDFHJJJJJJJJ
CCEEEEDDDDDDDDDFHJJJJJJJJ
CCEEEEDDDDDDDDDFHJJJJJJJJ
CCEEEEDDDDDDDDDFHJJJJJJJJ
CCEEEEDDDDDDDDDFHJJJJJJJJ
CCEEEEDDDDDDDDDGHIIIIIIII
CCEEEEDDDDDDDDDGHIIIIIIII
CCEEEEDDDDDDDDDGHIIIIIIII
Case #15:
VVVVVVVVVVVVVVVVVVVVVVVVV
KKKKKKKKFFFFFFFFFFFFFFFFF
KKKKKKKKFFFFFFFFFFFFFFFFF
AAAAAAAPZZZZZZZZZZZZZZZZZ
UUUUUSSQIIIGGGGGGGGGGGGGG
DDDDDYYQRRRGGGGGGGGGGGGGG
NNNNNOOHELLGGGGGGGGGGGGGG
NNNNNJCWEXBGGGGGGGGGGGGGG
NNNNNJMWTXBGGGGGGGGGGGGGG
NNNNNJMWTXBGGGGGGGGGGGGGG
NNNNNJMWTXBGGGGGGGGGGGGGG
NNNNNJMWTXBGGGGGGGGGGGGGG
NNNNNJMWTXBGGGGGGGGGGGGGG
NNNNNJMWTXBGGGGGGGGGGGGGG
NNNNNJMWTXBGGGGGGGGGGGGGG
NNNNNJMWTXBGGGGGGGGGGGGGG
NNNNNJMWTXBGGGGGGGGGGGGGG
NNNNNJMWTXBGGGGGGGGGGGGGG
NNNNNJMWTXBGGGGGGGGGGGGGG
NNNNNJMWTXBGGGGGGGGGGGGGG
NNNNNJMWTXBGGGGGGGGGGGGGG
NNNNNJMWTXBGGGGGGGGGGGGGG
NNNNNJMWTXBGGGGGGGGGGGGGG
NNNNNJMWTXBGGGGGGGGGGGGGG
NNNNNJMWTXBGGGGGGGGGGGGGG
Case #16:
KHHHHHHHHHHHHHHHHHHIIFFF
KHHHHHHHHHHHHHHHHHHIIFFF
KHHHHHHHHHHHHHHHHHHIIFFF
KHHHHHHHHHHHHHHHHHHIIFFF
KSSSSSSSSVVVVVVVVXXIIFFF
KSSSSSSSSUUUUMMMMXXIIFFF
KSSSSSSSSUUUUWWWWXXIIFFF
KSSSSSSSSUUUUQQJJXXIIFFF
KSSSSSSSSUUUUQQJJXXIIFFF
KSSSSSSSSUUUUQQJJXXIIFFF
KSSSSSSSSYTTTQQJJXXIIFFF
KSSSSSSSSYTTTQQJJXXIIDDD
KSSSSSSSSYTTTQQJJXXIIDDD
KRRRAAAAAYTTTQQJJXXIIDDD
KRRRAAAAAYTTTQQJJXXIIDDD
KRRRAAAAAYTTTQQJJXXIIDDD
KRRRAAAAAYTTTQQJJXXIIDDD
KRRRAAAAAYPPPQQJJXXIIDDD
KRRROOOOOYPPPQQJJXXIIDDD
KRRROOOOOYPPPQQJJXXIIDDD
KRRRNNNNNYPPPQQJJXXIIDDD
KRRRNNNNNYPPPQQJJXXIIDDD
KRRRBBBBLYPPPQQJJXXIIDDD
KRRRBBBBLYPPPQQJJXXIIDDD
KRRRBBBBLYGEEQQJJCCIIDDD
Case #17:
HHHHHHHHHHHHHHHHHHHHHHHHH
ZZZZZZDEEEEEEIIIIIIIIIIII
ZZZZZZDEEEEEECCPPPPPPPPPP
ZZZZZZDBBBBBBCCPPPPPPPPPP
MMMMOODBBBBBBCCPPPPPPPPPP
MMMMOODBBBBBBCCPPPPPPPPPP
MMMMOODRRRRRRCCPPPPPPPPPP
MMMMOODRRRRRRCCPPPPPPPPPP
MMMMOODRRRRRRCCPPPPPPPPPP
MMMMOODRRRRRRCCPPPPPPPPPP
MMMMOODRRRRRRCCPPPPPPPPPP
MMMMOODRRRRRRCCPPPPPPPPPP
MMMMOODYJJJJTCCPPPPPPPPPP
VVVQOODYJJJJTCCPPPPPPPPPP
VVVQOODYJJJJTCCPPPPPPPPPP
VVVQOODYJJJJTCCPPPPPPPPPP
VVVQOODYJJJJTCCLLLLLLLLLL
VVVQOOUYJJJJTCCWWWWWWSSSS
VVVQXXUYJJJJTCCWWWWWWSSSS
VVVQXXUYJJJJTCCWWWWWWSSSS
VVVQGGUYJJJJTCCNNNNKKSSSS
VVVQGGUYJJJJTCCNNNNKKSSSS
VVVQGGUYJJJJTCCNNNNKKSSSS
AAAQGGUYJJJJTCCNNNNKKSSSS
AAAQGGUYJJJJTFFNNNNKKSSSS
Case #18:
IIIIIIIIIIIIIIIIIIIIIIIII
IIIIIIIIIIIIIIIIIIIIIIIII
AAAAAAAQFUUUUUUUUUUUUUUUU
AAAAAAAQFUUUUUUUUUUUUUUUU
AAAAAAAQFUUUUUUUUUUUUUUUU
AAAAAAAQFUUUUUUUUUUUUUUUU
AAAAAAAQFHHHHHHHHHHHKSCCB
VVVVVZMQFHHHHHHHHHHHKSCCB
VVVVVZMEFHHHHHHHHHHHKSCCB
VVVVVZMEFHHHHHHHHHHHKSCCB
VVVVVZMEFHHHHHHHHHHHKSCCB
VVVVVZMEFHHHHHHHHHHHKSCCB
VVVVVZMEFHHHHHHHHHHHKSCCB
VVVVVZMEFHHHHHHHHHHHKSCCB
VVVVVZMEFYYYYYYNNDDDKSCCB
VVVVVZMEFYYYYYYNNDDDKSCCB
VVVVVZMEFYYYYYYNNDDDKSCCB
VVVVVZMEFYYYYYYNNDDDKSCCB
VVVVVZMEFYYYYYYNNDDDKSCCB
VVVVVZMEFYYYYYYNNDDDKSCCB
XXXXGZMWFYYYYYYNNDDDKSCCT
XXXXGZMWFYYYYYYNNDDDKSCCT
XXXXGZMWFYYYYYYNNDDDKPCCT
XXXXGZMWFLLLJJJNNDDDRPCCT
XXXXGZMWFLLLJJJNNDDDROCCT
Case #19:
AAAAAAAAAAAAAAABBBBBBBBBB
AAAAAAAAAAAAAAABBBBBBBBBB
AAAAAAAAAAAAAAABBBBBBBBBB
AAAAAAAAAAAAAAABBBBBBBBBB
AAAAAAAAAAAAAAABBBBBBBBBB
AAAAAAAAAAAAAAABBBBBBBBBB
AAAAAAAAAAAAAAABBBBBBBBBB
AAAAAAAAAAAAAAABBBBBBBBBB
AAAAAAAAAAAAAAABBBBBBBBBB
AAAAAAAAAAAAAAABBBBBBBBBB
AAAAAAAAAAAAAAABBBBBBBBBB
AAAAAAAAAAAAAAABBBBBBBBBB
AAAAAAAAAAAAAAABBBBBBBBBB
AAAAAAAAAAAAAAABBBBBBBBBB
AAAAAAAAAAAAAAABBBBBBBBBB
AAAAAAAAAAAAAAABBBBBBBBBB
AAAAAAAAAAAAAAABBBBBBBBBB
AAAAAAAAAAAAAAABBBBBBBBBB
CCCCCCCCCCCEEEEBBBBBBBBBB
CCCCCCCCCCCEEEEDDDDDDDDDD
CCCCCCCCCCCEEEEDDDDDDDDDD
CCCCCCCCCCCEEEEDDDDDDDDDD
CCCCCCCCCCCEEEEDDDDDDDDDD
CCCCCCCCCCCEEEEDDDDDDDDDD
CCCCCCCCCCCEEEEDDDDDDDDDD
Case #20:
FFFFFFFFFFFFFFFFFFFFFFFFF
FFFFFFFFFFFFFFFFFFFFFFFFF
FFFFFFFFFFFFFFFFFFFFFFFFF
FFFFFFFFFFFFFFFFFFFFFFFFF
FFFFFFFFFFFFFFFFFFFFFFFFF
FFFFFFFFFFFFFFFFFFFFFFFFF
FFFFFFFFFFFFFFFFFFFFFFFFF
DDDDDDDDDDDDRRRRRRRRRRRRR
DDDDDDDDDDDDRRRRRRRRRRRRR
DDDDDDDDDDDDJJIAMMMMMMMMM
XXXXXXXXXXXZNWQAMMMMMMMMM
UUUUUUUUUOCVNWQAMMMMMMMMM
UUUUUUUUUOCVNYPAMMMMMMMMM
UUUUUUUUUOSBTLPHMMMMMMMMM
UUUUUUUUUOSBGLPHMMMMMMMMM
UUUUUUUUUOSKELPHMMMMMMMMM
UUUUUUUUUOSKELPHMMMMMMMMM
UUUUUUUUUOSKELPHMMMMMMMMM
UUUUUUUUUOSKELPHMMMMMMMMM
UUUUUUUUUOSKELPHMMMMMMMMM
UUUUUUUUUOSKELPHMMMMMMMMM
UUUUUUUUUOSKELPHMMMMMMMMM
UUUUUUUUUOSKELPHMMMMMMMMM
UUUUUUUUUOSKELPHMMMMMMMMM
UUUUUUUUUOSKELPHMMMMMMMMM
Case #21:
KKKKKKKKKKKKKKKKKKKKKKKKJ
KKKKKKKKKKKKKKKKKKKKKKKKJ
KKKKKKKKKKKKKKKKKKKKKKKKJ
KKKKKKKKKKKKKKKKKKKKKKKKJ
KKKKKKKKKKKKKKKKKKKKKKKKJ
KKKKKKKKKKKKKKKKKKKKKKKKJ
KKKKKKKKKKKKKKKKKKKKKKKKJ
KKKKKKKKKKKKKKKKKKKKKKKKJ
KKKKKKKKKKKKKKKKKKKKKKKKJ
KKKKKKKKKKKKKKKKKKKKKKKKJ
KKKKKKKKKKKKKKKKKKKKKKKKJ
KKKKKKKKKKKKKKKKKKKKKKKKJ
KKKKKKKKKKKKKKKKKKKKKKKKJ
KKKKKKKKKKKKKKKKKKKKKKKKJ
KKKKKKKKKKKKKKKKKKKKKKKKJ
KKKKKKKKKKKKKKKKKKKKKKKKJ
KKKKKKKKKKKKKKKKKKKKKKKKJ
VVVVVVVVVVVVVVVVVVVVVVVVE
WWWWWWWWWWWWWWWWWWWWWWWWR
HHHHHHHHHHHHHHHHHHHHHLIIU
XXXXXXXXXXXXXXXXXXXXBLIIZ
AAAAAAAAAAAAAAAAAAAABLIIO
AAAAAAAAAAAAAAAAAAAABLIIY
NNNNNNNNNNNNNNNNNNQDCLGGF
NNNNNNNNNNNNNNNNNNQSCLPTM
Case #22:
XXXXXXXXXXXXXXXXXXFFFFFCC
XXXXXXXXXXXXXXXXXXFFFFFCC
XXXXXXXXXXXXXXXXXXFFFFFCC
XXXXXXXXXXXXXXXXXXFFFFFCC
JJJJJJJHQQQQQQQQQQFFFFFCC
JJJJJJJHQQQQQQQQQQFFFFFCC
JJJJJJJHQQQQQQQQQQFFFFFCC
JJJJJJJHQQQQQQQQQQFFFFFDY
JJJJJJJHQQQQQQQQQQFFFFFDY
NNNNNNNHVVVVIAAAAAFFFFFDY
GGSSSSSHVVVVIAAAAAFFFFFDY
GGSSSSSHVVVVIAAAAAFFFFFDY
GGSSSSSHVVVVIAAAAAFFFFFDY
GGSSSSSHVVVVIAAAAAFFFFFBY
GGSSSSSHVVVVIZZZZZFFFFFBY
GGSSSSSHVVVVIZZZZZFFFFFBY
GGSSSSSHVVVVIZZZZZEKKKKBY
GGMMMMMHLLLLIZZZZZEKKKKBY
GGUUOOOHLLLLIZZZZZEKKKKBY
GGUUOOOHLLLLIZZZZZEKKKKBY
WWUUOOOHLLLLIZZZZZEKKKKBY
WWUUPPPHLLLLIZZZZZEKKKKBY
WWUUPPPHLLLLIZZZZZEKKKKBY
WWUUPPPHLLLLIZZZZZEKKKKBY
WWUUTTTHLLLLIZZZZZERRRRBY
Case #23:
IIIIIIIIIIIIIIIIIIIIIOOOO
IIIIIIIIIIIIIIIIIIIIIOOOO
IIIIIIIIIIIIIIIIIIIIIOOOO
IIIIIIIIIIIIIIIIIIIIIOOOO
IIIIIIIIIIIIIIIIIIIIIOOOO
IIIIIIIIIIIIIIIIIIIIIOOOO
IIIIIIIIIIIIIIIIIIIIIOOOO
IIIIIIIIIIIIIIIIIIIIIOOOO
IIIIIIIIIIIIIIIIIIIIIOOOO
IIIIIIIIIIIIIIIIIIIIIOOOO
IIIIIIIIIIIIIIIIIIIIIOOOO
IIIIIIIIIIIIIIIIIIIIIOOOO
IIIIIIIIIIIIIIIIIIIIIOOOO
IIIIIIIIIIIIIIIIIIIIIOOOO
UUUUUUUUUUUUUUUUUUUUUMMMM
RRRRRRRRRRRRRRRRRRRRRMMMM
BBBBBBBBBBBBBBBBBBBKKHJTT
BBBBBBBBBBBBBBBBBBBNZHJTT
BBBBBBBBBBBBBBBBBBBNZHJTT
BBBBBBBBBBBBBBBBBBBNZHJQQ
GGGGGGGGGGGGGGGGGGEAFWJQQ
GGGGGGGGGGGGGGGGGGEAFWJPD
XXXXXXXXXXXXXXXXXXEAFWJPD
VVVVVVVVVVVVSSCCCYEAFWJPD
VVVVVVVVVVVVSSCCCYELFWJPD
Case #24:
ABCDEFGHIJKLMNOPQRSTUVWXY
ABCDEFGHIJKLMNOPQRSTUVWXY
ABCDEFGHIJKLMNOPQRSTUVWXY
ABCDEFGHIJKLMNOPQRSTUVWXY
ABCDEFGHIJKLMNOPQRSTUVWXY
ABCDEFGHIJKLMNOPQRSTUVWXY
ABCDEFGHIJKLMNOPQRSTUVWXY
ABCDEFGHIJKLMNOPQRSTUVWXY
ABCDEFGHIJKLMNOPQRSTUVWXY
ABCDEFGHIJKLMNOPQRSTUVWXY
ABCDEFGHIJKLMNOPQRSTUVWXY
ABCDEFGHIJKLMNOPQRSTUVWXY
ABCDEFGHIJKLMNOPQRSTUVWXY
ABCDEFGHIJKLMNOPQRSTUVWXY
ABCDEFGHIJKLMNOPQRSTUVWXY
ABCDEFGHIJKLMNOPQRSTUVWXY
ABCDEFGHIJKLMNOPQRSTUVWXY
ABCDEFGHIJKLMNOPQRSTUVWXY
ABCDEFGHIJKLMNOPQRSTUVWXY
ABCDEFGHIJKLMNOPQRSTUVWXY
ABCDEFGHIJKLMNOPQRSTUVWXY
ABCDEFGHIJKLMNOPQRSTUVWXY
ABCDEFGHIJKLMNOPQRSTUVWXY
ABCDEFGHIJKLMNOPQRSTUVWXY
ABCDEFGHIJKLMNOPQRSTUVWXY
Case #25:
IIIIIIIIIIIIIIIIIIIIIIIII
IIIIIIIIIIIIIIIIIIIIIIIII
UUYLLLLLLLLLLLLLLLLLLLLLL
UUYLLLLLLLLLLLLLLLLLLLLLL
UUYLLLLLLLLLLLLLLLLLLLLLL
UUYLLLLLLLLLLLLLLLLLLLLLL
UUYEEEEEEEEEEEEEEEEEERRBB
UUYMMMMMMMMMMMMMMMMMMRRBB
CCYNNNNNNNNNNNNNNNNNNRRBB
CCYNNNNNNNNNNNNNNNNNNRRBB
CCYTTTTTDDDDXSSSSSSSSRRBB
CCYTTTTTDDDDXSSSSSSSSRRGW
CCYPPPQODDDDXSSSSSSSSRRGW
CCYPPPQOFFFFXSSSSSSSSRRGW
CCYPPPQOFFFFXSSSSSSSSRRGW
CCYPPPQOFFFFXSSSSSSSSRRGW
CCYPPPQOFFFFXSSSSSSSSRRGW
CCYPPPQOFFFFXSSSSSSSSRRGW
CCYPPPQOFFFFXAAAAAVVVRRGW
CCYPPPQOFFFFXAAAAAVVVRRGW
CCYPPPQHFFFFXAAAAAVVVKKGW
CCYPPPQHFFFFXAAAAAVVVKKGW
CCYJJJQHFFFFXAAAAAVVVKKGW
CCYJJJQHFFFFXAAAAAVVVKKGW
Case #26:
AB
Case #27:
MLLLL
MLLLL
KIAAA
GCHJJ
BNOJJ
EFOJJ
DFOJJ
Case #28:
ABCDEFGHIJKLMNOPQRSTUVWXY
ABCDEFGHIJKLMNOPQRSTUVWXY
ABCDEFGHIJKLMNOPQRSTUVWXY
ABCDEFGHIJKLMNOPQRSTUVWXY
ABCDEFGHIJKLMNOPQRSTUVWXY
ABCDEFGHIJKLMNOPQRSTUVWXY
ABCDEFGHIJKLMNOPQRSTUVWXY
ABCDEFGHIJKLMNOPQRSTUVWXY
ABCDEFGHIJKLMNOPQRSTUVWXY
ABCDEFGHIJKLMNOPQRSTUVWXY
ABCDEFGHIJKLMNOPQRSTUVWXY
ABCDEFGHIJKLMNOPQRSTUVWXY
ABCDEFGHIJKLMNOPQRSTUVWXY
ABCDEFGHIJKLMNOPQRSTUVWXY
ABCDEFGHIJKLMNOPQRSTUVWXY
ABCDEFGHIJKLMNOPQRSTUVWXY
ABCDEFGHIJKLMNOPQRSTUVWXY
ABCDEFGHIJKLMNOPQRSTUVWXY
ABCDEFGHIJKLMNOPQRSTUVWXY
ABCDEFGHIJKLMNOPQRSTUVWXY
ABCDEFGHIJKLMNOPQRSTUVWXY
ABCDEFGHIJKLMNOPQRSTUVWXY
ABCDEFGHIJKLMNOPQRSTUVWXY
ABCDEFGHIJKLMNOPQRSTUVWXY
ABCDEFGHIJKLMNOPQRSTUVWXY
Case #29:
AAAAABBBBBBBBBBBBBBBBBBBB
AAAAABBBBBBBBBBBBBBBBBBBB
AAAAABBBBBBBBBBBBBBBBBBBB
AAAAABBBBBBBBBBBBBBBBBBBB
AAAAABBBBBBBBBBBBBBBBBBBB
CEEEEBBBBBBBBBBBBBBBBBBBB
CEEEEDDDDDDDDDDDDFHJJJJJJ
CEEEEDDDDDDDDDDDDFHJJJJJJ
CEEEEDDDDDDDDDDDDFHJJJJJJ
CEEEEDDDDDDDDDDDDFHJJJJJJ
CEEEEDDDDDDDDDDDDFHJJJJJJ
CEEEEDDDDDDDDDDDDFHJJJJJJ
CEEEEDDDDDDDDDDDDFHJJJJJJ
CEEEEDDDDDDDDDDDDFHJJJJJJ
CEEEEDDDDDDDDDDDDFHJJJJJJ
CEEEEDDDDDDDDDDDDFHJJJJJJ
CEEEEDDDDDDDDDDDDFHJJJJJJ
CEEEEDDDDDDDDDDDDFHJJJJJJ
CEEEEDDDDDDDDDDDDFHJJJJJJ
CEEEEDDDDDDDDDDDDFHJJJJJJ
CEEEEDDDDDDDDDDDDFHJJJJJJ
CEEEEDDDDDDDDDDDDGHIIIIII
CEEEEDDDDDDDDDDDDGHIIIIII
CEEEEDDDDDDDDDDDDGHIIIIII
CEEEEDDDDDDDDDDDDGHIIIIII
Case #30:
TTTTTTTTTTTTTTTTPMMMBRYYY
TTTTTTTTTTTTTTTTPMMMBRYYY
TTTTTTTTTTTTTTTTPMMMBRYYY
TTTTTTTTTTTTTTTTPMMMBRYYY
TTTTTTTTTTTTTTTTPMMMBRYYY
TTTTTTTTTTTTTTTTPMMMBRYYY
TTTTTTTTTTTTTTTTPMMMBRYYY
TTTTTTTTTTTTTTTTPMMMBRYYY
TTTTTTTTTTTTTTTTPMMMBRYYY
TTTTTTTTTTTTTTTTPMMMBRYYY
TTTTTTTTTTTTTTTTPMMMBRYYY
TTTTTTTTTTTTTTTTPMMMBRYYY
TTTTTTTTTTTTTTTTPMMMBRYYY
TTTTTTTTTTTTTTTTPMMMBRYYY
TTTTTTTTTTTTTTTTPMMMBRYYY
TTTTTTTTTTTTTTTTPMMMBRYYY
WWWWWWWWWWWWWWWWPNVZBRYYY
JJJJJJJJJJJJJJJQPHVCBUYYY
JJJJJJJJJJJJJJJQPEVLBKXXX
JJJJJJJJJJJJJJJQAEVLGKXXX
JJJJJJJJJJJJJJJQSIFOGKXXX
JJJJJJJJJJJJJJJQSIDOGKXXX
JJJJJJJJJJJJJJJQSIDOGKXXX
JJJJJJJJJJJJJJJQSIDOGKXXX
JJJJJJJJJJJJJJJQSIDOGKXXX
Case #31:
CB
CA
Case #32:
AAAAAAAAAAAAAAAAAAAAAAAAA
BBBBBBBBBBBBBBBBBBBBBBBBB
CCCCCCCCCCCCCCCCCCCCCCCCC
DDDDDDDDDDDDDDDDDDDDDDDDD
EEEEEEEEEEEEEEEEEEEEEEEEE
FFFFFFFFFFFFFFFFFFFFFFFFF
GGGGGGGGGGGGGGGGGGGGGGGGG
HHHHHHHHHHHHHHHHHHHHHHHHH
IIIIIIIIIIIIIIIIIIIIIIIII
JJJJJJJJJJJJJJJJJJJJJJJJJ
KKKKKKKKKKKKKKKKKKKKKKKKK
LLLLLLLLLLLLLLLLLLLLLLLLL
MMMMMMMMMMMMMMMMMMMMMMMMM
NNNNNNNNNNNNNNNNNNNNNNNNN
OOOOOOOOOOOOOOOOOOOOOOOOO
PPPPPPPPPPPPPPPPPPPPPPPPP
QQQQQQQQQQQQQQQQQQQQQQQQQ
RRRRRRRRRRRRRRRRRRRRRRRRR
SSSSSSSSSSSSSSSSSSSSSSSSS
TTTTTTTTTTTTTTTTTTTTTTTTT
UUUUUUUUUUUUUUUUUUUUUUUUU
VVVVVVVVVVVVVVVVVVVVVVVVV
WWWWWWWWWWWWWWWWWWWWWWWWW
XXXXXXXXXXXXXXXXXXXXXXXXX
YYYYYYYYYYYYYYYYYYYYYYYYY
Case #33:
FFFFFFFFFFFFFFFFFFFFFFFFF
FFFFFFFFFFFFFFFFFFFFFFFFF
FFFFFFFFFFFFFFFFFFFFFFFFF
VOOOOOOOOOOOOOOOOOOOOOOOO
VOOOOOOOOOOOOOOOOOOOOOOOO
VCCGGGGGGGGGGGGGGGGGGSNNP
VCCGGGGGGGGGGGGGGGGGGSNNP
VCCGGGGGGGGGGGGGGGGGGSNNP
VCCGGGGGGGGGGGGGGGGGGSNNP
VCCDDDDDDDQQQQQQQQQQQSNNP
VCCDDDDDDDYYYYYMMMMMMSNNP
VCCDDDDDDDYYYYYMMMMMMSNNP
VCCAAAAAAAYYYYYMMMMMMSNNP
VCCWWWWWWWYYYYYXXJJJJSNNP
VCCWWWWWWWYYYYYXXJJJJSNNP
VCCWWWWWWWYYYYYXXJJJJHNNP
VCCWWWWWWWYYYYYXXJJJJHNNP
VCCBBBBBBBYYYYYXXJJJJHNNP
VCCBBBBBBBYYYYYXXJJJJHNNP
VCCTZZZZZLYYYYYEEJJJJHNNP
VCCTZZZZZLYYYYYEEJJJJHNNP
VCCTZZZZZLYYYYYEEJJJJHNNP
VCCTZZZZZLYYYYYEEJJJJHNNP
VCCTUUUUULYYYYYEEJJJJHNNP
VCCTUUUUULRKKKIEEJJJJHNNP
Case #34:
AAAAAAAAAAABBBBBBBBBBBBBB
AAAAAAAAAAABBBBBBBBBBBBBB
AAAAAAAAAAABBBBBBBBBBBBBB
AAAAAAAAAAABBBBBBBBBBBBBB
AAAAAAAAAAABBBBBBBBBBBBBB
AAAAAAAAAAABBBBBBBBBBBBBB
AAAAAAAAAAABBBBBBBBBBBBBB
AAAAAAAAAAABBBBBBBBBBBBBB
AAAAAAAAAAABBBBBBBBBBBBBB
AAAAAAAAAAABBBBBBBBBBBBBB
AAAAAAAAAAABBBBBBBBBBBBBB
AAAAAAAAAAABBBBBBBBBBBBBB
AAAAAAAAAAABBBBBBBBBBBBBB
AAAAAAAAAAABBBBBBBBBBBBBB
AAAAAAAAAAABBBBBBBBBBBBBB
AAAAAAAAAAABBBBBBBBBBBBBB
AAAAAAAAAAABBBBBBBBBBBBBB
AAAAAAAAAAABBBBBBBBBBBBBB
CCCCCCCEEEEBBBBBBBBBBBBBB
CCCCCCCEEEEDDDDDDDDDDDDDD
CCCCCCCEEEEDDDDDDDDDDDDDD
CCCCCCCEEEEDDDDDDDDDDDDDD
CCCCCCCEEEEDDDDDDDDDDDDDD
CCCCCCCEEEEDDDDDDDDDDDDDD
CCCCCCCEEEEDDDDDDDDDDDDDD
Case #35:
AAAAAAAAAAAAAAAAAAAAAAAAA
BBBBBBBBBBBBBBBBBBBBBBBBB
CCCCCCCCCCCCCCCCCCCCCCCCC
DDDDDDDDDDDDDDDDDDDDDDDDD
EEEEEEEEEEEEEEEEEEEEEEEEE
FFFFFFFFFFFFFFFFFFFFFFFFF
GGGGGGGGGGGGGGGGGGGGGGGGG
HHHHHHHHHHHHHHHHHHHHHHHHH
IIIIIIIIIIIIIIIIIIIIIIIII
JJJJJJJJJJJJJJJJJJJJJJJJJ
KKKKKKKKKKKKKKKKKKKKKKKKK
LLLLLLLLLLLLLLLLLLLLLLLLL
MMMMMMMMMMMMMMMMMMMMMMMMM
NNNNNNNNNNNNNNNNNNNNNNNNN
OOOOOOOOOOOOOOOOOOOOOOOOO
PPPPPPPPPPPPPPPPPPPPPPPPP
QQQQQQQQQQQQQQQQQQQQQQQQQ
RRRRRRRRRRRRRRRRRRRRRRRRR
SSSSSSSSSSSSSSSSSSSSSSSSS
TTTTTTTTTTTTTTTTTTTTTTTTT
UUUUUUUUUUUUUUUUUUUUUUUUU
VVVVVVVVVVVVVVVVVVVVVVVVV
WWWWWWWWWWWWWWWWWWWWWWWWW
XXXXXXXXXXXXXXXXXXXXXXXXX
YYYYYYYYYYYYYYYYYYYYYYYYY
Case #36:
AA
AA
Case #37:
AAAAAAAAAAAAABBBBBBBBBBBB
AAAAAAAAAAAAABBBBBBBBBBBB
AAAAAAAAAAAAABBBBBBBBBBBB
AAAAAAAAAAAAABBBBBBBBBBBB
AAAAAAAAAAAAABBBBBBBBBBBB
AAAAAAAAAAAAABBBBBBBBBBBB
AAAAAAAAAAAAABBBBBBBBBBBB
AAAAAAAAAAAAABBBBBBBBBBBB
AAAAAAAAAAAAABBBBBBBBBBBB
AAAAAAAAAAAAABBBBBBBBBBBB
AAAAAAAAAAAAABBBBBBBBBBBB
AAAAAAAAAAAAABBBBBBBBBBBB
AAAAAAAAAAAAABBBBBBBBBBBB
AAAAAAAAAAAAABBBBBBBBBBBB
AAAAAAAAAAAAABBBBBBBBBBBB
CCCCCCCCCEEEEBBBBBBBBBBBB
CCCCCCCCCEEEEDDDDDDDDDDDD
CCCCCCCCCEEEEDDDDDDDDDDDD
CCCCCCCCCEEEEDDDDDDDDDDDD
CCCCCCCCCEEEEDDDDDDDDDDDD
CCCCCCCCCEEEEDDDDDDDDDDDD
CCCCCCCCCEEEEDDDDDDDDDDDD
CCCCCCCCCEEEEDDDDDDDDDDDD
CCCCCCCCCEEEEDDDDDDDDDDDD
CCCCCCCCCEEEEDDDDDDDDDDDD
Case #38:
GGSCCIEEEEEFZZBBBBXAYYNNT
JJSMMIKVVRLFWPDQQQHOYYNNU
Case #39:
AAACEEEEEEEEEEEEEEEEEEEEE
AAACEEEEEEEEEEEEEEEEEEEEE
AAACEEEEEEEEEEEEEEEEEEEEE
AAACEEEEEEEEEEEEEEEEEEEEE
AAACEEEEEEEEEEEEEEEEEEEEE
AAACEEEEEEEEEEEEEEEEEEEEE
AAACEEEEEEEEEEEEEEEEEEEEE
BBBCDDDDDDDDDDDDFFFFFGGGG
BBBCDDDDDDDDDDDDFFFFFGGGG
BBBCDDDDDDDDDDDDFFFFFGGGG
BBBCDDDDDDDDDDDDFFFFFGGGG
BBBCDDDDDDDDDDDDFFFFFGGGG
BBBCDDDDDDDDDDDDFFFFFGGGG
BBBCDDDDDDDDDDDDFFFFFGGGG
BBBCDDDDDDDDDDDDFFFFFGGGG
BBBCDDDDDDDDDDDDFFFFFGGGG
BBBCDDDDDDDDDDDDFFFFFGGGG
BBBCDDDDDDDDDDDDFFFFFGGGG
BBBCDDDDDDDDDDDDFFFFFGGGG
BBBCDDDDDDDDDDDDFFFFFGGGG
BBBCDDDDDDDDDDDDHJJJJGGGG
BBBCDDDDDDDDDDDDHJJJJIIII
BBBCDDDDDDDDDDDDHJJJJIIII
BBBCDDDDDDDDDDDDHJJJJIIII
BBBCDDDDDDDDDDDDHJJJJIIII
Case #40:
YYYYYYYYYYYYYYYYYYYYYYYYY
YYYYYYYYYYYYYYYYYYYYYYYYY
YYYYYYYYYYYYYYYYYYYYYYYYY
YYYYYYYYYYYYYYYYYYYYYYYYY
YYYYYYYYYYYYYYYYYYYYYYYYY
YYYYYYYYYYYYYYYYYYYYYYYYY
YYYYYYYYYYYYYYYYYYYYYYYYY
YYYYYYYYYYYYYYYYYYYYYYYYY
YYYYYYYYYYYYYYYYYYYYYYYYY
YYYYYYYYYYYYYYYYYYYYYYYYY
YYYYYYYYYYYYYYYYYYYYYYYYY
YYYYYYYYYYYYYYYYYYYYYYYYY
YYYYYYYYYYYYYYYYYYYYYYYYY
YYYYYYYYYYYYYYYYYYYYYYYYY
LLLLEEEEEEEEEEEEEEEEEEEEE
LLLLHPRRRRRRRRRRRRRRRRRRR
OOOOHPVIIBBBWWWWWWWWWWWWW
ZFFFHPVIIBBBWWWWWWWWWWWWW
ZFFFAPVIIBBBWWWWWWWWWWWWW
ZFFFAPVIIKJJWWWWWWWWWWWWW
ZSSSACVIIKDDWWWWWWWWWWWWW
ZSSSACVGNKDDWWWWWWWWWWWWW
ZMMMACVGNKDDWWWWWWWWWWWWW
ZTTTACVGUKXXWWWWWWWWWWWWW
ZTTTACVGQKXXWWWWWWWWWWWWW
Case #41:
CCCYYYYYYYYYYYYYYYYYYYYYY
CCCYYYYYYYYYYYYYYYYYYYYYY
CCCYYYYYYYYYYYYYYYYYYYYYY
CCCYYYYYYYYYYYYYYYYYYYYYY
CCCRRHHLLLLLLLLLLLLLLLLLL
EETRRHHLLLLLLLLLLLLLLLLLL
EETBXHHLLLLLLLLLLLLLLLLLL
ZZNWXHHLLLLLLLLLLLLLLLLLL
ZZPWXHHSMMMDDDDDDDDDDDDDD
ZZPWXHHSMMMDDDDDDDDDDDDDD
ZZPWXHHSMMMDDDDDDDDDDDDDD
ZZPWXHHSKKIDDDDDDDDDDDDDD
ZZPWQHHSOOIDDDDDDDDDDDDDD
ZZPWFHHSJJIDDDDDDDDDDDDDD
ZZPWFGUSJJIDDDDDDDDDDDDDD
ZZPWFAUSJJIDDDDDDDDDDDDDD
ZZPWFAUSJJIDDDDDDDDDDDDDD
ZZPWFAUSJJIDDDDDDDDDDDDDD
ZZVWFAUSJJIDDDDDDDDDDDDDD
ZZVWFAUSJJIDDDDDDDDDDDDDD
ZZVWFAUSJJIDDDDDDDDDDDDDD
ZZVWFAUSJJIDDDDDDDDDDDDDD
ZZVWFAUSJJIDDDDDDDDDDDDDD
ZZVWFAUSJJIDDDDDDDDDDDDDD
ZZVWFAUSJJIDDDDDDDDDDDDDD
Case #42:
AAAAAAAAAAAAAAAAAAAAAAAAA
AAAAAAAAAAAAAAAAAAAAAAAAA
AAAAAAAAAAAAAAAAAAAAAAAAA
AAAAAAAAAAAAAAAAAAAAAAAAA
AAAAAAAAAAAAAAAAAAAAAAAAA
AAAAAAAAAAAAAAAAAAAAAAAAA
AAAAAAAAAAAAAAAAAAAAAAAAA
AAAAAAAAAAAAAAAAAAAAAAAAA
AAAAAAAAAAAAAAAAAAAAAAAAA
AAAAAAAAAAAAAAAAAAAAAAAAA
AAAAAAAAAAAAAAAAAAAAAAAAA
AAAAAAAAAAAAAAAAAAAAAAAAA
AAAAAAAAAAAAAAAAAAAAAAAAA
AAAAAAAAAAAAAAAAAAAAAAAAA
AAAAAAAAAAAAAAAAAAAAAAAAA
AAAAAAAAAAAAAAAAAAAAAAAAA
AAAAAAAAAAAAAAAAAAAAAAAAA
AAAAAAAAAAAAAAAAAAAAAAAAA
AAAAAAAAAAAAAAAAAAAAAAAAA
AAAAAAAAAAAAAAAAAAAAAAAAA
AAAAAAAAAAAAAAAAAAAAAAAAA
AAAAAAAAAAAAAAAAAAAAAAAAA
AAAAAAAAAAAAAAAAAAAAAAAAA
AAAAAAAAAAAAAAAAAAAAAAAAA
AAAAAAAAAAAAAAAAAAAAAAAAA
Case #43:
CCCCC
CCCCC
AAABB
AAABB
AAABB
Case #44:
AAAAAAAAAAAAAAAAAAAAAAAAA
AAAAAAAAAAAAAAAAAAAAAAAAA
AAAAAAAAAAAAAAAAAAAAAAAAA
AAAAAAAAAAAAAAAAAAAAAAAAA
AAAAAAAAAAAAAAAAAAAAAAAAA
AAAAAAAAAAAAAAAAAAAAAAAAA
AAAAAAAAAAAAAAAAAAAAAAAAA
AAAAAAAAAAAAAAAAAAAAAAAAA
AAAAAAAAAAAAAAAAAAAAAAAAA
AAAAAAAAAAAAAAAAAAAAAAAAA
JJUUUUUUUUUUUUUUUUUUUUUUU
TTUUUUUUUUUUUUUUUUUUUUUUU
CCEFFFFFFFFFFFFFFFFFFFFFF
QLEGGGGGGGGGGGGGGGGGGGGGG
QLEZZPPPPPPPPPPPPPPPPPPPP
QDNBMYRRRRRRRRRRRRRRRRRRR
QDNIXYRRRRRRRRRRRRRRRRRRR
KDNVXYRRRRRRRRRRRRRRRRRRR
SOWHXYRRRRRRRRRRRRRRRRRRR
SOWHXYRRRRRRRRRRRRRRRRRRR
SOWHXYRRRRRRRRRRRRRRRRRRR
SOWHXYRRRRRRRRRRRRRRRRRRR
SOWHXYRRRRRRRRRRRRRRRRRRR
SOWHXYRRRRRRRRRRRRRRRRRRR
SOWHXYRRRRRRRRRRRRRRRRRRR
Case #45:
ACEEEEEEEEEEEEEEEEEEEEEEE
ACEEEEEEEEEEEEEEEEEEEEEEE
ACEEEEEEEEEEEEEEEEEEEEEEE
ACEEEEEEEEEEEEEEEEEEEEEEE
ACEEEEEEEEEEEEEEEEEEEEEEE
ACEEEEEEEEEEEEEEEEEEEEEEE
ACEEEEEEEEEEEEEEEEEEEEEEE
ACEEEEEEEEEEEEEEEEEEEEEEE
ACEEEEEEEEEEEEEEEEEEEEEEE
BCDDDDDDDDDDDDDDDDDDDDDDD
BCDDDDDDDDDDDDDDDDDDDDDDD
BCDDDDDDDDDDDDDDDDDDDDDDD
BCDDDDDDDDDDDDDDDDDDDDDDD
BCDDDDDDDDDDDDDDDDDDDDDDD
BCDDDDDDDDDDDDDDDDDDDDDDD
BCDDDDDDDDDDDDDDDDDDDDDDD
BCDDDDDDDDDDDDDDDDDDDDDDD
BCDDDDDDDDDDDDDDDDDDDDDDD
BCDDDDDDDDDDDDDDDDDDDDDDD
BCDDDDDDDDDDDDDDDDDDDDDDD
BCDDDDDDDDDDDDDDDDDDDDDDD
BCDDDDDDDDDDDDDDDDDDDDDDD
BCDDDDDDDDDDDDDDDDDDDDDDD
BCDDDDDDDDDDDDDDDDDDDDDDD
BCDDDDDDDDDDDDDDDDDDDDDDD
Case #46:
EEEEEEEEEEEEEEEEEEEBBLLLM
EEEEEEEEEEEEEEEEEEEBBLLLM
EEEEEEEEEEEEEEEEEEEBBLLLM
EEEEEEEEEEEEEEEEEEEBBLLLM
EEEEEEEEEEEEEEEEEEEBBLLLM
EEEEEEEEEEEEEEEEEEEBBLLLM
FFFFFFFFFFFFFFFFFFFBBLLLM
DDDDDDDDDDDDDDDDDDDBBLLLM
DDDDDDDDDDDDDDDDDDDBBLLLM
DDDDDDDDDDDDDDDDDDDBBGSSM
HHHHHHHHHHHHHHHHHHHBBGSSM
VVVVTTTTTTTTTTTTOOOBBGSSM
VVVVTTTTTTTTTTTTOOOBBGSSM
VVVVTTTTTTTTTTTTOOOBBKSSM
VVVVTTTTTTTTTTTTOOOBBKSSM
VVVVUUCCCCCCCCCCOOOBBKSSM
VVVVUUZZZZZZZZNAOOOBBKSSM
VVVVUUZZZZZZZZNAOOOBBKSSM
VVVVUUZZZZZZZZNAIIIWWKRRM
VVVVUUQQQQQQQQNAIIIWWKRRM
VVVVUUQQQQQQQQNAXPPWWKRRM
VVVVUUQQQQQQQQNAXPPWWKRRM
VVVVUUQQQQQQQQNAXYYWWKRRM
VVVVUUQQQQQQQQNAXYYWWKRRM
VVVVUUQQQQQQQQNAXJJWWKRRM
Case #47:
ZZZZZZZZZZZNVVVDDDDDDTGGG
ZZZZZZZZZZZNVVVDDDDDDTGGG
ZZZZZZZZZZZNVVVDDDDDDTGGG
ZZZZZZZZZZZNVVVDDDDDDTGGG
XXXXXXXXXHINVVVDDDDDDTGGG
XXXXXXXXXHINVVVDDDDDDTGGG
XXXXXXXXXHINVVVDDDDDDTGGG
XXXXXXXXXHINVVVDDDDDDTGGG
XXXXXXXXXHINVVVDDDDDDTGGG
XXXXXXXXXHINVVVLLLLLLTGGG
YYYYUUUUKHINVVVLLLLLLTGGG
YYYYUUUUKHINVVVLLLLLLTGGG
YYYYUUUUKHINVVVLLLLLLTGGG
YYYYUUUUKHINVVVFFFFFFTGGG
YYYYUUUUKHINOOOPMMMJJTGGG
YYYYUUUUKHINOOOPMMMJJTAAA
YYYYUUUUKHINOOOPMMMCCTAAA
YYYYBBBBKHINOOOPMMMCCTAAA
YYYYBBBBKHINOOOPMMMCCTAAA
YYYYSSSSKHINOOOPMMMCCTWWW
YYYYSSSSKHINOOOPMMMCCTWWW
YYYYSSSSKHINOOOPMMMCCTWWW
YYYYSSSSKHINOOOPREECCTWWW
YYYYSSSSKHINOOOPREECCTQQQ
YYYYSSSSKHINOOOPREECCTQQQ
Case #48:
BBBB
BBBB
BBBB
AAAA
Case #49:
HHHHHHHHHHHHHHHHHHHWEEEJJ
HHHHHHHHHHHHHHHHHHHWEEEJJ
HHHHHHHHHHHHHHHHHHHWEEEJJ
HHHHHHHHHHHHHHHHHHHWEEEJJ
HHHHHHHHHHHHHHHHHHHWEEEJJ
YVVVVVVVVVVVSSSTIIIWEEEJJ
YVVVVVVVVVVVSSSTIIIWEEEJJ
YVVVVVVVVVVVSSSTIIIWEEEJJ
YMLLGGGGGGGGSSSTIIIWRRKJJ
YMLLGGGGGGGGSSSTIIIWRRKXX
YMLLGGGGGGGGSSSTIIIWRRKXX
YMLLGGGGGGGGSSSTIIIWRRKXX
YMLLGGGGGGGGSSSTIIIWRRKXX
YMLLGGGGGGGGSSSTIIIWOOKXX
YMLLGGGGGGGGSSSTIIIWOOKXX
YMLLFCCCCCCCSSSTIIIWOOKXX
YQLLFCCCCCCCSSSTIIIWOOKXX
YQLLFCCCCCCCSSSTIIIWOOKXX
YQLLFCCCCCCCSSSTIIIWOOKXX
YQLLFCCCCCCCSSSTIIIWOOKXX
YQLLFCCCCCCCSSSTIIIWOOKXX
YQLLFCCCCCCCDDDTIIIWOOKXX
YQLLFCCCCCCCDDDTIIIWOOKXX
YQLLFBBBZZNPDDDTIIIAOOKXX
YQLLFBBBZZNPUUUTIIIAOOKXX
Case #50:
RRRRRRRRRRRRRRRRRRRRRRRRR
RRRRRRRRRRRRRRRRRRRRRRRRR
RRRRRRRRRRRRRRRRRRRRRRRRR
RRRRRRRRRRRRRRRRRRRRRRRRR
RRRRRRRRRRRRRRRRRRRRRRRRR
RRRRRRRRRRRRRRRRRRRRRRRRR
RRRRRRRRRRRRRRRRRRRRRRRRR
RRRRRRRRRRRRRRRRRRRRRRRRR
RRRRRRRRRRRRRRRRRRRRRRRRR
RRRRRRRRRRRRRRRRRRRRRRRRR
RRRRRRRRRRRRRRRRRRRRRRRRR
RRRRRRRRRRRRRRRRRRRRRRRRR
VVVVVVVVVVVVVVVVVVVVVVVVV
VVVVVVVVVVVVVVVVVVVVVVVVV
XXSSSSSSSSSSSSSSSSSSSSSSS
XXSSSSSSSSSSSSSSSSSSSSSSS
XXAKKKKKKKKKKKKKKKKKKKKKK
LBAPMYYYYYYYYYYYYYYYYYYYY
LBAPMJJJJJJJJJJJJJJJJJJJJ
LBAPDZFFIIIIIIIIIIIIIIIII
LBAPDZFFIIIIIIIIIIIIIIIII
LBAPDZFFIIIIIIIIIIIIIIIII
LBAPTZFFNEEEEEEEEEEEEEEEE
LUWPCZQQNEEEEEEEEEEEEEEEE
GUWPOZQQNHHHHHHHHHHHHHHHH
Case #51:
JGBKEDDIICFLLHHMMMMAAAAAA
Case #52:
ABCDEFGHIJKLMNOPQRSTUVWXY
ABCDEFGHIJKLMNOPQRSTUVWXY
ABCDEFGHIJKLMNOPQRSTUVWXY
ABCDEFGHIJKLMNOPQRSTUVWXY
ABCDEFGHIJKLMNOPQRSTUVWXY
ABCDEFGHIJKLMNOPQRSTUVWXY
ABCDEFGHIJKLMNOPQRSTUVWXY
ABCDEFGHIJKLMNOPQRSTUVWXY
ABCDEFGHIJKLMNOPQRSTUVWXY
ABCDEFGHIJKLMNOPQRSTUVWXY
ABCDEFGHIJKLMNOPQRSTUVWXY
ABCDEFGHIJKLMNOPQRSTUVWXY
ABCDEFGHIJKLMNOPQRSTUVWXY
ABCDEFGHIJKLMNOPQRSTUVWXY
ABCDEFGHIJKLMNOPQRSTUVWXY
ABCDEFGHIJKLMNOPQRSTUVWXY
ABCDEFGHIJKLMNOPQRSTUVWXY
ABCDEFGHIJKLMNOPQRSTUVWXY
ABCDEFGHIJKLMNOPQRSTUVWXY
ABCDEFGHIJKLMNOPQRSTUVWXY
ABCDEFGHIJKLMNOPQRSTUVWXY
ABCDEFGHIJKLMNOPQRSTUVWXY
ABCDEFGHIJKLMNOPQRSTUVWXY
ABCDEFGHIJKLMNOPQRSTUVWXY
ABCDEFGHIJKLMNOPQRSTUVWXY
Case #53:
KKKKKKKKKKKKKKKKKKKKKKKKK
KKKKKKKKKKKKKKKKKKKKKKKKK
KKKKKKKKKKKKKKKKKKKKKKKKK
KKKKKKKKKKKKKKKKKKKKKKKKK
KKKKKKKKKKKKKKKKKKKKKKKKK
KKKKKKKKKKKKKKKKKKKKKKKKK
KKKKKKKKKKKKKKKKKKKKKKKKK
KKKKKKKKKKKKKKKKKKKKKKKKK
KKKKKKKKKKKKKKKKKKKKKKKKK
KKKKKKKKKKKKKKKKKKKKKKKKK
KKKKKKKKKKKKKKKKKKKKKKKKK
KKKKKKKKKKKKKKKKKKKKKKKKK
KKKKKKKKKKKKKKKKKKKKKKKKK
GOOLLHHHHHWCCCCCCCCCCCCCC
GOOLLHHHHHWCCCCCCCCCCCCCC
GOOLLHHHHHWCCCCCCCCCCCCCC
GOOLLHHHHHWCCCCCCCCCCCCCC
GQALLNNNNNWCCCCCCCCCCCCCC
GQALLSSIIPFCCCCCCCCCCCCCC
GQAUUSSBBPFCCCCCCCCCCCCCC
VQXZZSSEEPFCCCCCCCCCCCCCC
VQMRJSSEEPFCCCCCCCCCCCCCC
VQYRJDDEEPFCCCCCCCCCCCCCC
VQYRJTTEEPFCCCCCCCCCCCCCC
VQYRJTTEEPFCCCCCCCCCCCCCC
Case #54:
OOOOOOOOBBNNNNNNNNNNNNNNC
OOOOOOOOBBNNNNNNNNNNNNNNC
OOOOOOOOBBNNNNNNNNNNNNNNC
IIIIIRRRBBNNNNNNNNNNNNNNG
IIIIIRRRBBQXXXXXXXXXXXXXG
SSSSZRRRBBQHHHHHHHHHHHHHG
SSSSZRRRBBQHHHHHHHHHHHHHG
SSSSZRRRBBQUUUUFFFFFFFFFG
SSSSZRRRBBQUUUUFFFFFFFFFG
SSSSZRRRBBQUUUUFFFFFFFFFG
SSSSZRRREAQUUUUFFFFFFFFFG
SSSSZRRREAQUUUUFFFFFFFFFG
SSSSZPDDEAQUUUUFFFFFFFFFG
SSSSZPDDEAQUUUUJJJTTTTTTG
SSSSZPDDEAQUUUUJJJTTTTTTG
SSSSZPDDEAQUUUUJJJTTTTTTG
SSSSZPDDEAQUUUUJJJTTTTTTG
SSSSZPDDEAQVVVVJJJTTTTTTG
SSSSZPDDEAQVVVVJJJTTTTTTG
SSSSZWDDEAQVVVVJJJTTTTTTG
SSSSZWDDEAQVVVVJJJTTTTTTG
SSSSZWDDEAQYYYYJJJKKKKKKG
SSSSZWDDEAQLMMMJJJKKKKKKG
SSSSZWDDEAQLMMMJJJKKKKKKG
SSSSZWDDEAQLMMMJJJKKKKKKG
Case #55:
AAAAAAAAAAAAAAAAAAAAAAAAB
AAAAAAAAAAAAAAAAAAAAAAAAB
AAAAAAAAAAAAAAAAAAAAAAAAB
AAAAAAAAAAAAAAAAAAAAAAAAB
AAAAAAAAAAAAAAAAAAAAAAAAB
AAAAAAAAAAAAAAAAAAAAAAAAB
AAAAAAAAAAAAAAAAAAAAAAAAB
AAAAAAAAAAAAAAAAAAAAAAAAB
AAAAAAAAAAAAAAAAAAAAAAAAB
AAAAAAAAAAAAAAAAAAAAAAAAB
CCCCCCCCCCCCCCCCCCCCEEEEB
CCCCCCCCCCCCCCCCCCCCEEEED
CCCCCCCCCCCCCCCCCCCCEEEED
CCCCCCCCCCCCCCCCCCCCEEEED
CCCCCCCCCCCCCCCCCCCCEEEED
CCCCCCCCCCCCCCCCCCCCEEEED
CCCCCCCCCCCCCCCCCCCCEEEED
CCCCCCCCCCCCCCCCCCCCEEEED
CCCCCCCCCCCCCCCCCCCCEEEED
CCCCCCCCCCCCCCCCCCCCEEEED
CCCCCCCCCCCCCCCCCCCCEEEED
CCCCCCCCCCCCCCCCCCCCEEEED
CCCCCCCCCCCCCCCCCCCCEEEED
CCCCCCCCCCCCCCCCCCCCEEEED
CCCCCCCCCCCCCCCCCCCCEEEED
Case #56:
FFFFFFFFFFFFFFFFFFFFFFFFX
FFFFFFFFFFFFFFFFFFFFFFFFX
FFFFFFFFFFFFFFFFFFFFFFFFX
AAAAAAAAAAAAAAAAAAAAAAAAX
BBBBBBBBBBBBBBBBBBBBBBBTS
RRRRRRRRRRRRRRRRRRRRRVZQS
NNNNNNNNNNNNNNNNNNNCCVZQS
NNNNNNNNNNNNNNNNNNNCCVZMO
NNNNNNNNNNNNNNNNNNNYKVEMP
NNNNNNNNNNNNNNNNNNNYKWJMP
NNNNNNNNNNNNNNNNNNNYKWJUD
NNNNNNNNNNNNNNNNNNNYKWHUL
NNNNNNNNNNNNNNNNNNNYKWHGL
NNNNNNNNNNNNNNNNNNNYKWHGL
NNNNNNNNNNNNNNNNNNNYKWHGI
NNNNNNNNNNNNNNNNNNNYKWHGI
NNNNNNNNNNNNNNNNNNNYKWHGI
NNNNNNNNNNNNNNNNNNNYKWHGI
NNNNNNNNNNNNNNNNNNNYKWHGI
NNNNNNNNNNNNNNNNNNNYKWHGI
NNNNNNNNNNNNNNNNNNNYKWHGI
NNNNNNNNNNNNNNNNNNNYKWHGI
NNNNNNNNNNNNNNNNNNNYKWHGI
NNNNNNNNNNNNNNNNNNNYKWHGI
NNNNNNNNNNNNNNNNNNNYKWHGI
Case #57:
AAA
AAA
AAA
AAA
AAA
Case #58:
ABCDEFGHIJKLMNOPQRSTUVWXY
ABCDEFGHIJKLMNOPQRSTUVWXY
ABCDEFGHIJKLMNOPQRSTUVWXY
ABCDEFGHIJKLMNOPQRSTUVWXY
ABCDEFGHIJKLMNOPQRSTUVWXY
ABCDEFGHIJKLMNOPQRSTUVWXY
ABCDEFGHIJKLMNOPQRSTUVWXY
ABCDEFGHIJKLMNOPQRSTUVWXY
ABCDEFGHIJKLMNOPQRSTUVWXY
ABCDEFGHIJKLMNOPQRSTUVWXY
ABCDEFGHIJKLMNOPQRSTUVWXY
ABCDEFGHIJKLMNOPQRSTUVWXY
ABCDEFGHIJKLMNOPQRSTUVWXY
ABCDEFGHIJKLMNOPQRSTUVWXY
ABCDEFGHIJKLMNOPQRSTUVWXY
ABCDEFGHIJKLMNOPQRSTUVWXY
ABCDEFGHIJKLMNOPQRSTUVWXY
ABCDEFGHIJKLMNOPQRSTUVWXY
ABCDEFGHIJKLMNOPQRSTUVWXY
ABCDEFGHIJKLMNOPQRSTUVWXY
ABCDEFGHIJKLMNOPQRSTUVWXY
ABCDEFGHIJKLMNOPQRSTUVWXY
ABCDEFGHIJKLMNOPQRSTUVWXY
ABCDEFGHIJKLMNOPQRSTUVWXY
ABCDEFGHIJKLMNOPQRSTUVWXY
Case #59:
JJJJJJJJJJJMXXXXXXXXXXVVV
JJJJJJJJJJJMXXXXXXXXXXVVV
JJJJJJJJJJJMXXXXXXXXXXVVV
WWWKHHHHHHHMXXXXXXXXXXVVV
WWWKHHHHHHHMXXXXXXXXXXVVV
WWWKHHHHHHHMXXXXXXXXXXVVV
WWWKHHHHHHHMXXXXXXXXXXVVV
WWWKHHHHHHHMXXXXXXXXXXVVV
WWWKHHHHHHHMXXXXXXXXXXVVV
WWWKHHHHHHHMXXXXXXXXXXZZZ
NNNKHHHHHHHMUUUUUUUUPTZZZ
NNNKQOOOOOOMUUUUUUUUPTZZZ
NNNKQOOOOOOMUUUUUUUUPTZZZ
NNNKQOOOOOOMUUUUUUUUPTZZZ
NNNKQOOOOOOMUUUUUUUUPTZZZ
NNNKQOOOOOOMUUUUUUUUPTZZZ
NNNKQOOOOOOMUUUUUUUUPTZZZ
NNNKQEEEIIIMUUUUUUUUPTFFF
NNNKQEEEIIIMAAAARRLLPTFFF
NNNKQEEEIIIMAAAARRLLPTFFF
NNNKQEEEIIIMAAAARRLLPTFFF
NNNKQEEEIIIMBBBBRRSYPTFFF
NNNKQEEEIIIMBBBBRRSYPTFFF
NNNKQEEEGGGMBBBBCCSYPTFFF
NNNKQEEEDDDMBBBBCCSYPTFFF
Case #60:
AAAAAAAAAAAACEEEEEEEEEEEE
AAAAAAAAAAAACEEEEEEEEEEEE
AAAAAAAAAAAACEEEEEEEEEEEE
AAAAAAAAAAAACEEEEEEEEEEEE
AAAAAAAAAAAACEEEEEEEEEEEE
AAAAAAAAAAAACEEEEEEEEEEEE
AAAAAAAAAAAACEEEEEEEEEEEE
AAAAAAAAAAAACEEEEEEEEEEEE
AAAAAAAAAAAACEEEEEEEEEEEE
AAAAAAAAAAAACEEEEEEEEEEEE
AAAAAAAAAAAACEEEEEEEEEEEE
BBBBBBBBBBBBCDDDDDDDDDDDD
BBBBBBBBBBBBCDDDDDDDDDDDD
BBBBBBBBBBBBCDDDDDDDDDDDD
BBBBBBBBBBBBCDDDDDDDDDDDD
BBBBBBBBBBBBCDDDDDDDDDDDD
BBBBBBBBBBBBCDDDDDDDDDDDD
BBBBBBBBBBBBCDDDDDDDDDDDD
BBBBBBBBBBBBCDDDDDDDDDDDD
BBBBBBBBBBBBCDDDDDDDDDDDD
BBBBBBBBBBBBCDDDDDDDDDDDD
BBBBBBBBBBBBCDDDDDDDDDDDD
BBBBBBBBBBBBCDDDDDDDDDDDD
BBBBBBBBBBBBCDDDDDDDDDDDD
BBBBBBBBBBBBCDDDDDDDDDDDD
Case #61:
AAAA
AAAA
BBBB
Case #62:
GGGGGGGGGGGGGGOOOMMMMMMMM
GGGGGGGGGGGGGGOOOMMMMMMMM
GGGGGGGGGGGGGGOOOMMMMMMMM
GGGGGGGGGGGGGGOOOMMMMMMMM
GGGGGGGGGGGGGGOOOMMMMMMMM
GGGGGGGGGGGGGGOOOMMMMMMMM
GGGGGGGGGGGGGGOOOMMMMMMMM
GGGGGGGGGGGGGGOOOMMMMMMMM
GGGGGGGGGGGGGGOOOMMMMMMMM
GGGGGGGGGGGGGGOOOMMMMMMMM
GGGGGGGGGGGGGGOOOMMMMMMMM
GGGGGGGGGGGGGGOOOMMMMMMMM
GGGGGGGGGGGGGGOOOMMMMMMMM
JJJJJJJJJJJJJJFKWMMMMMMMM
LLLLLLLLLLLUYYFKWXVVVEEEE
SSSSSSSSSSPUYYFKWXVVVEEEE
QQQQQQQQQQPUHBFKWXVVVEEEE
QQQQQQQQQQPZHBFKWCDDDEEEE
QQQQQQQQQQPZABFKWCDDDEEEE
QQQQQQQQQQPNABFKTRDDDEEEE
QQQQQQQQQQPNABFKTRDDDEEEE
QQQQQQQQQQPNAIFKTRDDDEEEE
QQQQQQQQQQPNAIFKTRDDDEEEE
QQQQQQQQQQPNAIFKTRDDDEEEE
QQQQQQQQQQPNAIFKTRDDDEEEE
Case #63:
ZZZZZZZZZZZZZMMMMMMMMMMMM
ZZZZZZZZZZZZZMMMMMMMMMMMM
ZZZZZZZZZZZZZMMMMMMMMMMMM
ZZZZZZZZZZZZZQQDDDDUUUUUU
ZZZZZZZZZZZZZQQDDDDUUUUUU
ZZZZZZZZZZZZZQQDDDDUUUUUU
ZZZZZZZZZZZZZQQDDDDKKKKKK
ZZZZZZZZZZZZZQQDDDDKKKKKK
HHHHHHRRRRRRRQQDDDDKKKKKK
HHHHHHRRRRRRRQQDDDDGGGGGG
HHHHHHRRRRRRRQQDDDDOXXXXX
HHHHHHRRRRRRRQQDDDDOXXXXX
HHHHHHPPPPTTJQQDDDDOXXXXX
HHHHHHPPPPTTJQQDDDDOXXXXX
SSSIIIPPPPCBJQQDDDDOVVEEE
SSSIIIPPPPCBJQQNNNNOVVEEE
SSSIIIPPPPCBJQQNNNNOVVEEE
SSSIIIPPPPCBJQQNNNNOVVEEE
SSSIIIPPPPCAJQQNNNNOVVEEE
SSSIIIYYYYCAJQQNNNNOVVEEE
SSSIIIYYYYCAJQQNNNNOVVEEE
SSSIIIYYYYCAJQQLLLLOVVEEE
FFFIIIYYYYCAJQQLLLLOVVEEE
FFFIIIYYYYCAJQQLLLLOVVEEE
FFFIIIYYYYCAWQQLLLLOVVEEE
Case #64:
HHHHHHHHHHHHHHHHHHHHIIAAB
HHHHHHHHHHHHHHHHHHHHIIAAB
EEEEEEEEEEEEEEEEEEEEIIAAB
EEEEEEEEEEEEEEEEEEEEIIAAB
EEEEEEEEEEEEEEEEEEEEIIAAB
KKKKKKKKKKTTTTFFFFFFIIAAB
MMMMMMMMMMTTTTFFFFFFIIAAB
MMMMMMMMMMTTTTFFFFFFIIAAB
MMMMMMMMMMTTTTFFFFFFIIDXB
ZZZZZZZZZZTTTTFFFFFFVVDXB
WWWWWWWWWWTTTTFFFFFFVVDXB
WWWWWWWWWWTTTTFFFFFFVVDXB
WWWWWWWWWWTTTTFFFFFFVVDXB
YGGGGNNLLLTTTTPPCJJJVVDXB
YGGGGNNLLLTTTTPPCJJJQSDXB
YGGGGNNLLLTTTTPPCJJJQSDXB
YGGGGNNLLLTTTTPPCJJJQSDXB
YGGGGNNLLLTTTTPPCJJJQSDXB
YGGGGNNLLLTTTTPPCJJJQSDXB
YGGGGNNLLLOOOUPPCJJJQSDXB
YGGGGNNLLLOOOUPPCJJJQSDXB
YGGGGNNLLLOOOUPPCJJJQSDXB
YGGGGNNLLLOOOUPPCJJJQSDXB
YGGGGNNLLLOOOUPPCJJJQSDXR
YGGGGNNLLLOOOUPPCJJJQSDXR
Case #65:
AAAAAAAAAAAAAAAAAAAAAAAAA
BBBBBBBBBBBBBBBBBBBBBBBBB
CCCCCCCCCCCCCCCCCCCCCCCCC
DDDDDDDDDDDDDDDDDDDDDDDDD
EEEEEEEEEEEEEEEEEEEEEEEEE
FFFFFFFFFFFFFFFFFFFFFFFFF
GGGGGGGGGGGGGGGGGGGGGGGGG
HHHHHHHHHHHHHHHHHHHHHHHHH
IIIIIIIIIIIIIIIIIIIIIIIII
JJJJJJJJJJJJJJJJJJJJJJJJJ
KKKKKKKKKKKKKKKKKKKKKKKKK
LLLLLLLLLLLLLLLLLLLLLLLLL
MMMMMMMMMMMMMMMMMMMMMMMMM
NNNNNNNNNNNNNNNNNNNNNNNNN
OOOOOOOOOOOOOOOOOOOOOOOOO
PPPPPPPPPPPPPPPPPPPPPPPPP
QQQQQQQQQQQQQQQQQQQQQQQQQ
RRRRRRRRRRRRRRRRRRRRRRRRR
SSSSSSSSSSSSSSSSSSSSSSSSS
TTTTTTTTTTTTTTTTTTTTTTTTT
UUUUUUUUUUUUUUUUUUUUUUUUU
VVVVVVVVVVVVVVVVVVVVVVVVV
WWWWWWWWWWWWWWWWWWWWWWWWW
XXXXXXXXXXXXXXXXXXXXXXXXX
YYYYYYYYYYYYYYYYYYYYYYYYY
Case #66:
AAAAAAAAAAAAAAAAAAAAAALLL
QQQQQQQQQQQQQQQQVVVVSSKNN
QQQQQQQQQQQQQQQQVVVVSSKNN
MMMMMMMMMMMMMMMMVVVVBZKNN
MMMMMMMMMMMMMMMMIIIIBZKNN
MMMMMMMMMMMMMMMMHFFEBZKNN
MMMMMMMMMMMMMMMMHFFEYZKOO
MMMMMMMMMMMMMMMMHFFEYZKTJ
MMMMMMMMMMMMMMMMHFFXYDKTJ
MMMMMMMMMMMMMMMMHFFXYDUTJ
MMMMMMMMMMMMMMMMHFFXYDPTJ
MMMMMMMMMMMMMMMMHFFXYDPTJ
MMMMMMMMMMMMMMMMHFFXYRPWJ
MMMMMMMMMMMMMMMMHFFXYRGCJ
MMMMMMMMMMMMMMMMHFFXYRGCJ
MMMMMMMMMMMMMMMMHFFXYRGCJ
MMMMMMMMMMMMMMMMHFFXYRGCJ
MMMMMMMMMMMMMMMMHFFXYRGCJ
MMMMMMMMMMMMMMMMHFFXYRGCJ
MMMMMMMMMMMMMMMMHFFXYRGCJ
MMMMMMMMMMMMMMMMHFFXYRGCJ
MMMMMMMMMMMMMMMMHFFXYRGCJ
MMMMMMMMMMMMMMMMHFFXYRGCJ
MMMMMMMMMMMMMMMMHFFXYRGCJ
MMMMMMMMMMMMMMMMHFFXYRGCJ
Case #67:
ABCDEFGHIJKLMNOPQRSTUVWXY
ABCDEFGHIJKLMNOPQRSTUVWXY
ABCDEFGHIJKLMNOPQRSTUVWXY
ABCDEFGHIJKLMNOPQRSTUVWXY
ABCDEFGHIJKLMNOPQRSTUVWXY
ABCDEFGHIJKLMNOPQRSTUVWXY
ABCDEFGHIJKLMNOPQRSTUVWXY
ABCDEFGHIJKLMNOPQRSTUVWXY
ABCDEFGHIJKLMNOPQRSTUVWXY
ABCDEFGHIJKLMNOPQRSTUVWXY
ABCDEFGHIJKLMNOPQRSTUVWXY
ABCDEFGHIJKLMNOPQRSTUVWXY
ABCDEFGHIJKLMNOPQRSTUVWXY
ABCDEFGHIJKLMNOPQRSTUVWXY
ABCDEFGHIJKLMNOPQRSTUVWXY
ABCDEFGHIJKLMNOPQRSTUVWXY
ABCDEFGHIJKLMNOPQRSTUVWXY
ABCDEFGHIJKLMNOPQRSTUVWXY
ABCDEFGHIJKLMNOPQRSTUVWXY
ABCDEFGHIJKLMNOPQRSTUVWXY
ABCDEFGHIJKLMNOPQRSTUVWXY
ABCDEFGHIJKLMNOPQRSTUVWXY
ABCDEFGHIJKLMNOPQRSTUVWXY
ABCDEFGHIJKLMNOPQRSTUVWXY
ABCDEFGHIJKLMNOPQRSTUVWXY
Case #68:
EEEEEEEEEEEEEEEEEEEEEEEEE
EEEEEEEEEEEEEEEEEEEEEEEEE
EEEEEEEEEEEEEEEEEEEEEEEEE
EEEEEEEEEEEEEEEEEEEEEEEEE
EEEEEEEEEEEEEEEEEEEEEEEEE
EEEEEEEEEEEEEEEEEEEEEEEEE
EEEEEEEEEEEEEEEEEEEEEEEEE
EEEEEEEEEEEEEEEEEEEEEEEEE
EEEEEEEEEEEEEEEEEEEEEEEEE
EEEEEEEEEEEEEEEEEEEEEEEEE
EEEEEEEEEEEEEEEEEEEEEEEEE
EEEEEEEEEEEEEEEEEEEEEEEEE
EEEEEEEEEEEEEEEEEEEEEEEEE
EEEEEEEEEEEEEEEEEEEEEEEEE
EEEEEEEEEEEEEEEEEEEEEEEEE
EEEEEEEEEEEEEEEEEEEEEEEEE
EEEEEEEEEEEEEEEEEEEEEEEEE
VVVVVVVVVVIHHHHHHHHHHHHHH
MMMMMMMMMXIHHHHHHHHHHHHHH
BBBBBBWSSXIKKKKKKKKKKKKKK
NNNNNNQZFXICRRYYYYYYYYYYY
UUUUUUQJGLACRRYYYYYYYYYYY
UUUUUUQOGLACPPYYYYYYYYYYY
UUUUUUQOGLDCPPYYYYYYYYYYY
UUUUUUQOGTDCPPYYYYYYYYYYY
Case #69:
IIIIIIIDDDDDDDDDDDDDDDDDD
IIIIIIIDDDDDDDDDDDDDDDDDD
IIIIIIIDDDDDDDDDDDDDDDDDD
IIIIIIIDDDDDDDDDDDDDDDDDD
IIIIIIIOOOONNNNNNNNNNLLLL
IIIIIIIOOOONNNNNNNNNNLLLL
IIIIIIIOOOOGGTCCCCCPBLLLL
IIIIIIIHHRRGGTCCCCCPBLLLL
IIIIIIIHHRRGGTCCCCCPBLLLL
IIIIIIIHHRRGGTCCCCCPBJUUU
IIIIIIIHHRRGGTCCCCCPBJUUU
IIIIIIIHHRRGGTCCCCCPBJUUU
WWWWWWWHHEEGGTCCCCCPBJQSS
WWWWWWWHHEEGGTCCCCCPBJQSS
WWWWWWWHHEEGGTCCCCCPBJQSS
WWWWWWWHHFFGGTCCCCCPBJQSS
WWWWWWWHHFFGGTCCCCCPBJQVV
WWWWWWWHHFFGGTCCCCCPBJQVV
WWWWWWWHHFFGGTCCCCCPBJQVV
WWWWWWWHHFFGGTCCCCCPBJQVV
WWWWWWWHHKKGGTCCCCCPBJXVV
WWWWWWWHHKKGGTYYYYYPBJZVV
WWWWWWWHHKKGGTYYYYYPBJZVV
WWWWWWWHHKKGGTYYYYYPBJZMM
WWWWWWWHHKKGGTYYYYYPBJAMM
Case #70:
ABCDEFGHIJKLMNOPQRSTUVWXY
ABCDEFGHIJKLMNOPQRSTUVWXY
ABCDEFGHIJKLMNOPQRSTUVWXY
ABCDEFGHIJKLMNOPQRSTUVWXY
ABCDEFGHIJKLMNOPQRSTUVWXY
ABCDEFGHIJKLMNOPQRSTUVWXY
ABCDEFGHIJKLMNOPQRSTUVWXY
ABCDEFGHIJKLMNOPQRSTUVWXY
ABCDEFGHIJKLMNOPQRSTUVWXY
ABCDEFGHIJKLMNOPQRSTUVWXY
ABCDEFGHIJKLMNOPQRSTUVWXY
ABCDEFGHIJKLMNOPQRSTUVWXY
ABCDEFGHIJKLMNOPQRSTUVWXY
ABCDEFGHIJKLMNOPQRSTUVWXY
ABCDEFGHIJKLMNOPQRSTUVWXY
ABCDEFGHIJKLMNOPQRSTUVWXY
ABCDEFGHIJKLMNOPQRSTUVWXY
ABCDEFGHIJKLMNOPQRSTUVWXY
ABCDEFGHIJKLMNOPQRSTUVWXY
ABCDEFGHIJKLMNOPQRSTUVWXY
ABCDEFGHIJKLMNOPQRSTUVWXY
ABCDEFGHIJKLMNOPQRSTUVWXY
ABCDEFGHIJKLMNOPQRSTUVWXY
ABCDEFGHIJKLMNOPQRSTUVWXY
ABCDEFGHIJKLMNOPQRSTUVWXY
Case #71:
AAAAAAAAAAAAAAAAAAAAAAAAA
BBBBBBBBBBBBBBBBBBBBBBBBB
CCCCCCCCCCCCCCCCCCCCCCCCC
DDDDDDDDDDDDDDDDDDDDDDDDD
EEEEEEEEEEEEEEEEEEEEEEEEE
FFFFFFFFFFFFFFFFFFFFFFFFF
GGGGGGGGGGGGGGGGGGGGGGGGG
HHHHHHHHHHHHHHHHHHHHHHHHH
IIIIIIIIIIIIIIIIIIIIIIIII
JJJJJJJJJJJJJJJJJJJJJJJJJ
KKKKKKKKKKKKKKKKKKKKKKKKK
LLLLLLLLLLLLLLLLLLLLLLLLL
MMMMMMMMMMMMMMMMMMMMMMMMM
NNNNNNNNNNNNNNNNNNNNNNNNN
OOOOOOOOOOOOOOOOOOOOOOOOO
PPPPPPPPPPPPPPPPPPPPPPPPP
QQQQQQQQQQQQQQQQQQQQQQQQQ
RRRRRRRRRRRRRRRRRRRRRRRRR
SSSSSSSSSSSSSSSSSSSSSSSSS
TTTTTTTTTTTTTTTTTTTTTTTTT
UUUUUUUUUUUUUUUUUUUUUUUUU
VVVVVVVVVVVVVVVVVVVVVVVVV
WWWWWWWWWWWWWWWWWWWWWWWWW
XXXXXXXXXXXXXXXXXXXXXXXXX
YYYYYYYYYYYYYYYYYYYYYYYYY
Case #72:
GGGGGXXXXXXXXXXXXXXXXXXXX
GGGGGXXXXXXXXXXXXXXXXXXXX
GGGGGXXXXXXXXXXXXXXXXXXXX
GGGGGXXXXXXXXXXXXXXXXXXXX
GGGGGXXXXXXXXXXXXXXXXXXXX
GGGGGWWWJJIITTTTTTTTTTTTT
GGGGGWWWJJIITTTTTTTTTTTTT
GGGGGWWWJJIITTTTTTTTTTTTT
EYYCQWWWJJIITTTTTTTTTTTTT
EYYCQWWWJJIILLLLLLLLLLLLL
EYYCQWWWJJIIBBBBBBBBBBKNN
EYYCQWWWJJIIBBBBBBBBBBKNN
EYYCQWWWJJIIBBBBBBBBBBKNN
EYYCQWWWJJIIBBBBBBBBBBKNN
EYYCQWWWJJIIPPPPPPPPMMKNN
EYYCQWWWJJIIPPPPPPPPMMKNN
EAACQWWWJJIIPPPPPPPPMMKNN
EAACQWWWJJIIPPPPPPPPMMKNN
EAACQWWWRRIIPPPPPPPPMMKNN
EAACQWWWRRIIPPPPPPPPMMKNN
EAACQWWWRRIIHHHHHHHHMMKNN
EAACQWWWDDIIHHHHHHHHMMKNN
EAACQWWWDDIIHHHHHHHHOUKVV
EAACQWWWDDIIHHHHHHHHOUKSS
EAACQWWWZZFFHHHHHHHHOUKSS
Case #73:
AAA
AAA
AAA
AAA
Case #74:
A
A
Case #75:
A
B
Case #76:
GGA
CCE
BDF
Case #77:
F
F
D
D
D
M
M
H
C
G
E
E
B
B
B
B
K
I
I
A
A
J
J
L
L
Case #78:
AAACEEEEEEEEEEEEEEEEEEEEE
AAACEEEEEEEEEEEEEEEEEEEEE
AAACEEEEEEEEEEEEEEEEEEEEE
AAACEEEEEEEEEEEEEEEEEEEEE
AAACEEEEEEEEEEEEEEEEEEEEE
AAACEEEEEEEEEEEEEEEEEEEEE
AAACEEEEEEEEEEEEEEEEEEEEE
AAACEEEEEEEEEEEEEEEEEEEEE
AAACEEEEEEEEEEEEEEEEEEEEE
AAACEEEEEEEEEEEEEEEEEEEEE
AAACEEEEEEEEEEEEEEEEEEEEE
AAACEEEEEEEEEEEEEEEEEEEEE
AAACEEEEEEEEEEEEEEEEEEEEE
AAACEEEEEEEEEEEEEEEEEEEEE
AAACEEEEEEEEEEEEEEEEEEEEE
AAACEEEEEEEEEEEEEEEEEEEEE
AAACEEEEEEEEEEEEEEEEEEEEE
AAACEEEEEEEEEEEEEEEEEEEEE
AAACEEEEEEEEEEEEEEEEEEEEE
AAACEEEEEEEEEEEEEEEEEEEEE
AAACEEEEEEEEEEEEEEEEEEEEE
AAACEEEEEEEEEEEEEEEEEEEEE
AAACEEEEEEEEEEEEEEEEEEEEE
BBBCDDDDDDDDDDDDDDDDDDDDD
BBBCDDDDDDDDDDDDDDDDDDDDD
Case #79:
ABCDEFGHIJKLMNOPQRSTUVWXY
ABCDEFGHIJKLMNOPQRSTUVWXY
ABCDEFGHIJKLMNOPQRSTUVWXY
ABCDEFGHIJKLMNOPQRSTUVWXY
ABCDEFGHIJKLMNOPQRSTUVWXY
ABCDEFGHIJKLMNOPQRSTUVWXY
ABCDEFGHIJKLMNOPQRSTUVWXY
ABCDEFGHIJKLMNOPQRSTUVWXY
ABCDEFGHIJKLMNOPQRSTUVWXY
ABCDEFGHIJKLMNOPQRSTUVWXY
ABCDEFGHIJKLMNOPQRSTUVWXY
ABCDEFGHIJKLMNOPQRSTUVWXY
ABCDEFGHIJKLMNOPQRSTUVWXY
ABCDEFGHIJKLMNOPQRSTUVWXY
ABCDEFGHIJKLMNOPQRSTUVWXY
ABCDEFGHIJKLMNOPQRSTUVWXY
ABCDEFGHIJKLMNOPQRSTUVWXY
ABCDEFGHIJKLMNOPQRSTUVWXY
ABCDEFGHIJKLMNOPQRSTUVWXY
ABCDEFGHIJKLMNOPQRSTUVWXY
ABCDEFGHIJKLMNOPQRSTUVWXY
ABCDEFGHIJKLMNOPQRSTUVWXY
ABCDEFGHIJKLMNOPQRSTUVWXY
ABCDEFGHIJKLMNOPQRSTUVWXY
ABCDEFGHIJKLMNOPQRSTUVWXY
Case #80:
AAAAAAAAAAAAAAAAAAAAAAAAA
BBBBBBBBBBBBBBBBBBBBBBBBB
CCCCCCCCCCCCCCCCCCCCCCCCC
DDDDDDDDDDDDDDDDDDDDDDDDD
EEEEEEEEEEEEEEEEEEEEEEEEE
FFFFFFFFFFFFFFFFFFFFFFFFF
GGGGGGGGGGGGGGGGGGGGGGGGG
HHHHHHHHHHHHHHHHHHHHHHHHH
IIIIIIIIIIIIIIIIIIIIIIIII
JJJJJJJJJJJJJJJJJJJJJJJJJ
KKKKKKKKKKKKKKKKKKKKKKKKK
LLLLLLLLLLLLLLLLLLLLLLLLL
MMMMMMMMMMMMMMMMMMMMMMMMM
NNNNNNNNNNNNNNNNNNNNNNNNN
OOOOOOOOOOOOOOOOOOOOOOOOO
PPPPPPPPPPPPPPPPPPPPPPPPP
QQQQQQQQQQQQQQQQQQQQQQQQQ
RRRRRRRRRRRRRRRRRRRRRRRRR
SSSSSSSSSSSSSSSSSSSSSSSSS
TTTTTTTTTTTTTTTTTTTTTTTTT
UUUUUUUUUUUUUUUUUUUUUUUUU
VVVVVVVVVVVVVVVVVVVVVVVVV
WWWWWWWWWWWWWWWWWWWWWWWWW
XXXXXXXXXXXXXXXXXXXXXXXXX
YYYYYYYYYYYYYYYYYYYYYYYYY
Case #81:
AAAAAAAAACEEEEEEEEEEEEEEE
AAAAAAAAACEEEEEEEEEEEEEEE
AAAAAAAAACEEEEEEEEEEEEEEE
AAAAAAAAACEEEEEEEEEEEEEEE
AAAAAAAAACEEEEEEEEEEEEEEE
AAAAAAAAACEEEEEEEEEEEEEEE
AAAAAAAAACEEEEEEEEEEEEEEE
AAAAAAAAACEEEEEEEEEEEEEEE
BBBBBBBBBCDDDDDFFFFFGGGGG
BBBBBBBBBCDDDDDFFFFFGGGGG
BBBBBBBBBCDDDDDFFFFFGGGGG
BBBBBBBBBCDDDDDFFFFFGGGGG
BBBBBBBBBCDDDDDFFFFFGGGGG
BBBBBBBBBCDDDDDFFFFFGGGGG
BBBBBBBBBCDDDDDHJJJJGGGGG
BBBBBBBBBCDDDDDHJJJJIIIII
BBBBBBBBBCDDDDDHJJJJIIIII
BBBBBBBBBCDDDDDHJJJJIIIII
BBBBBBBBBCDDDDDHJJJJIIIII
BBBBBBBBBCDDDDDHJJJJIIIII
BBBBBBBBBCDDDDDHJJJJIIIII
BBBBBBBBBCDDDDDHJJJJIIIII
BBBBBBBBBCDDDDDHJJJJIIIII
BBBBBBBBBCDDDDDHJJJJIIIII
BBBBBBBBBCDDDDDHJJJJIIIII
Case #82:
VVVVVVVVVVVVVVVVVVVVVVVVV
ZZZZZZZZWWWWGGGGGGDMMMMFI
ZZZZZZZZWWWWGGGGGGDMMMMFI
ZZZZZZZZWWWWGGGGGGDMMMMFI
ZZZZZZZZWWWWGGGGGGDMMMMFI
QPKKEEEEWWWWGGGGGGDMMMMFI
QPKKEEEEWWWWGGGGGGDMMMMFI
QPKKEEEEWWWWGGGGGGDMMMMFI
QPKKTTTTWWWWGGGGGGDMMMMFI
QPKKTTTTWWWWGGGGGGDMMMMFI
QPKKTTTTWWWWGGGGGGDRRRRFI
QPKKTTTTWWWWGGGGGGDRRRRFI
QPKKTTTTWWWWHSSSCCDRRRRFI
QPKKTTTTWWWWHSSSCCDRRRRFI
QPKKTTTTWWWWHSSSCCDRRRRFI
QPKKTTTTWWWWHSSSCCDRRRRFI
QPKKYYYYWWWWHSSSCCDRRRRFI
QPKKYYYYWWWWHSSSCCDRRRRFI
QPKKYYYYWWWWHSSSCCDRRRRAI
QPKKYYYYWWWWUSSSCCDRRRRAI
QJKKYYYYWWWWUSSSNNDRRRRAX
QJKKYYYYBBBBUSSSNNDOOOOAX
QJKKYYYYBBBBUSSSNNDOOOOAX
QJLLYYYYBBBBUSSSNNDOOOOAX
QJLLYYYYBBBBUSSSNNDOOOOAX
Case #83:
AAAAAACEEEEEEEEEEEEEEEEEE
AAAAAACEEEEEEEEEEEEEEEEEE
AAAAAACEEEEEEEEEEEEEEEEEE
AAAAAACEEEEEEEEEEEEEEEEEE
AAAAAACEEEEEEEEEEEEEEEEEE
AAAAAACEEEEEEEEEEEEEEEEEE
AAAAAACEEEEEEEEEEEEEEEEEE
AAAAAACEEEEEEEEEEEEEEEEEE
AAAAAACEEEEEEEEEEEEEEEEEE
AAAAAACEEEEEEEEEEEEEEEEEE
AAAAAACEEEEEEEEEEEEEEEEEE
BBBBBBCDDDDDDDDFFFFFGGGGG
BBBBBBCDDDDDDDDFFFFFGGGGG
BBBBBBCDDDDDDDDFFFFFGGGGG
BBBBBBCDDDDDDDDFFFFFGGGGG
BBBBBBCDDDDDDDDFFFFFGGGGG
BBBBBBCDDDDDDDDFFFFFGGGGG
BBBBBBCDDDDDDDDFFFFFGGGGG
BBBBBBCDDDDDDDDFFFFFGGGGG
BBBBBBCDDDDDDDDFFFFFGGGGG
BBBBBBCDDDDDDDDHJJJJGGGGG
BBBBBBCDDDDDDDDHJJJJIIIII
BBBBBBCDDDDDDDDHJJJJIIIII
BBBBBBCDDDDDDDDHJJJJIIIII
BBBBBBCDDDDDDDDHJJJJIIIII
Case #84:
AAAAAAABBBBBBBBBBBBBBBBBB
AAAAAAABBBBBBBBBBBBBBBBBB
AAAAAAABBBBBBBBBBBBBBBBBB
AAAAAAABBBBBBBBBBBBBBBBBB
AAAAAAABBBBBBBBBBBBBBBBBB
CCCEEEEBBBBBBBBBBBBBBBBBB
CCCEEEEDDDDDDDDDDDDDFHJJJ
CCCEEEEDDDDDDDDDDDDDFHJJJ
CCCEEEEDDDDDDDDDDDDDFHJJJ
CCCEEEEDDDDDDDDDDDDDFHJJJ
CCCEEEEDDDDDDDDDDDDDFHJJJ
CCCEEEEDDDDDDDDDDDDDFHJJJ
CCCEEEEDDDDDDDDDDDDDFHJJJ
CCCEEEEDDDDDDDDDDDDDFHJJJ
CCCEEEEDDDDDDDDDDDDDFHJJJ
CCCEEEEDDDDDDDDDDDDDFHJJJ
CCCEEEEDDDDDDDDDDDDDFHJJJ
CCCEEEEDDDDDDDDDDDDDFHJJJ
CCCEEEEDDDDDDDDDDDDDFHJJJ
CCCEEEEDDDDDDDDDDDDDGHIII
CCCEEEEDDDDDDDDDDDDDGHIII
CCCEEEEDDDDDDDDDDDDDGHIII
CCCEEEEDDDDDDDDDDDDDGHIII
CCCEEEEDDDDDDDDDDDDDGHIII
CCCEEEEDDDDDDDDDDDDDGHIII
Case #85:
AAAAAAACEEEEEEEEEEEEEEEEE
AAAAAAACEEEEEEEEEEEEEEEEE
AAAAAAACEEEEEEEEEEEEEEEEE
AAAAAAACEEEEEEEEEEEEEEEEE
AAAAAAACEEEEEEEEEEEEEEEEE
AAAAAAACEEEEEEEEEEEEEEEEE
AAAAAAACEEEEEEEEEEEEEEEEE
AAAAAAACEEEEEEEEEEEEEEEEE
AAAAAAACEEEEEEEEEEEEEEEEE
AAAAAAACEEEEEEEEEEEEEEEEE
AAAAAAACEEEEEEEEEEEEEEEEE
AAAAAAACEEEEEEEEEEEEEEEEE
AAAAAAACEEEEEEEEEEEEEEEEE
AAAAAAACEEEEEEEEEEEEEEEEE
AAAAAAACEEEEEEEEEEEEEEEEE
AAAAAAACEEEEEEEEEEEEEEEEE
BBBBBBBCDDDDDDDDDDDDDDDDD
BBBBBBBCDDDDDDDDDDDDDDDDD
BBBBBBBCDDDDDDDDDDDDDDDDD
BBBBBBBCDDDDDDDDDDDDDDDDD
BBBBBBBCDDDDDDDDDDDDDDDDD
BBBBBBBCDDDDDDDDDDDDDDDDD
BBBBBBBCDDDDDDDDDDDDDDDDD
BBBBBBBCDDDDDDDDDDDDDDDDD
BBBBBBBCDDDDDDDDDDDDDDDDD
Case #86:
ABCDEFGHIJKLMNOPQRSTUVWXY
ABCDEFGHIJKLMNOPQRSTUVWXY
ABCDEFGHIJKLMNOPQRSTUVWXY
ABCDEFGHIJKLMNOPQRSTUVWXY
ABCDEFGHIJKLMNOPQRSTUVWXY
ABCDEFGHIJKLMNOPQRSTUVWXY
ABCDEFGHIJKLMNOPQRSTUVWXY
ABCDEFGHIJKLMNOPQRSTUVWXY
ABCDEFGHIJKLMNOPQRSTUVWXY
ABCDEFGHIJKLMNOPQRSTUVWXY
ABCDEFGHIJKLMNOPQRSTUVWXY
ABCDEFGHIJKLMNOPQRSTUVWXY
ABCDEFGHIJKLMNOPQRSTUVWXY
ABCDEFGHIJKLMNOPQRSTUVWXY
ABCDEFGHIJKLMNOPQRSTUVWXY
ABCDEFGHIJKLMNOPQRSTUVWXY
ABCDEFGHIJKLMNOPQRSTUVWXY
ABCDEFGHIJKLMNOPQRSTUVWXY
ABCDEFGHIJKLMNOPQRSTUVWXY
ABCDEFGHIJKLMNOPQRSTUVWXY
ABCDEFGHIJKLMNOPQRSTUVWXY
ABCDEFGHIJKLMNOPQRSTUVWXY
ABCDEFGHIJKLMNOPQRSTUVWXY
ABCDEFGHIJKLMNOPQRSTUVWXY
ABCDEFGHIJKLMNOPQRSTUVWXY
Case #87:
BC
DA
Case #88:
AA
Case #89:
TTTTTTTTTTTTTTTTTTTTTTTTT
TTTTTTTTTTTTTTTTTTTTTTTTT
TTTTTTTTTTTTTTTTTTTTTTTTT
TTTTTTTTTTTTTTTTTTTTTTTTT
TTTTTTTTTTTTTTTTTTTTTTTTT
TTTTTTTTTTTTTTTTTTTTTTTTT
TTTTTTTTTTTTTTTTTTTTTTTTT
TTTTTTTTTTTTTTTTTTTTTTTTT
TTTTTTTTTTTTTTTTTTTTTTTTT
TTTTTTTTTTTTTTTTTTTTTTTTT
TTTTTTTTTTTTTTTTTTTTTTTTT
TTTTTTTTTTTTTTTTTTTTTTTTT
TTTTTTTTTTTTTTTTTTTTTTTTT
TTTTTTTTTTTTTTTTTTTTTTTTT
TTTTTTTTTTTTTTTTTTTTTTTTT
TTTTTTTTTTTTTTTTTTTTTTTTT
OOOOOOOOOOOOOOOOOOOOOOOOO
GGGGGGGGGGGFCCCCCCCCCCCCC
ZZZZZZZZZZZFUUJEEEEEEEEEE
KKKKKKKKKKKHUUJEEEEEEEEEE
WWWWWWBVMQQAUUJRXXXXXXXXX
YYYYYYBVMQQAUUJRXXXXXXXXX
IIISSSBVMQQAUUJRXXXXXXXXX
IIILLLBVMQQAUUJRXXXXXXXXX
IIIPPPBVDNNAUUJRXXXXXXXXX
Case #90:
ZZZZZZZZZZZZZZZZZZZZZZZZZ
KKKKKKKKKKKKKDDDDDDDDDDDJ
KKKKKKKKKKKKKDDDDDDDDDDDJ
KKKKKKKKKKKKKDDDDDDDDDDDJ
KKKKKKKKKKKKKDDDDDDDDDDDJ
NNNNNNNNNNNNNRPPPPPPPPPPJ
NNNNNNNNNNNNNRPPPPPPPPPPJ
NNNNNNNNNNNNNRPPPPPPPPPPJ
NNNNNNNNNNNNNRPPPPPPPPPPM
NNNNNNNNNNNNNRPPPPPPPPPPF
NNNNNNNNNNNNNROOOOOLHHHHF
CCCCCCCCCCCCCROOOOOLHHHHF
CCCCCCCCCCCCCRWWWWWLHHHHF
CCCCCCCCCCCCCRWWWWWLHHHHF
CCCCCCCCCCCCCRWWWWWLHHHHF
CCCCCCCCCCCCCRWWWWWLSSSSF
BBBEEEEEEEEEERWWWWWLTTTTF
BBBEEEEEEEEEERWWWWWLTTTTF
BBBEEEEEEEEEERYYYYALTTTTF
BBBIIUUUUUUVVRYYYYAQTTTTF
BBBIIUUUUUUVVRYYYYAQTTTTF
GGGIIUUUUUUVVRYYYYAQTTTTF
XXXIIUUUUUUVVRYYYYAQTTTTF
XXXIIUUUUUUVVRYYYYAQTTTTF
XXXIIUUUUUUVVRYYYYAQTTTTF
Case #91:
CCCJH
BAKFG
DAIEG
Case #92:
ABBBCDDDEFFFGHHHIJJJKLLLM
ANNOCPPQERRSGTTUIVVWKXXYM
ZNNOCPPQERRSGTTUIVVWKXXYM
ZNNOCPPQERRSGTTUIVVWKXXYM
ZNNOCPPQERRSGTTUIVVWKXXYM
ZNNOCPPQERRSGTTUIVVWKXXYM
ZNNOCPPQERRSGTTUIVVWKXXYM
ZNNOCPPQERRSGTTUIVVWKXXYM
ZNNOCPPQERRSGTTUIVVWKXXYM
ZNNOCPPQERRSGTTUIVVWKXXYM
ZNNOCPPQERRSGTTUIVVWKXXYM
ZNNOCPPQERRSGTTUIVVWKXXYM
ZNNOCPPQERRSGTTUIVVWKXXYM
ZNNOCPPQERRSGTTUIVVWKXXYM
ZNNOCPPQERRSGTTUIVVWKXXYM
ZNNOCPPQERRSGTTUIVVWKXXYM
ZNNOCPPQERRSGTTUIVVWKXXYM
ZNNOCPPQERRSGTTUIVVWKXXYM
ZNNOCPPQERRSGTTUIVVWKXXYM
ZNNOCPPQERRSGTTUIVVWKXXYM
ZNNOCPPQERRSGTTUIVVWKXXYM
ZNNOCPPQERRSGTTUIVVWKXXYM
ZNNOCPPQERRSGTTUIVVWKXXYM
ZNNOCPPQERRSGTTUIVVWKXXYM
ZNNOCPPQERRSGTTUIVVWKXXYM
Case #93:
ZZZZZZZZZZZZZZZZZZZZNNXKK
ZZZZZZZZZZZZZZZZZZZZNNXKK
ZZZZZZZZZZZZZZZZZZZZNNXKK
ZZZZZZZZZZZZZZZZZZZZNNXKK
ZZZZZZZZZZZZZZZZZZZZNNXKK
ZZZZZZZZZZZZZZZZZZZZNNXKK
ZZZZZZZZZZZZZZZZZZZZNNXKK
ZZZZZZZZZZZZZZZZZZZZNNXKK
ZZZZZZZZZZZZZZZZZZZZSFXKK
VVVVVVVVVVVVVVVVVVVVSFXKK
VVVVVVVVVVVVVVVVVVVVSFXKK
RRRRRRRRRRRRRRRRRRRRSFXKK
RRRRRRRRRRRRRRRRRRRRSBXKK
LLLLLLLLLLLLLQWWWWWWSBXKK
LLLLLLLLLLLLLQWWWWWWSBXOT
LLLLLLLLLLLLLQDDYYYESMXOT
LLLLLLLLLLLLLQDDYYYESMXGT
LLLLLLLLLLLLLQDDIIUEHMXGC
LLLLLLLLLLLLLQDDIIUEHMXAC
LLLLLLLLLLLLLQDDIIUJHMXAC
LLLLLLLLLLLLLQDDIIUJHPXAC
LLLLLLLLLLLLLQDDIIUJHPXAC
LLLLLLLLLLLLLQDDIIUJHPXAC
LLLLLLLLLLLLLQDDIIUJHPXAC
LLLLLLLLLLLLLQDDIIUJHPXAC
Case #94:
AAAAAAAAAAAAAAAAAACEEEEEE
AAAAAAAAAAAAAAAAAACEEEEEE
AAAAAAAAAAAAAAAAAACEEEEEE
AAAAAAAAAAAAAAAAAACEEEEEE
AAAAAAAAAAAAAAAAAACEEEEEE
AAAAAAAAAAAAAAAAAACEEEEEE
AAAAAAAAAAAAAAAAAACEEEEEE
AAAAAAAAAAAAAAAAAACEEEEEE
AAAAAAAAAAAAAAAAAACEEEEEE
AAAAAAAAAAAAAAAAAACEEEEEE
AAAAAAAAAAAAAAAAAACEEEEEE
AAAAAAAAAAAAAAAAAACEEEEEE
AAAAAAAAAAAAAAAAAACEEEEEE
AAAAAAAAAAAAAAAAAACEEEEEE
AAAAAAAAAAAAAAAAAACEEEEEE
AAAAAAAAAAAAAAAAAACEEEEEE
AAAAAAAAAAAAAAAAAACEEEEEE
AAAAAAAAAAAAAAAAAACEEEEEE
BBBBBBBBBBBBBBBBBBCDDDDDD
BBBBBBBBBBBBBBBBBBCDDDDDD
BBBBBBBBBBBBBBBBBBCDDDDDD
BBBBBBBBBBBBBBBBBBCDDDDDD
BBBBBBBBBBBBBBBBBBCDDDDDD
BBBBBBBBBBBBBBBBBBCDDDDDD
BBBBBBBBBBBBBBBBBBCDDDDDD
Case #95:
KKKRDG
JNPRDO
CLPRDI
CLABDI
CHQEDI
MHQFDI
Case #96:
BBBB
JJJE
AIDF
AIGC
AIGH
AIGH
Case #97:
AAAAAAAAACEEEEEEEEEEEEEEE
AAAAAAAAACEEEEEEEEEEEEEEE
AAAAAAAAACEEEEEEEEEEEEEEE
AAAAAAAAACEEEEEEEEEEEEEEE
AAAAAAAAACEEEEEEEEEEEEEEE
AAAAAAAAACEEEEEEEEEEEEEEE
AAAAAAAAACEEEEEEEEEEEEEEE
AAAAAAAAACEEEEEEEEEEEEEEE
AAAAAAAAACEEEEEEEEEEEEEEE
AAAAAAAAACEEEEEEEEEEEEEEE
BBBBBBBBBCDDDDDDDFFFFFGGG
BBBBBBBBBCDDDDDDDFFFFFGGG
BBBBBBBBBCDDDDDDDFFFFFGGG
BBBBBBBBBCDDDDDDDFFFFFGGG
BBBBBBBBBCDDDDDDDHJJJJGGG
BBBBBBBBBCDDDDDDDHJJJJIII
BBBBBBBBBCDDDDDDDHJJJJIII
BBBBBBBBBCDDDDDDDHJJJJIII
BBBBBBBBBCDDDDDDDHJJJJIII
BBBBBBBBBCDDDDDDDHJJJJIII
BBBBBBBBBCDDDDDDDHJJJJIII
BBBBBBBBBCDDDDDDDHJJJJIII
BBBBBBBBBCDDDDDDDHJJJJIII
BBBBBBBBBCDDDDDDDHJJJJIII
BBBBBBBBBCDDDDDDDHJJJJIII
Case #98:
AAAAAAAAAABBBBBBBBBBBBBBB
AAAAAAAAAABBBBBBBBBBBBBBB
AAAAAAAAAABBBBBBBBBBBBBBB
AAAAAAAAAABBBBBBBBBBBBBBB
AAAAAAAAAABBBBBBBBBBBBBBB
AAAAAAAAAABBBBBBBBBBBBBBB
AAAAAAAAAABBBBBBBBBBBBBBB
AAAAAAAAAABBBBBBBBBBBBBBB
AAAAAAAAAABBBBBBBBBBBBBBB
AAAAAAAAAABBBBBBBBBBBBBBB
CCCCCCEEEEBBBBBBBBBBBBBBB
CCCCCCEEEEDDDDDDDDDDDDDDD
CCCCCCEEEEDDDDDDDDDDDDDDD
CCCCCCEEEEDDDDDDDDDDDDDDD
CCCCCCEEEEDDDDDDDDDDDDDDD
CCCCCCEEEEDDDDDDDDDDDDDDD
CCCCCCEEEEDDDDDDDDDDDDDDD
CCCCCCEEEEDDDDDDDDDDDDDDD
CCCCCCEEEEDDDDDDDDDDDDDDD
CCCCCCEEEEDDDDDDDDDDDDDDD
CCCCCCEEEEDDDDDDDDDDDDDDD
CCCCCCEEEEDDDDDDDDDDDDDDD
CCCCCCEEEEDDDDDDDDDDDDDDD
CCCCCCEEEEDDDDDDDDDDDDDDD
CCCCCCEEEEDDDDDDDDDDDDDDD
Case #99:
EEEEEEEEEEEEEEEEEEEEEEEEE
EEEEEEEEEEEEEEEEEEEEEEEEE
EEEEEEEEEEEEEEEEEEEEEEEEE
EEEEEEEEEEEEEEEEEEEEEEEEE
EEEEEEEEEEEEEEEEEEEEEEEEE
EEEEEEEEEEEEEEEEEEEEEEEEE
EEEEEEEEEEEEEEEEEEEEEEEEE
EEEEEEEEEEEEEEEEEEEEEEEEE
EEEEEEEEEEEEEEEEEEEEEEEEE
EEEEEEEEEEEEEEEEEEEEEEEEE
EEEEEEEEEEEEEEEEEEEEEEEEE
NNFFFFFFFFFFFFFFFFFFFFFFF
GLFFFFFFFFFFFFFFFFFFFFFFF
GLWIRRRRRRRRRRRRRRRRRRRRR
GCWSOMYYYYYYYYYYYYYYYYYYY
GAWSOMYYYYYYYYYYYYYYYYYYY
GAWSHDYYYYYYYYYYYYYYYYYYY
ZQUPHDYYYYYYYYYYYYYYYYYYY
BQUJVDYYYYYYYYYYYYYYYYYYY
BTXJVDYYYYYYYYYYYYYYYYYYY
BKXJVDYYYYYYYYYYYYYYYYYYY
BKXJVDYYYYYYYYYYYYYYYYYYY
BKXJVDYYYYYYYYYYYYYYYYYYY
BKXJVDYYYYYYYYYYYYYYYYYYY
BKXJVDYYYYYYYYYYYYYYYYYYY
Case #100:
PP
BU
ZU
RC
OC
AS
AS
HS
WD
WE
MK
MK
QL
GL
GL
GT
JX
YX
YX
YV
YV
YI
YI
YI
FN
