Case #1:
GCJ
GCJ
GCJ
Case #2:
CODE
CODE
CJAM
Case #3:
CA
KE
Case #4:
DC
AB
Case #5:
AAAAAAAACEEEEEEEEEEEEEEEE
AAAAAAAACEEEEEEEEEEEEEEEE
AAAAAAAACEEEEEEEEEEEEEEEE
AAAAAAAACEEEEEEEEEEEEEEEE
AAAAAAAACEEEEEEEEEEEEEEEE
AAAAAAAACEEEEEEEEEEEEEEEE
BBBBBBBBCDDDDDDDFFFFFGGGG
BBBBBBBBCDDDDDDDFFFFFGGGG
BBBBBBBBCDDDDDDDFFFFFGGGG
BBBBBBBBCDDDDDDDFFFFFGGGG
BBBBBBBBCDDDDDDDFFFFFGGGG
BBBBBBBBCDDDDDDDFFFFFGGGG
BBBBBBBBCDDDDDDDFFFFFGGGG
BBBBBBBBCDDDDDDDFFFFFGGGG
BBBBBBBBCDDDDDDDFFFFFGGGG
BBBBBBBBCDDDDDDDFFFFFGGGG
BBBBBBBBCDDDDDDDFFFFFGGGG
BBBBBBBBCDDDDDDDFFFFFGGGG
BBBBBBBBCDDDDDDDFFFFFGGGG
BBBBBBBBCDDDDDDDFFFFFGGGG
BBBBBBBBCDDDDDDDHJJJJGGGG
BBBBBBBBCDDDDDDDHJJJJIIII
BBBBBBBBCDDDDDDDHJJJJIIII
BBBBBBBBCDDDDDDDHJJJJIIII
BBBBBBBBCDDDDDDDHJJJJIIII
Case #6:
KKKKKKKKKKKKKKKKKKKKLMMMM
KKKKKKKKKKKKKKKKKKKKLMMMM
KKKKKKKKKKKKKKKKKKKKLMMMM
KKKKKKKKKKKKKKKKKKKKLMMMM
KKKKKKKKKKKKKKKKKKKKLMMMM
KKKKKKKKKKKKKKKKKKKKLMMMM
KKKKKKKKKKKKKKKKKKKKLMMMM
KKKKKKKKKKKKKKKKKKKKLMMMM
KKKKKKKKKKKKKKKKKKKKLMMMM
KKKKKKKKKKKKKKKKKKKKLMMMM
KKKKKKKKKKKKKKKKKKKKLMMMM
KKKKKKKKKKKKKKKKKKKKLMMMM
KKKKKKKKKKKKKKKKKKKKLMMMM
KKKKKKKKKKKKKKKKKKKKLMMMM
KKKKKKKKKKKKKKKKKKKKLMMMM
SSSSSSSSSSSSSSSSSSEZHPPPP
DDDDDDDDDDDDDDDDDCEOUXXWW
DDDDDDDDDDDDDDDDDCRVUGTWW
DDDDDDDDDDDDDDDDDCIVJYTWW
DDDDDDDDDDDDDDDDDCIVBYAFF
DDDDDDDDDDDDDDDDDCIVBNAFF
DDDDDDDDDDDDDDDDDCIQBNAFF
DDDDDDDDDDDDDDDDDCIQBNAFF
DDDDDDDDDDDDDDDDDCIQBNAFF
DDDDDDDDDDDDDDDDDCIQBNAFF
Case #7:
YYYYYYYYYYYYYYYYYYYYFHHHH
YYYYYYYYYYYYYYYYYYYYFHHHH
YYYYYYYYYYYYYYYYYYYYFHHHH
YYYYYYYYYYYYYYYYYYYYFHHHH
GGGOOOOOOOOOOOOOORRRFHHHH
GGGOOOOOOOOOOOOOORRRFHHHH
GGGOOOOOOOOOOOOOORRRFHHHH
GGGLLLLLLLLLLLLLLRRRFEEEE
GGGTTTTTTTTTUUUUURRRFEEEE
GGGTTTTTTTTTUUUUURRRFEEEE
GGGAAAIQQQQQUUUUUKKKFEEEE
GGGAAAIQQQQQUUUUUKKKFEEEE
GGGAAAIQQQQQUUUUUKKKFEEEE
GGGAAAIDDDDDUUUUUKKKFXXXX
GGGAAAIDDDDDUUUUUKKKFXXXX
GGGAAAIDDDDDUUUUUKKKFJCCC
GGGZNSIDDDDDUUUUUKKKFJCCC
GGGZNSIDDDDDUUUUUKKKFJCCC
GGGZNSIWWWWBUUUUUKKKFJCCC
GGGZNSIWWWWBUUUUUKKKFJCCC
GGGZNSIWWWWBUUUUUKKKFJCCC
GGGZNSIWWWWPUUUUUKKKFJCCC
MMMZNSIVVVVPUUUUUKKKFJCCC
MMMZNSIVVVVPUUUUUKKKFJCCC
MMMZNSIVVVVPUUUUUKKKFJCCC
Case #8:
UUUUUUUEJJJJJJJJJJJJJJJJJ
UUUUUUUEJJJJJJJJJJJJJJJJJ
UUUUUUUEJJJJJJJJJJJJJJJJJ
UUUUUUUEJJJJJJJJJJJJJJJJJ
UUUUUUUEJJJJJJJJJJJJJJJJJ
UUUUUUUEJJJJJJJJJJJJJJJJJ
UUUUUUUEJJJJJJJJJJJJJJJJJ
UUUUUUUEJJJJJJJJJJJJJJJJJ
UUUUUUUEJJJJJJJJJJJJJJJJJ
UUUUUUUEJJJJJJJJJJJJJJJJJ
UUUUUUUEJJJJJJJJJJJJJJJJJ
UUUUUUUEJJJJJJJJJJJJJJJJJ
UUUUUUUEJJJJJJJJJJJJJJJJJ
UUUUUUUEJJJJJJJJJJJJJJJJJ
UUUUUUUEJJJJJJJJJJJJJJJJJ
UUUUUUUEJJJJJJJJJJJJJJJJJ
UUUUUUUEJJJJJJJJJJJJJJJJJ
UUUUUUUEJJJJJJJJJJJJJJJJJ
UUUUUUUEJJJJJJJJJJJJJJJJJ
UUUUUUUEJJJJJJJJJJJJJJJJJ
DDDDDDYEOAAAAAAAAAAAAAAAA
RRRRRRFEOAAAAAAAAAAAAAAAA
QQQMKKPEOCTVXXXXXXXXXXXXX
WGGMHHPNOCTVXXXXXXXXXXXXX
WGGMZISLBCTVXXXXXXXXXXXXX
Case #9:
AAAAAAAAAAAAAAAAAAAAAAAAA
BBBBBBBBBBBBBBBBBBBBBBBBB
CCCCCCCCCCCCCCCCCCCCCCCCC
DDDDDDDDDDDDDDDDDDDDDDDDD
EEEEEEEEEEEEEEEEEEEEEEEEE
FFFFFFFFFFFFFFFFFFFFFFFFF
GGGGGGGGGGGGGGGGGGGGGGGGG
HHHHHHHHHHHHHHHHHHHHHHHHH
IIIIIIIIIIIIIIIIIIIIIIIII
JJJJJJJJJJJJJJJJJJJJJJJJJ
KKKKKKKKKKKKKKKKKKKKKKKKK
LLLLLLLLLLLLLLLLLLLLLLLLL
MMMMMMMMMMMMMMMMMMMMMMMMM
NNNNNNNNNNNNNNNNNNNNNNNNN
OOOOOOOOOOOOOOOOOOOOOOOOO
PPPPPPPPPPPPPPPPPPPPPPPPP
QQQQQQQQQQQQQQQQQQQQQQQQQ
RRRRRRRRRRRRRRRRRRRRRRRRR
SSSSSSSSSSSSSSSSSSSSSSSSS
TTTTTTTTTTTTTTTTTTTTTTTTT
UUUUUUUUUUUUUUUUUUUUUUUUU
VVVVVVVVVVVVVVVVVVVVVVVVV
WWWWWWWWWWWWWWWWWWWWWWWWW
XXXXXXXXXXXXXXXXXXXXXXXXX
YYYYYYYYYYYYYYYYYYYYYYYYY
Case #10:
AAAAAAAABBBBBBBBBBBBBBBBB
AAAAAAAABBBBBBBBBBBBBBBBB
AAAAAAAABBBBBBBBBBBBBBBBB
AAAAAAAABBBBBBBBBBBBBBBBB
AAAAAAAABBBBBBBBBBBBBBBBB
AAAAAAAABBBBBBBBBBBBBBBBB
AAAAAAAABBBBBBBBBBBBBBBBB
CCCCEEEEBBBBBBBBBBBBBBBBB
CCCCEEEEDDDDDDDDFHJJJJJJJ
CCCCEEEEDDDDDDDDFHJJJJJJJ
CCCCEEEEDDDDDDDDFHJJJJJJJ
CCCCEEEEDDDDDDDDFHJJJJJJJ
CCCCEEEEDDDDDDDDFHJJJJJJJ
CCCCEEEEDDDDDDDDFHJJJJJJJ
CCCCEEEEDDDDDDDDFHJJJJJJJ
CCCCEEEEDDDDDDDDFHJJJJJJJ
CCCCEEEEDDDDDDDDFHJJJJJJJ
CCCCEEEEDDDDDDDDFHJJJJJJJ
CCCCEEEEDDDDDDDDFHJJJJJJJ
CCCCEEEEDDDDDDDDFHJJJJJJJ
CCCCEEEEDDDDDDDDFHJJJJJJJ
CCCCEEEEDDDDDDDDGHIIIIIII
CCCCEEEEDDDDDDDDGHIIIIIII
CCCCEEEEDDDDDDDDGHIIIIIII
CCCCEEEEDDDDDDDDGHIIIIIII
Case #11:
A
A
Case #12:
HHHHHHHHHAAAAAAAAAAAAAAAM
HHHHHHHHHAAAAAAAAAAAAAAAM
HHHHHHHHHAAAAAAAAAAAAAAAM
HHHHHHHHHNIIIIIIIIIIIIIIM
HHHHHHHHHNIIIIIIIIIIIIIIM
HHHHHHHHHNQQQQQQQQQQQQQQM
HHHHHHHHHNOOOOOOOOOOKYYYM
HHHHHHHHHNOOOOOOOOOOKYYYM
HHHHHHHHHNPPPPUDDDDDKYYYM
EEEESSSSZNPPPPUDDDDDKYYYR
EEEESSSSZNPPPPUDDDDDKYYYR
EEEESSSSZNPPPPUDDDDDKYYYR
EEEEBBBBZNPPPPUDDDDDKYYYR
EEEEBBBBZNXXXXUDDDDDKYYYR
EEEEBBBBZTXXXXUDDDDDKYYYR
EEEEBBBBZTXXXXUDDDDDKYYYR
EEEEBBBBZTXXXXUDDDDDKYYYR
EEEEBBBBZTXXXXUJJJJJKLLLR
EEEEBBBBZTXXXXUJJJJJKLLLR
EEEEVCCGZTWWWWUJJJJJKLLLR
EEEEVCCGZTWWWWUJJJJJKLLLR
EEEEVCCGZTWWWWUJJJJJKLLLR
EEEEVCCGZTWWWWUJJJJJKLLLR
EEEEVCCGZTFFFFUJJJJJKLLLR
EEEEVCCGZTFFFFUJJJJJKLLLR
Case #13:
FFFFFFFFFFFFFFFFFFFFFFFFF
FFFFFFFFFFFFFFFFFFFFFFFFF
FFFFFFFFFFFFFFFFFFFFFFFFF
NNNNNNNNNNNNNNNNNNNNRLLLM
NNNNNNNNNNNNNNNNNNNNRLLLM
NNNNNNNNNNNNNNNNNNNNRLLLM
GGGGGGGGGGGGGGGGGGGGRLLLM
GGGGGGGGGGGGGGGGGGGGRLLLM
DDDDCCCCCCCCCCCCCCASRLLLM
DDDDCCCCCCCCCCCCCCASRLLLM
DDDDTTVVVVVVVVVVVVASRLLLM
DDDDTTVVVVVVVVVVVVASRLLLM
DDDDTTVVVVVVVVVVVVASRLLLM
DDDDTTVVVVVVVVVVVVASRLLLM
DDDDTTHHHHHHHIPPPPASRLLLM
DDDDTTHHHHHHHIPPPPASRLLLM
DDDDTTKKKKZZZIPPPPASRLLLM
DDDDTTKKKKZZZIPPPPASRLLLM
DDDDTTKKKKZZZIPPPPASRLLLM
DDDDTTKKKKZZZIPPPPASRLLLM
DDDDBBKKKKZZZIPPPPASRLLLM
YYYYBBKKKKZZZIPPPPASRLLLM
YYYYBBKKKKJJJIOXXXASRQQQM
YYYYBBKKKKJJJIOXXXASRUUEM
WWWWBBKKKKJJJIOXXXASRUUEM
Case #14:
AAAAABBBBBBBBBBBBBBBBBBBB
AAAAABBBBBBBBBBBBBBBBBBBB
AAAAABBBBBBBBBBBBBBBBBBBB
AAAAABBBBBBBBBBBBBBBBBBBB
AAAAABBBBBBBBBBBBBBBBBBBB
CEEEEBBBBBBBBBBBBBBBBBBBB
CEEEEDDDDDDDDDDDFHJJJJJJJ
CEEEEDDDDDDDDDDDFHJJJJJJJ
CEEEEDDDDDDDDDDDFHJJJJJJJ
CEEEEDDDDDDDDDDDFHJJJJJJJ
CEEEEDDDDDDDDDDDFHJJJJJJJ
CEEEEDDDDDDDDDDDFHJJJJJJJ
CEEEEDDDDDDDDDDDFHJJJJJJJ
CEEEEDDDDDDDDDDDFHJJJJJJJ
CEEEEDDDDDDDDDDDFHJJJJJJJ
CEEEEDDDDDDDDDDDFHJJJJJJJ
CEEEEDDDDDDDDDDDFHJJJJJJJ
CEEEEDDDDDDDDDDDFHJJJJJJJ
CEEEEDDDDDDDDDDDFHJJJJJJJ
CEEEEDDDDDDDDDDDFHJJJJJJJ
CEEEEDDDDDDDDDDDFHJJJJJJJ
CEEEEDDDDDDDDDDDFHJJJJJJJ
CEEEEDDDDDDDDDDDGHIIIIIII
CEEEEDDDDDDDDDDDGHIIIIIII
CEEEEDDDDDDDDDDDGHIIIIIII
Case #15:
HDDAAEEMMBBBFFFCCCKKGILJJ
Case #16:
AACEEEEEEEEEEEEEEEEEEEEEE
AACEEEEEEEEEEEEEEEEEEEEEE
AACEEEEEEEEEEEEEEEEEEEEEE
AACEEEEEEEEEEEEEEEEEEEEEE
AACEEEEEEEEEEEEEEEEEEEEEE
AACEEEEEEEEEEEEEEEEEEEEEE
AACEEEEEEEEEEEEEEEEEEEEEE
AACEEEEEEEEEEEEEEEEEEEEEE
AACEEEEEEEEEEEEEEEEEEEEEE
BBCDDDDDDDDDDDDDDDDDDDDDD
BBCDDDDDDDDDDDDDDDDDDDDDD
BBCDDDDDDDDDDDDDDDDDDDDDD
BBCDDDDDDDDDDDDDDDDDDDDDD
BBCDDDDDDDDDDDDDDDDDDDDDD
BBCDDDDDDDDDDDDDDDDDDDDDD
BBCDDDDDDDDDDDDDDDDDDDDDD
BBCDDDDDDDDDDDDDDDDDDDDDD
BBCDDDDDDDDDDDDDDDDDDDDDD
BBCDDDDDDDDDDDDDDDDDDDDDD
BBCDDDDDDDDDDDDDDDDDDDDDD
BBCDDDDDDDDDDDDDDDDDDDDDD
BBCDDDDDDDDDDDDDDDDDDDDDD
BBCDDDDDDDDDDDDDDDDDDDDDD
BBCDDDDDDDDDDDDDDDDDDDDDD
BBCDDDDDDDDDDDDDDDDDDDDDD
Case #17:
NNNNNNNNNNNNNNNNGGGGGGGGG
UUUUUWWWWWWWWWTTSSDIIIIBB
UUUUUWWWWWWWWWTTSSDIIIIBB
UUUUUWWWWWWWWWTTSSDIIIIBB
UUUUUWWWWWWWWWTTSSDIIIIBB
UUUUUWWWWWWWWWTTSSDEEEOBB
UUUUUQQHMMMCCCTTSSDEEEOBB
UUUUUQQHMMMCCCTTSSDEEEOBB
UUUUUQQHMMMCCCZZSSDEEEOBB
UUUUUQQHMMMCCCZZSSDEEEOBB
UUUUUQQHMMMCCCZZSSDJAAOBB
UUUUUQQHMMMCCCZZKKDJAAOBB
UUUUUQQHMMMCCCZZKKDJAAOBB
UUUUUQQHMMMCCCZZKKDJAAOBB
UUUUUQQHMMMCCCVFKKDJAAOBB
UUUUUQQHMMMCCCVFKKDJAAOBB
UUUUUQQHMMMCCCVFKKDJAAOBB
UUUUUQQHMMMCCCVFKKDJAAOBB
UUUUUQQHMMMXXLVFKKDJAAOBB
UUUUUQQHMMMXXLVFKKDJAAOBB
UUUUUQQHMMMXXLVFKKDJAAOBB
UUUUUQQHMMMXXLVFKKDJAAOBB
UUUUUQQHMMMXXLVPKKDJAAOBB
UUUUUQQHYRRXXLVPKKDJAAOBB
UUUUUQQHYRRXXLVPKKDJAAOBB
Case #18:
FFFFFFFFFFFFFFFFFFFFFFFFF
ZZZZZZZZZZZZZXXXXWWWQQTOS
ZZZZZZZZZZZZZYYUMWWWQQTOS
NNNNNNNNNNNNNYYUMWWWDRTOS
NNNNNNNNNNNNNGPUMEEEDRTOS
NNNNNNNNNNNNNGPUMBBBDRJOS
NNNNNNNNNNNNNGPUMBBBDRJVS
NNNNNNNNNNNNNGPUMBBBDKJVS
NNNNNNNNNNNNNGPUMBBBDKHVS
NNNNNNNNNNNNNGPUMBBBDKHAS
NNNNNNNNNNNNNGPUMBBBDKHLI
NNNNNNNNNNNNNGPUMBBBDKCLI
NNNNNNNNNNNNNGPUMBBBDKCLI
NNNNNNNNNNNNNGPUMBBBDKCLI
NNNNNNNNNNNNNGPUMBBBDKCLI
NNNNNNNNNNNNNGPUMBBBDKCLI
NNNNNNNNNNNNNGPUMBBBDKCLI
NNNNNNNNNNNNNGPUMBBBDKCLI
NNNNNNNNNNNNNGPUMBBBDKCLI
NNNNNNNNNNNNNGPUMBBBDKCLI
NNNNNNNNNNNNNGPUMBBBDKCLI
NNNNNNNNNNNNNGPUMBBBDKCLI
NNNNNNNNNNNNNGPUMBBBDKCLI
NNNNNNNNNNNNNGPUMBBBDKCLI
NNNNNNNNNNNNNGPUMBBBDKCLI
Case #19:
AAAAABBBBBBBBBBBBBBBBBBBB
AAAAABBBBBBBBBBBBBBBBBBBB
AAAAABBBBBBBBBBBBBBBBBBBB
AAAAABBBBBBBBBBBBBBBBBBBB
AAAAABBBBBBBBBBBBBBBBBBBB
AAAAABBBBBBBBBBBBBBBBBBBB
AAAAABBBBBBBBBBBBBBBBBBBB
AAAAABBBBBBBBBBBBBBBBBBBB
AAAAABBBBBBBBBBBBBBBBBBBB
CEEEEBBBBBBBBBBBBBBBBBBBB
CEEEEDDDDDDDDDDDDDDDDDDDD
CEEEEDDDDDDDDDDDDDDDDDDDD
CEEEEDDDDDDDDDDDDDDDDDDDD
CEEEEDDDDDDDDDDDDDDDDDDDD
CEEEEDDDDDDDDDDDDDDDDDDDD
CEEEEDDDDDDDDDDDDDDDDDDDD
CEEEEDDDDDDDDDDDDDDDDDDDD
CEEEEDDDDDDDDDDDDDDDDDDDD
CEEEEDDDDDDDDDDDDDDDDDDDD
CEEEEDDDDDDDDDDDDDDDDDDDD
CEEEEDDDDDDDDDDDDDDDDDDDD
CEEEEDDDDDDDDDDDDDDDDDDDD
CEEEEDDDDDDDDDDDDDDDDDDDD
CEEEEDDDDDDDDDDDDDDDDDDDD
CEEEEDDDDDDDDDDDDDDDDDDDD
Case #20:
AAAAAAAAAAAAAAAAAAAAAAAAA
BBBBBBBBBBBBBBBBBBBBBBBBB
CCCCCCCCCCCCCCCCCCCCCCCCC
DDDDDDDDDDDDDDDDDDDDDDDDD
EEEEEEEEEEEEEEEEEEEEEEEEE
FFFFFFFFFFFFFFFFFFFFFFFFF
GGGGGGGGGGGGGGGGGGGGGGGGG
HHHHHHHHHHHHHHHHHHHHHHHHH
IIIIIIIIIIIIIIIIIIIIIIIII
JJJJJJJJJJJJJJJJJJJJJJJJJ
KKKKKKKKKKKKKKKKKKKKKKKKK
LLLLLLLLLLLLLLLLLLLLLLLLL
MMMMMMMMMMMMMMMMMMMMMMMMM
NNNNNNNNNNNNNNNNNNNNNNNNN
OOOOOOOOOOOOOOOOOOOOOOOOO
PPPPPPPPPPPPPPPPPPPPPPPPP
QQQQQQQQQQQQQQQQQQQQQQQQQ
RRRRRRRRRRRRRRRRRRRRRRRRR
SSSSSSSSSSSSSSSSSSSSSSSSS
TTTTTTTTTTTTTTTTTTTTTTTTT
UUUUUUUUUUUUUUUUUUUUUUUUU
VVVVVVVVVVVVVVVVVVVVVVVVV
WWWWWWWWWWWWWWWWWWWWWWWWW
XXXXXXXXXXXXXXXXXXXXXXXXX
YYYYYYYYYYYYYYYYYYYYYYYYY
Case #21:
RRRRRRRRRRRRRRRRRRRRRRRRR
RRRRRRRRRRRRRRRRRRRRRRRRR
RRRRRRRRRRRRRRRRRRRRRRRRR
RRRRRRRRRRRRRRRRRRRRRRRRR
RRRRRRRRRRRRRRRRRRRRRRRRR
RRRRRRRRRRRRRRRRRRRRRRRRR
GGGGGGGGGGGGGGGGGGLLTTTTT
JJJJJJJJJJJJJJJJJJLLFFFFF
JJJJJJJJJJJJJJJJJJLLSMKKK
QQQQQQQQQQQQQQOHHZLLSMKKK
QQQQQQQQQQQQQQOHHZLLSMKKK
YYYYYYYYYYYCCCOPUZXXEMBBB
YYYYYYYYYYYCCCIPUWXXEMBBB
YYYYYYYYYYYCCCIPUWXXDMBBB
YYYYYYYYYYYCCCVPUWAADMBBB
YYYYYYYYYYYCCCVPUWAADMBBB
YYYYYYYYYYYCCCVPUNAADMBBB
YYYYYYYYYYYCCCVPUNAADMBBB
YYYYYYYYYYYCCCVPUNAADMBBB
YYYYYYYYYYYCCCVPUNAADMBBB
YYYYYYYYYYYCCCVPUNAADMBBB
YYYYYYYYYYYCCCVPUNAADMBBB
YYYYYYYYYYYCCCVPUNAADMBBB
YYYYYYYYYYYCCCVPUNAADMBBB
YYYYYYYYYYYCCCVPUNAADMBBB
Case #22:
AAAAABBBBBBBBBBBBBBBBBBBB
AAAAABBBBBBBBBBBBBBBBBBBB
CEEEEBBBBBBBBBBBBBBBBBBBB
CEEEEDDDDDDDDFHJJJJJJJJJJ
CEEEEDDDDDDDDFHJJJJJJJJJJ
CEEEEDDDDDDDDFHJJJJJJJJJJ
CEEEEDDDDDDDDFHJJJJJJJJJJ
CEEEEDDDDDDDDFHJJJJJJJJJJ
CEEEEDDDDDDDDFHJJJJJJJJJJ
CEEEEDDDDDDDDFHJJJJJJJJJJ
CEEEEDDDDDDDDFHJJJJJJJJJJ
CEEEEDDDDDDDDFHJJJJJJJJJJ
CEEEEDDDDDDDDFHJJJJJJJJJJ
CEEEEDDDDDDDDFHJJJJJJJJJJ
CEEEEDDDDDDDDFHJJJJJJJJJJ
CEEEEDDDDDDDDFHJJJJJJJJJJ
CEEEEDDDDDDDDFHJJJJJJJJJJ
CEEEEDDDDDDDDFHJJJJJJJJJJ
CEEEEDDDDDDDDFHJJJJJJJJJJ
CEEEEDDDDDDDDFHJJJJJJJJJJ
CEEEEDDDDDDDDFHJJJJJJJJJJ
CEEEEDDDDDDDDGHIIIIIIIIII
CEEEEDDDDDDDDGHIIIIIIIIII
CEEEEDDDDDDDDGHIIIIIIIIII
CEEEEDDDDDDDDGHIIIIIIIIII
Case #23:
G
G
G
A
E
J
J
J
D
D
D
H
L
F
M
M
M
M
C
C
C
B
K
K
I
Case #24:
TTTTTTTTTTTTTTTTTXPPPJRRR
TTTTTTTTTTTTTTTTTXPPPJRRR
TTTTTTTTTTTTTTTTTXPPPJRRR
TTTTTTTTTTTTTTTTTXPPPJRRR
VVVVVVVVVVVVVVOOGXPPPJRRR
VVVVVVVVVVVVVVOOGXPPPJRRR
ZZZZZZDDDDSQUUOOGXPPPJRRR
ZZZZZZDDDDSQUUOOGXPPPJRRR
ZZZZZZDDDDSQUUOOGXPPPJRRR
ZZZZZZDDDDSQUUOOGXPPPJRRR
ZZZZZZDDDDSQUUOOGXPPPJRRR
ZZZZZZDDDDSQUUOOGXPPPJRRR
ZZZZZZDDDDSQUUNEGXPPPJRRR
ZZZZZZCKKKSQUUNEGXBHHJRRR
ZZZZZZCKKKSQUUNEGXBHHJRRR
ZZZZZZCKKKSQUUNEGLBHHJRRR
ZZZZZZCKKKSQUUNEGLBHHJRRR
ZZZZZZCKKKSQUUNEWLBIIJRRR
ZZZZZZCKKKSQUUNEWLBIIJRRR
AAAAAACKKKSQUUNEWLBYYJRRR
AAAAAACKKKSQUUNEWLBYYJRRR
AAAAAACKKKSQUUNEWLBYYJRRR
AAAAAACKKKSQUUNEWLBYYJFFF
AAAAAACKKKSQUUNEWLBYYJFFF
AAAAAACKKKSQMMNEWLBYYJFFF
Case #25:
ABCDEFGHIJKLMNOPQRSTUVWXY
ABCDEFGHIJKLMNOPQRSTUVWXY
ABCDEFGHIJKLMNOPQRSTUVWXY
ABCDEFGHIJKLMNOPQRSTUVWXY
ABCDEFGHIJKLMNOPQRSTUVWXY
ABCDEFGHIJKLMNOPQRSTUVWXY
ABCDEFGHIJKLMNOPQRSTUVWXY
ABCDEFGHIJKLMNOPQRSTUVWXY
ABCDEFGHIJKLMNOPQRSTUVWXY
ABCDEFGHIJKLMNOPQRSTUVWXY
ABCDEFGHIJKLMNOPQRSTUVWXY
ABCDEFGHIJKLMNOPQRSTUVWXY
ABCDEFGHIJKLMNOPQRSTUVWXY
ABCDEFGHIJKLMNOPQRSTUVWXY
ABCDEFGHIJKLMNOPQRSTUVWXY
ABCDEFGHIJKLMNOPQRSTUVWXY
ABCDEFGHIJKLMNOPQRSTUVWXY
ABCDEFGHIJKLMNOPQRSTUVWXY
ABCDEFGHIJKLMNOPQRSTUVWXY
ABCDEFGHIJKLMNOPQRSTUVWXY
ABCDEFGHIJKLMNOPQRSTUVWXY
ABCDEFGHIJKLMNOPQRSTUVWXY
ABCDEFGHIJKLMNOPQRSTUVWXY
ABCDEFGHIJKLMNOPQRSTUVWXY
ABCDEFGHIJKLMNOPQRSTUVWXY
Case #26:
FFFFFFFFFFFFFFFFFFFFFFFFF
FFFFFFFFFFFFFFFFFFFFFFFFF
FFFFFFFFFFFFFFFFFFFFFFFFF
FFFFFFFFFFFFFFFFFFFFFFFFF
FFFFFFFFFFFFFFFFFFFFFFFFF
FFFFFFFFFFFFFFFFFFFFFFFFF
FFFFFFFFFFFFFFFFFFFFFFFFF
FFFFFFFFFFFFFFFFFFFFFFFFF
FFFFFFFFFFFFFFFFFFFFFFFFF
FFFFFFFFFFFFFFFFFFFFFFFFF
FFFFFFFFFFFFFFFFFFFFFFFFF
FFFFFFFFFFFFFFFFFFFFFFFFF
FFFFFFFFFFFFFFFFFFFFFFFFF
FFFFFFFFFFFFFFFFFFFFFFFFF
HHHHHHHHHHHHHHHHHHHHIUQQQ
AAAAAAAAAAAAAAAAAACXIUQQQ
AAAAAAAAAAAAAAAAAACXTUWWV
AAAAAAAAAAAAAAAAAACXTZGSM
AAAAAAAAAAAAAAAAAAYXPODSB
AAAAAAAAAAAAAAAAAAYXNOLSB
AAAAAAAAAAAAAAAAAAYXJELSB
AAAAAAAAAAAAAAAAAAYKRELSB
AAAAAAAAAAAAAAAAAAYKRELSB
AAAAAAAAAAAAAAAAAAYKRELSB
AAAAAAAAAAAAAAAAAAYKRELSB
Case #27:
IIIIIIIIIIIIIIIIIIIIIIIIK
IIIIIIIIIIIIIIIIIIIIIIIIK
IIIIIIIIIIIIIIIIIIIIIIIIK
IIIIIIIIIIIIIIIIIIIIIIIIK
YYYYYYYYDDDDDDDDDDDDDDDDK
YYYYYYYYDDDDDDDDDDDDDDDDK
YYYYYYYYMMLLGGGGGBBBBORRK
YYYYYYYYMMLLGGGGGBBBBORRK
YYYYYYYYMMLLGGGGGBBBBORRK
VVQQQQQQMMLLGGGGGBBBBORRK
VVQQQQQQMMLLGGGGGUSSSORRK
VVQQQQQQMMLLGGGGGUSSSORRK
VVQQQQQQMMLLGGGGGUSSSORRK
VVXZZZZZMMLLGGGGGUSSSORRK
VVXZZZZZMMLLGGGGGUSSSORRK
VVXZZZZZNHLLGGGGGUSSSORRK
VVXZZZZZNHLLGGGGGUSSSORRK
VVXZZZZZNHLLFFFFFUSSSORRK
VVXZZZZZNHLLEEEEEUSSSORRK
VVXZZZZZNHLLJJJJJUSSSORRK
VVXZZZZZNHLLCCCCCUSSSORRP
VVXZZZZZNHLLCCCCCUSSSORRP
VVXZZZZZNHLLCCCCCUAAAORRP
VVXWTTTTNHLLCCCCCUAAAORRP
VVXWTTTTNHLLCCCCCUAAAORRP
Case #28:
AA
Case #29:
BTTTTTKUQXXZCRRRRRHPVVMMM
BNAYYEKUQSDFCLWJOOHPIGMMM
Case #30:
NNNNNNNNNNNNNNNNNNNNNNNNN
NNNNNNNNNNNNNNNNNNNNNNNNN
NNNNNNNNNNNNNNNNNNNNNNNNN
NNNNNNNNNNNNNNNNNNNNNNNNN
NNNNNNNNNNNNNNNNNNNNNNNNN
NNNNNNNNNNNNNNNNNNNNNNNNN
NNNNNNNNNNNNNNNNNNNNNNNNN
NNNNNNNNNNNNNNNNNNNNNNNNN
NNNNNNNNNNNNNNNNNNNNNNNNN
ZZZZZZZZZZZZZZZZZZZZZFGMU
IIIIIIIIIIIIIIIIIIITRFPMU
DDDDDDDDDDDDDDDDDDDTRFPMU
DDDDDDDDDDDDDDDDDDDTRFPMU
EEEEEEEEEEEEEEEWWWWTRFPMJ
EEEEEEEEEEEEEEEWWWWTRFPQJ
EEEEEEEEEEEEEEEWWWWTXFLQJ
EEEEEEEEEEEEEEEWWWWTXSCQJ
EEEEEEEEEEEEEEEWWWWTOHCQJ
EEEEEEEEEEEEEEEWWWWTOYAQJ
EEEEEEEEEEEEEEEWWWWTOYAQJ
EEEEEEEEEEEEEEEWWWWTOYAKJ
EEEEEEEEEEEEEEEWWWWTOYAVJ
EEEEEEEEEEEEEEEWWWWTOYABJ
EEEEEEEEEEEEEEEWWWWTOYABJ
EEEEEEEEEEEEEEEWWWWTOYABJ
Case #31:
DXXXXXXXXXXXXXXXXZZZZZZZZ
DXXXXXXXXXXXXXXXXZZZZZZZZ
DXXXXXXXXXXXXXXXXZZZZZZZZ
DXXXXXXXXXXXXXXXXGIHHHHHH
DXXXXXXXXXXXXXXXXGIHHHHHH
DQQQQQQQQQQQBBBBBGIHHHHHH
DQQQQQQQQQQQBBBBBGIPPPPPP
DQQQQQQQQQQQFEESSGIPPPPPP
DQQQQQQQQQQQFEESSWIPPPPPP
DQQQQQQQQQQQFEESSWIPPPPPP
DQQQQQQQQQQQFEESSWIMMMOCC
DQQQQQQQQQQQFEESSWIMMMOCC
DQQQQQQQQQQQFEESSAIMMMOCC
DUUUUUUUUUUJFEESSAIMMMOCC
DUUUUUUUUUUJFEESSAIMMMOCC
DUUUUUUUUUUJFEESSAIMMMOVK
DTTTTTTTTTTJFRRSSAIMMMOVK
DTTTTTTTTTTJFRRSSAIMMMOVK
DTTTTTTTTTTJFRRLLAIMMMOVK
DTTTTTTTTTTJFRRLLAIMMMOVK
DYYYYYYNNNNJFRRLLAIMMMOVK
DYYYYYYNNNNJFRRLLAIMMMOVK
DYYYYYYNNNNJFRRLLAIMMMOVK
DYYYYYYNNNNJFRRLLAIMMMOVK
DYYYYYYNNNNJFRRLLAIMMMOVK
Case #32:
ACEEEEEEEEEEEEEEEEEEEEEEE
ACEEEEEEEEEEEEEEEEEEEEEEE
ACEEEEEEEEEEEEEEEEEEEEEEE
ACEEEEEEEEEEEEEEEEEEEEEEE
ACEEEEEEEEEEEEEEEEEEEEEEE
ACEEEEEEEEEEEEEEEEEEEEEEE
ACEEEEEEEEEEEEEEEEEEEEEEE
ACEEEEEEEEEEEEEEEEEEEEEEE
ACEEEEEEEEEEEEEEEEEEEEEEE
ACEEEEEEEEEEEEEEEEEEEEEEE
BCDDDDDDDDDDDDDDDDFFFFFGG
BCDDDDDDDDDDDDDDDDFFFFFGG
BCDDDDDDDDDDDDDDDDFFFFFGG
BCDDDDDDDDDDDDDDDDHJJJJGG
BCDDDDDDDDDDDDDDDDHJJJJII
BCDDDDDDDDDDDDDDDDHJJJJII
BCDDDDDDDDDDDDDDDDHJJJJII
BCDDDDDDDDDDDDDDDDHJJJJII
BCDDDDDDDDDDDDDDDDHJJJJII
BCDDDDDDDDDDDDDDDDHJJJJII
BCDDDDDDDDDDDDDDDDHJJJJII
BCDDDDDDDDDDDDDDDDHJJJJII
BCDDDDDDDDDDDDDDDDHJJJJII
BCDDDDDDDDDDDDDDDDHJJJJII
BCDDDDDDDDDDDDDDDDHJJJJII
Case #33:
RRRRRRRRRRRRRRRRRRRRRRRRR
IIIIIVBBGGGGGGGGGGGGGKEMM
IIIIIVBBGGGGGGGGGGGGGKEMM
IIIIIVBBGGGGGGGGGGGGGKEMM
IIIIIVBBGGGGGGGGGGGGGKEMM
IIIIIVBBGGGGGGGGGGGGGKEMM
IIIIIVBBGGGGGGGGGGGGGKEMM
IIIIIVBBGGGGGGGGGGGGGKEMM
IIIIIVBBGGGGGGGGGGGGGKEMM
IIIIIVBBGGGGGGGGGGGGGKEMM
IIIIIVBBAAAAAAAAALLLOKEMM
ZZZZZVBBPPPPPPPPULLLOKEMM
SSSSSVBBPPPPPPPPULLLOKEMM
SSSSSVBBXXXTTTTJULLLOKEMM
FFFFFVBBXXXTTTTJULLLOKEMM
FFFFFVBBXXXTTTTJULLLOKEMM
FFFFFVBBXXXTTTTJULLLOKEHH
WWWYYVBBXXXTTTTJULLLOKEHH
WWWYYVBBXXXTTTTJULLLOKEHH
WWWYYVBBXXXTTTTJUDDDOKEHH
WWWYYVBBXXXTTTTJUDDDOKEHH
WWWYYVBBXXXTTTTJUDDDOKEHH
WWWYYVBBQQQTTTTJUDDDOKEHH
WWWYYVBBQQQTTTTJUDDDOKCNN
WWWYYVBBQQQTTTTJUDDDOKCNN
Case #34:
AAAAAAAAABBBBBBBBBBBBBBBB
AAAAAAAAABBBBBBBBBBBBBBBB
AAAAAAAAABBBBBBBBBBBBBBBB
AAAAAAAAABBBBBBBBBBBBBBBB
AAAAAAAAABBBBBBBBBBBBBBBB
AAAAAAAAABBBBBBBBBBBBBBBB
AAAAAAAAABBBBBBBBBBBBBBBB
CCCCCEEEEBBBBBBBBBBBBBBBB
CCCCCEEEEDDDDDDDDDDDDDDDD
CCCCCEEEEDDDDDDDDDDDDDDDD
CCCCCEEEEDDDDDDDDDDDDDDDD
CCCCCEEEEDDDDDDDDDDDDDDDD
CCCCCEEEEDDDDDDDDDDDDDDDD
CCCCCEEEEDDDDDDDDDDDDDDDD
CCCCCEEEEDDDDDDDDDDDDDDDD
CCCCCEEEEDDDDDDDDDDDDDDDD
CCCCCEEEEDDDDDDDDDDDDDDDD
CCCCCEEEEDDDDDDDDDDDDDDDD
CCCCCEEEEDDDDDDDDDDDDDDDD
CCCCCEEEEDDDDDDDDDDDDDDDD
CCCCCEEEEDDDDDDDDDDDDDDDD
CCCCCEEEEDDDDDDDDDDDDDDDD
CCCCCEEEEDDDDDDDDDDDDDDDD
CCCCCEEEEDDDDDDDDDDDDDDDD
CCCCCEEEEDDDDDDDDDDDDDDDD
Case #35:
ABCDEFGHIJKLMNOPQRSTUVWXY
ABCDEFGHIJKLMNOPQRSTUVWXY
ABCDEFGHIJKLMNOPQRSTUVWXY
ABCDEFGHIJKLMNOPQRSTUVWXY
ABCDEFGHIJKLMNOPQRSTUVWXY
ABCDEFGHIJKLMNOPQRSTUVWXY
ABCDEFGHIJKLMNOPQRSTUVWXY
ABCDEFGHIJKLMNOPQRSTUVWXY
ABCDEFGHIJKLMNOPQRSTUVWXY
ABCDEFGHIJKLMNOPQRSTUVWXY
ABCDEFGHIJKLMNOPQRSTUVWXY
ABCDEFGHIJKLMNOPQRSTUVWXY
ABCDEFGHIJKLMNOPQRSTUVWXY
ABCDEFGHIJKLMNOPQRSTUVWXY
ABCDEFGHIJKLMNOPQRSTUVWXY
ABCDEFGHIJKLMNOPQRSTUVWXY
ABCDEFGHIJKLMNOPQRSTUVWXY
ABCDEFGHIJKLMNOPQRSTUVWXY
ABCDEFGHIJKLMNOPQRSTUVWXY
ABCDEFGHIJKLMNOPQRSTUVWXY
ABCDEFGHIJKLMNOPQRSTUVWXY
ABCDEFGHIJKLMNOPQRSTUVWXY
ABCDEFGHIJKLMNOPQRSTUVWXY
ABCDEFGHIJKLMNOPQRSTUVWXY
ABCDEFGHIJKLMNOPQRSTUVWXY
Case #36:
YYYYYYYYYYYYYYYYYYYYYYYYY
YYYYYYYYYYYYYYYYYYYYYYYYY
YYYYYYYYYYYYYYYYYYYYYYYYY
KKKKDDDDDDDDDDDDDDDDDDPPX
KKKKRLLLLLLLLLLLLLLLLLPPX
EEEERLLLLLLLLLLLLLLLLLPPX
EEEERLLLLLLLLLLLLLLLLLPPX
EEEERBBBBBBBBBBBBBBBBBPPX
EEEERBBBBBBBBBBBBBBBBBPPX
EEEERWWWWWWWWWWWWWWWWQPPX
EEEERTFFFFFOOOOOOOOOOQPPX
EEEEVTFFFFFOOOOOOOOOOQPPX
EEEEVTFFFFFUUUUUUMMMMQPPX
EEEEVTFFFFFUUUUUUMMMMQPPX
NNNNVTFFFFFUUUUUUMMMMQIIX
NNNNVTFFFFFUUUUUUMMMMQIIX
NNNNVTFFFFFUUUUUUMMMMQIIX
NNNNVTFFFFFUUUUUUMMMMQIIX
SSSSVTFFFFFUUUUUUMMMMQIIX
SSSSVTFFFFFUUUUUUMMMMQIIX
SSSSVTFFFFFCCCCCCMMMMQIIX
SSSSVTGGJJJCCCCCCHHHHQIIX
SSSSVTGGJJJCCCCCCHHHHQIIX
SSSSVTGGJJJCCCCCCHHHHQAAX
SSSSVTGGJJJZZZZZZHHHHQAAX
Case #37:
WWWWWWWWWWWWWWWWWWWWWWWWW
VVVVVVVVVVVVVVVVVVVVVVVVY
HHHHHHHHHHHHHHHHHHHHHHZKY
GGGGGGGGGGGGGGGGGGGGGGZRP
SSSSSSSSSSSSSSSSSSSSSSZLI
MMMMMMMMMMMMMMMMMMMNNNZLA
MMMMMMMMMMMMMMMMMMMTBBZLU
MMMMMMMMMMMMMMMMMMMTQFZLU
MMMMMMMMMMMMMMMMMMMTQFCLU
MMMMMMMMMMMMMMMMMMMTQFJLE
MMMMMMMMMMMMMMMMMMMTQFXOE
MMMMMMMMMMMMMMMMMMMTQFXDE
MMMMMMMMMMMMMMMMMMMTQFXDE
MMMMMMMMMMMMMMMMMMMTQFXDE
MMMMMMMMMMMMMMMMMMMTQFXDE
MMMMMMMMMMMMMMMMMMMTQFXDE
MMMMMMMMMMMMMMMMMMMTQFXDE
MMMMMMMMMMMMMMMMMMMTQFXDE
MMMMMMMMMMMMMMMMMMMTQFXDE
MMMMMMMMMMMMMMMMMMMTQFXDE
MMMMMMMMMMMMMMMMMMMTQFXDE
MMMMMMMMMMMMMMMMMMMTQFXDE
MMMMMMMMMMMMMMMMMMMTQFXDE
MMMMMMMMMMMMMMMMMMMTQFXDE
MMMMMMMMMMMMMMMMMMMTQFXDE
Case #38:
RRRRRRRRRRRRRRRRRRRRRRRRR
RRRRRRRRRRRRRRRRRRRRRRRRR
RRRRRRRRRRRRRRRRRRRRRRRRR
OOOOOOOOOOOOOOOOOBBBGGGGG
OOOOOOOOOOOOOOOOOBBBGGGGG
OOOOOOOOOOOOOOOOOBBBGGGGG
OOOOOOOOOOOOOOOOOBBBGGGGG
AADDDFFFFFFFFFFFFBBBGGGGG
AADDDFFFFFFFFFFFFBBBJJWWW
AADDDFFFFFFFFFFFFBBBJJWWW
LLDDDUUUUUUUUUUUUBBBJJXXX
LLDDDMMMMMMMMMMMMBBBJJXXX
LLDDDMMMMMMMMMMMMBBBJJXXX
LLDDDPKKKVVVVVVVVBBBJJXXX
LLDDDPKKKEEEEEEEEBBBJJXXX
LLDDDPKKKHSSSSZZZBBBJJXXX
LLCCYPKKKHSSSSZZZBBBTTXXX
LLCCYPKKKHSSSSZZZBBBIIXXX
LLCCYPKKKHSSSSZZZBBBIIXXX
LLCCYPKKKHSSSSZZZBBBIIXXX
LLCCYPKKKHNNNNZZZBBBIIXXX
LLCCYPKKKHNNNNZZZBBBIIXXX
LLCCYPKKKHNNNNZZZBBBIIXXX
LLCCYPKKKHNNNNZZZQQQIIXXX
LLCCYPKKKHNNNNZZZQQQIIXXX
Case #39:
ABBBCDDDEFFFGHHHIJJJKLLLM
ANNOCPPQERRSGTTUIVVWKXXYM
ZNNOCPPQERRSGTTUIVVWKXXYM
ZNNOCPPQERRSGTTUIVVWKXXYM
ZNNOCPPQERRSGTTUIVVWKXXYM
ZNNOCPPQERRSGTTUIVVWKXXYM
ZNNOCPPQERRSGTTUIVVWKXXYM
ZNNOCPPQERRSGTTUIVVWKXXYM
ZNNOCPPQERRSGTTUIVVWKXXYM
ZNNOCPPQERRSGTTUIVVWKXXYM
ZNNOCPPQERRSGTTUIVVWKXXYM
ZNNOCPPQERRSGTTUIVVWKXXYM
ZNNOCPPQERRSGTTUIVVWKXXYM
ZNNOCPPQERRSGTTUIVVWKXXYM
ZNNOCPPQERRSGTTUIVVWKXXYM
ZNNOCPPQERRSGTTUIVVWKXXYM
ZNNOCPPQERRSGTTUIVVWKXXYM
ZNNOCPPQERRSGTTUIVVWKXXYM
ZNNOCPPQERRSGTTUIVVWKXXYM
ZNNOCPPQERRSGTTUIVVWKXXYM
ZNNOCPPQERRSGTTUIVVWKXXYM
ZNNOCPPQERRSGTTUIVVWKXXYM
ZNNOCPPQERRSGTTUIVVWKXXYM
ZNNOCPPQERRSGTTUIVVWKXXYM
ZNNOCPPQERRSGTTUIVVWKXXYM
Case #40:
AAAAAAAAAAAAABBBBBBBBBBBB
AAAAAAAAAAAAABBBBBBBBBBBB
AAAAAAAAAAAAABBBBBBBBBBBB
AAAAAAAAAAAAABBBBBBBBBBBB
AAAAAAAAAAAAABBBBBBBBBBBB
AAAAAAAAAAAAABBBBBBBBBBBB
AAAAAAAAAAAAABBBBBBBBBBBB
AAAAAAAAAAAAABBBBBBBBBBBB
AAAAAAAAAAAAABBBBBBBBBBBB
AAAAAAAAAAAAABBBBBBBBBBBB
CCCCCCCCCEEEEBBBBBBBBBBBB
CCCCCCCCCEEEEDDDDDDDDDDDD
CCCCCCCCCEEEEDDDDDDDDDDDD
CCCCCCCCCEEEEDDDDDDDDDDDD
CCCCCCCCCEEEEDDDDDDDDDDDD
CCCCCCCCCEEEEDDDDDDDDDDDD
CCCCCCCCCEEEEDDDDDDDDDDDD
CCCCCCCCCEEEEDDDDDDDDDDDD
CCCCCCCCCEEEEDDDDDDDDDDDD
CCCCCCCCCEEEEDDDDDDDDDDDD
CCCCCCCCCEEEEDDDDDDDDDDDD
CCCCCCCCCEEEEDDDDDDDDDDDD
CCCCCCCCCEEEEDDDDDDDDDDDD
CCCCCCCCCEEEEDDDDDDDDDDDD
CCCCCCCCCEEEEDDDDDDDDDDDD
Case #41:
PPPPPPPPPPPPPPPPPPPPPPPPP
ZZZZZZZZZZZZZZZZZZZZZZZZZ
ZZZZZZZZZZZZZZZZZZZZZZZZZ
GGGGGGGGGGGGGGGGGGGGGGGGG
OOKKKYYYYYYFFFFWWWWWTTCCC
OOKKKYYYYYYFFFFWWWWWTTCCC
OOKKKYYYYYYFFFFWWWWWTTCCC
OOKKKYYYYYYFFFFWWWWWTTCCC
OOKKKYYYYYYFFFFWWWWWTTCCC
OOKKKYYYYYYFFFFWWWWWTTCCC
OOKKKJSSSHHFFFFWWWWWTTCCC
OOKKKJSSSHHFFFFWWWWWTTCCC
OOLLLJSSSHHFFFFWWWWWTTCCC
OORQQJSSSHHFFFFWWWWWTTCCC
OORQQJSSSHHFFFFNNNMETTCCC
OORQQJSSSHHFFFFNNNMETTCCC
OORQQJSSSHHFFFFNNNMETTCCC
OORQQJSSSHHFFFFNNNMETTCCC
OORQQJSSSHHFFFFNNNMETTCCC
OORQQJSSSHHFFFFNNNMETTVVV
OORQQJXXXHHFFFFNNNMETTVVV
BBRIIJXXXHHFFFFNNNMETTAAA
BBRUUJXXXHHFFFFNNNMETTAAA
BBRUUJXXXHHFFFFNNNMETTAAA
BBRUUJXXXHHFFFFDDDMETTAAA
Case #42:
AAAAAAAAAAAAAAAAAAABBBBBB
AAAAAAAAAAAAAAAAAAABBBBBB
AAAAAAAAAAAAAAAAAAABBBBBB
AAAAAAAAAAAAAAAAAAABBBBBB
AAAAAAAAAAAAAAAAAAABBBBBB
AAAAAAAAAAAAAAAAAAABBBBBB
AAAAAAAAAAAAAAAAAAABBBBBB
AAAAAAAAAAAAAAAAAAABBBBBB
AAAAAAAAAAAAAAAAAAABBBBBB
AAAAAAAAAAAAAAAAAAABBBBBB
CCCCCCCCCCCCCCCEEEEBBBBBB
CCCCCCCCCCCCCCCEEEEDDDDDD
CCCCCCCCCCCCCCCEEEEDDDDDD
CCCCCCCCCCCCCCCEEEEDDDDDD
CCCCCCCCCCCCCCCEEEEDDDDDD
CCCCCCCCCCCCCCCEEEEDDDDDD
CCCCCCCCCCCCCCCEEEEDDDDDD
CCCCCCCCCCCCCCCEEEEDDDDDD
CCCCCCCCCCCCCCCEEEEDDDDDD
CCCCCCCCCCCCCCCEEEEDDDDDD
CCCCCCCCCCCCCCCEEEEDDDDDD
CCCCCCCCCCCCCCCEEEEDDDDDD
CCCCCCCCCCCCCCCEEEEDDDDDD
CCCCCCCCCCCCCCCEEEEDDDDDD
CCCCCCCCCCCCCCCEEEEDDDDDD
Case #43:
AAA
AAA
AAA
AAA
AAA
Case #44:
AAAAAAAAAAAAAAAAAAAAAAAAA
BBBBBBBBBBBBBBBBBBBBBBBBB
CCCCCCCCCCCCCCCCCCCCCCCCC
DDDDDDDDDDDDDDDDDDDDDDDDD
EEEEEEEEEEEEEEEEEEEEEEEEE
FFFFFFFFFFFFFFFFFFFFFFFFF
GGGGGGGGGGGGGGGGGGGGGGGGG
HHHHHHHHHHHHHHHHHHHHHHHHH
IIIIIIIIIIIIIIIIIIIIIIIII
JJJJJJJJJJJJJJJJJJJJJJJJJ
KKKKKKKKKKKKKKKKKKKKKKKKK
LLLLLLLLLLLLLLLLLLLLLLLLL
MMMMMMMMMMMMMMMMMMMMMMMMM
NNNNNNNNNNNNNNNNNNNNNNNNN
OOOOOOOOOOOOOOOOOOOOOOOOO
PPPPPPPPPPPPPPPPPPPPPPPPP
QQQQQQQQQQQQQQQQQQQQQQQQQ
RRRRRRRRRRRRRRRRRRRRRRRRR
SSSSSSSSSSSSSSSSSSSSSSSSS
TTTTTTTTTTTTTTTTTTTTTTTTT
UUUUUUUUUUUUUUUUUUUUUUUUU
VVVVVVVVVVVVVVVVVVVVVVVVV
WWWWWWWWWWWWWWWWWWWWWWWWW
XXXXXXXXXXXXXXXXXXXXXXXXX
YYYYYYYYYYYYYYYYYYYYYYYYY
Case #45:
ABCDEFGHIJKLMNOPQRSTUVWXY
ABCDEFGHIJKLMNOPQRSTUVWXY
ABCDEFGHIJKLMNOPQRSTUVWXY
ABCDEFGHIJKLMNOPQRSTUVWXY
ABCDEFGHIJKLMNOPQRSTUVWXY
ABCDEFGHIJKLMNOPQRSTUVWXY
ABCDEFGHIJKLMNOPQRSTUVWXY
ABCDEFGHIJKLMNOPQRSTUVWXY
ABCDEFGHIJKLMNOPQRSTUVWXY
ABCDEFGHIJKLMNOPQRSTUVWXY
ABCDEFGHIJKLMNOPQRSTUVWXY
ABCDEFGHIJKLMNOPQRSTUVWXY
ABCDEFGHIJKLMNOPQRSTUVWXY
ABCDEFGHIJKLMNOPQRSTUVWXY
ABCDEFGHIJKLMNOPQRSTUVWXY
ABCDEFGHIJKLMNOPQRSTUVWXY
ABCDEFGHIJKLMNOPQRSTUVWXY
ABCDEFGHIJKLMNOPQRSTUVWXY
ABCDEFGHIJKLMNOPQRSTUVWXY
ABCDEFGHIJKLMNOPQRSTUVWXY
ABCDEFGHIJKLMNOPQRSTUVWXY
ABCDEFGHIJKLMNOPQRSTUVWXY
ABCDEFGHIJKLMNOPQRSTUVWXY
ABCDEFGHIJKLMNOPQRSTUVWXY
ABCDEFGHIJKLMNOPQRSTUVWXY
Case #46:
UUUUUUUUUUUUUUUUUUUUUUUUU
HHHHHHHHHHHHHHHHHHHHHHHHH
HHHHHHHHHHHHHHHHHHHHHHHHH
HHHHHHHHHHHHHHHHHHHHHHHHH
HHHHHHHHHHHHHHHHHHHHHHHHH
HHHHHHHHHHHHHHHHHHHHHHHHH
JJJRRRRRRRRRRRRRRRRRRIIII
JJJRRRRRRRRRRRRRRRRRRIIII
JJJRRRRRRRRRRRRRRRRRRIIII
JJJAACCCCCCCCCVVVTTTTIIII
JJJAACCCCCCCCCVVVTTTTIIII
JJJAACCCCCCCCCVVVTTTTBBBB
JJJAACCCCCCCCCVVVTTTTBBBB
JJJAAFFFQQQQQMVVVTTTTBBBB
JJJAAFFFQQQQQMVVVTTTTBBBB
JJJAAFFFQQQQQMVVVPPGEBBBB
YYYAAFFFQQQQQMVVVPPGEBBBB
YYYAAFFFQQQQQMVVVPPGEBBBB
XOOAAFFFQQQQQMVVVPPGEBBBB
XOOAAFFFQQQQQMVVVPPGEBBBB
XOOAAFFFNNNNNMVVVPPGEBBBB
XOOAAKKKNNNNNMVVVPPSEWWDD
XOOAAKKKNNNNNMVVVPPSEWWDD
XOOAAKKKNNNNNMLLLPPSEWWDD
Case #47:
ABCDEFGHIJKLMNOPQRSTUVWXY
ABCDEFGHIJKLMNOPQRSTUVWXY
ABCDEFGHIJKLMNOPQRSTUVWXY
ABCDEFGHIJKLMNOPQRSTUVWXY
ABCDEFGHIJKLMNOPQRSTUVWXY
ABCDEFGHIJKLMNOPQRSTUVWXY
ABCDEFGHIJKLMNOPQRSTUVWXY
ABCDEFGHIJKLMNOPQRSTUVWXY
ABCDEFGHIJKLMNOPQRSTUVWXY
ABCDEFGHIJKLMNOPQRSTUVWXY
ABCDEFGHIJKLMNOPQRSTUVWXY
ABCDEFGHIJKLMNOPQRSTUVWXY
ABCDEFGHIJKLMNOPQRSTUVWXY
ABCDEFGHIJKLMNOPQRSTUVWXY
ABCDEFGHIJKLMNOPQRSTUVWXY
ABCDEFGHIJKLMNOPQRSTUVWXY
ABCDEFGHIJKLMNOPQRSTUVWXY
ABCDEFGHIJKLMNOPQRSTUVWXY
ABCDEFGHIJKLMNOPQRSTUVWXY
ABCDEFGHIJKLMNOPQRSTUVWXY
ABCDEFGHIJKLMNOPQRSTUVWXY
ABCDEFGHIJKLMNOPQRSTUVWXY
ABCDEFGHIJKLMNOPQRSTUVWXY
ABCDEFGHIJKLMNOPQRSTUVWXY
ABCDEFGHIJKLMNOPQRSTUVWXY
Case #48:
AA
BB
Case #49:
BB
CA
Case #50:
UUUUUUUUUUUUUUUUUUUUUUUUU
UUUUUUUUUUUUUUUUUUUUUUUUU
UUUUUUUUUUUUUUUUUUUUUUUUU
UUUUUUUUUUUUUUUUUUUUUUUUU
UUUUUUUUUUUUUUUUUUUUUUUUU
UUUUUUUUUUUUUUUUUUUUUUUUU
UUUUUUUUUUUUUUUUUUUUUUUUU
UUUUUUUUUUUUUUUUUUUUUUUUU
UUUUUUUUUUUUUUUUUUUUUUUUU
UUUUUUUUUUUUUUUUUUUUUUUUU
UUUUUUUUUUUUUUUUUUUUUUUUU
UUUUUUUUUUUUUUUUUUUUUUUUU
UUUUUUUUUUUUUUUUUUUUUUUUU
UUUUUUUUUUUUUUUUUUUUUUUUU
FFFFFFFFFFFFFFFQHHHHHHHHH
FFFFFFFFFFFFFFFQPPPPPPPPP
FFFFFFFFFFFFFFFQNNDDDDDDD
OOOOOOOOOOOOOVRJCMYEEEEEE
TTTTTTTTTTTTTVAJKXYEEEEEE
SSSSSSSSSSSSSVAWGZYEEEEEE
SSSSSSSSSSSSSLAWGZYEEEEEE
SSSSSSSSSSSSSBAWIZYEEEEEE
SSSSSSSSSSSSSBAWIZYEEEEEE
SSSSSSSSSSSSSBAWIZYEEEEEE
SSSSSSSSSSSSSBAWIZYEEEEEE
Case #51:
YYYYYYYYYYYYYYWWWJJJJJJJ
YYYYYYYYYYYYYYWWWJJJJJJJ
YYYYYYYYYYYYYYWWWJJJJJJJ
ADDDDDDDDDDDDDWWWJJJJJJJ
ADDDDDDDDDDDDDWWWJJJJJJJ
ADDDDDDDDDDDDDWWWJJJJJJJ
ABBBBBBBBBBBBBWWWJJJJJJJ
ANSSSIIIIIIIIIWWWJJJJJJJ
ANSSSIIIIIIIIIXXXJJJJJJJ
ANSSSIIIIIIIIIXXXJJJJJJJ
ANSSSIIIIIIIIIXXXJJJJJJJ
ANSSSIIIIIIIIIXXXJJJJJJJ
ANSSSIIIIIIIIIXXXJJJJJJJ
ANSSSIIIIIIIIIGGGJJJJJJJ
ANSSSIIIIIIIIIGGGJJJJJJJ
AUSSSIIIIIIIIIGGGJJJJJJJ
AUSSSHHHHMOOOOGGGJJJJJJJ
APSSSLCCCMOOOOFFFJJJJJJJ
APQQQLCCCMOOOOFFFKKVVVVV
APQQQLTTTMOOOOFFFKKVVVVV
APQQQLTTTMRRRRFFFKKVVVVV
APQQQLTTTMRRRRFFFKKVVVVV
APQQQLTTTMRRRRFFFKKVVVVV
APQQQLTTTMRRRRFFFKKVVVVV
APEEELTTTMRRRRFFFKKVVVVV
Case #52:
UUUUUUUUUUUUUUUUUUUUUUUUU
UUUUUUUUUUUUUUUUUUUUUUUUU
UUUUUUUUUUUUUUUUUUUUUUUUU
UUUUUUUUUUUUUUUUUUUUUUUUU
UUUUUUUUUUUUUUUUUUUUUUUUU
UUUUUUUUUUUUUUUUUUUUUUUUU
UUUUUUUUUUUUUUUUUUUUUUUUU
UUUUUUUUUUUUUUUUUUUUUUUUU
UUUUUUUUUUUUUUUUUUUUUUUUU
UUUUUUUUUUUUUUUUUUUUUUUUU
YYYYYYYYYYYYYYYYYHAAAIIII
YYYYYYYYYYYYYYYYYHAAAIIII
BBBBBBBBBBBBBBBBBHAAAIIII
SSSSSSSSSSSSLLLLLHAAAIIII
SSSSSSSSSSSSLLLLLHTCCIIII
SSSSSSSSSSSSEVVVKHTCCIIII
PPPPPPPPPPPPEJMWNFGCCIIII
PPPPPPPPPPPPEJMWOXZCCIIII
PPPPPPPPPPPPEJMWOXZCCIIII
PPPPPPPPPPPPEJMWOQZCCIIII
PPPPPPPPPPPPEDMWRQZCCIIII
PPPPPPPPPPPPEDMWRQZCCIIII
PPPPPPPPPPPPEDMWRQZCCIIII
PPPPPPPPPPPPEDMWRQZCCIIII
PPPPPPPPPPPPEDMWRQZCCIIII
Case #53:
CCCCCCCCCCCCCCCCCCCCCCCCC
CCCCCCCCCCCCCCCCCCCCCCCCC
CCCCCCCCCCCCCCCCCCCCCCCCC
CCCCCCCCCCCCCCCCCCCCCCCCC
CCCCCCCCCCCCCCCCCCCCCCCCC
CCCCCCCCCCCCCCCCCCCCCCCCC
CCCCCCCCCCCCCCCCCCCCCCCCC
CCCCCCCCCCCCCCCCCCCCCCCCC
CCCCCCCCCCCCCCCCCCCCCCCCC
CCCCCCCCCCCCCCCCCCCCCCCCC
CCCCCCCCCCCCCCCCCCCCCCCCC
CCCCCCCCCCCCCCCCCCCCCCCCC
CCCCCCCCCCCCCCCCCCCCCCCCC
CCCCCCCCCCCCCCCCCCCCCCCCC
CCCCCCCCCCCCCCCCCCCCCCCCC
GGGGGGGGGGGGGGGGGGGWWWWWW
GGGGGGGGGGGGGGGGGGGFPPMMM
OOOOOOOOOOOOOOOOOOHFPPMMM
OOOOOOOOOOOOOOOOOOHIYAMMM
OOOOOOOOOOOOOOOOOOHIYAMMM
BBBBBBBBBBBBBBEEJJHIYTMMM
LLLLLLLLLLLLLLEEJJHIYTMMM
UUUUUUUUUUVVVVEEJJHNYTQRR
UUUUUUUUUUVVVVEEJJHXYDQRR
UUUUUUUUUUVVVVSSJJZXKDQRR
Case #54:
ABCDEFGHIJKLMNOPQRSTUVWXY
ABCDEFGHIJKLMNOPQRSTUVWXY
ABCDEFGHIJKLMNOPQRSTUVWXY
ABCDEFGHIJKLMNOPQRSTUVWXY
ABCDEFGHIJKLMNOPQRSTUVWXY
ABCDEFGHIJKLMNOPQRSTUVWXY
ABCDEFGHIJKLMNOPQRSTUVWXY
ABCDEFGHIJKLMNOPQRSTUVWXY
ABCDEFGHIJKLMNOPQRSTUVWXY
ABCDEFGHIJKLMNOPQRSTUVWXY
ABCDEFGHIJKLMNOPQRSTUVWXY
ABCDEFGHIJKLMNOPQRSTUVWXY
ABCDEFGHIJKLMNOPQRSTUVWXY
ABCDEFGHIJKLMNOPQRSTUVWXY
ABCDEFGHIJKLMNOPQRSTUVWXY
ABCDEFGHIJKLMNOPQRSTUVWXY
ABCDEFGHIJKLMNOPQRSTUVWXY
ABCDEFGHIJKLMNOPQRSTUVWXY
ABCDEFGHIJKLMNOPQRSTUVWXY
ABCDEFGHIJKLMNOPQRSTUVWXY
ABCDEFGHIJKLMNOPQRSTUVWXY
ABCDEFGHIJKLMNOPQRSTUVWXY
ABCDEFGHIJKLMNOPQRSTUVWXY
ABCDEFGHIJKLMNOPQRSTUVWXY
ABCDEFGHIJKLMNOPQRSTUVWXY
Case #55:
AAAAF
AAAAF
EEEEF
CBBDF
CBBDF
Case #56:
XXXXXXXXXXXXXXXXXXXXXXXXX
XXXXXXXXXXXXXXXXXXXXXXXXX
ZZZZZZZZZZZKKKKKKKKKKKKKK
ZZZZZZZZZZZKKKKKKKKKKKKKK
VVVVVVVVVVVKKKKKKKKKKKKKK
VVVVVVVVVVVKKKKKKKKKKKKKK
VVVVVVVVVVVKKKKKKKKKKKKKK
UUUUUPFFFFCLLLLLLQQQQQQQQ
UUUUUPFFFFCLLLLLLQQQQQQQQ
UUUUUPFFFFCLLLLLLQQQQQQQQ
UUUUUPFFFFCLLLLLLIIIJJJJJ
UUUUUPFFFFCLLLLLLIIIJJJJJ
UUUUUPFFFFCLLLLLLIIIJJJJJ
UUUUUPFFFFCLLLLLLIIIJJJJJ
GGGMMPFFFFCLLLLLLIIIJJJJJ
GGGMMPFFFFCLLLLLLIIINNNNN
GGGMMPFFFFCLLLLLLIIINNNNN
GGGMMPFFFFCLLLLLLIIIWWWWW
GGGMMPFFFFCLLLLLLTTOWWWWW
GGGMMPEEEECLLLLLLTTOWWWWW
GGGMMPEEEECLLLLLLTTOWWWWW
GGGMMPAAAACLLLLLLTTOBBYYS
GGGMMPAAAACHHHHHHTTOBBYYS
GGGDDPAAAACHHHHHHTTORRYYS
GGGDDPAAAACHHHHHHTTORRYYS
Case #57:
ABCDEFGHIJKLMNOPQRSTUVWXY
ABCDEFGHIJKLMNOPQRSTUVWXY
ABCDEFGHIJKLMNOPQRSTUVWXY
ABCDEFGHIJKLMNOPQRSTUVWXY
ABCDEFGHIJKLMNOPQRSTUVWXY
ABCDEFGHIJKLMNOPQRSTUVWXY
ABCDEFGHIJKLMNOPQRSTUVWXY
ABCDEFGHIJKLMNOPQRSTUVWXY
ABCDEFGHIJKLMNOPQRSTUVWXY
ABCDEFGHIJKLMNOPQRSTUVWXY
ABCDEFGHIJKLMNOPQRSTUVWXY
ABCDEFGHIJKLMNOPQRSTUVWXY
ABCDEFGHIJKLMNOPQRSTUVWXY
ABCDEFGHIJKLMNOPQRSTUVWXY
ABCDEFGHIJKLMNOPQRSTUVWXY
ABCDEFGHIJKLMNOPQRSTUVWXY
ABCDEFGHIJKLMNOPQRSTUVWXY
ABCDEFGHIJKLMNOPQRSTUVWXY
ABCDEFGHIJKLMNOPQRSTUVWXY
ABCDEFGHIJKLMNOPQRSTUVWXY
ABCDEFGHIJKLMNOPQRSTUVWXY
ABCDEFGHIJKLMNOPQRSTUVWXY
ABCDEFGHIJKLMNOPQRSTUVWXY
ABCDEFGHIJKLMNOPQRSTUVWXY
ABCDEFGHIJKLMNOPQRSTUVWXY
Case #58:
CCCCC
FEAGG
BEADD
Case #59:
UUUUUUUUUUUUUUUUUUUUUUUUU
UUUUUUUUUUUUUUUUUUUUUUUUU
GGGGGGGGQQQQQYYCCCCCCCCCC
WWWWWWRRQQQQQYYCCCCCCCCCC
WWWWWWRRQQQQQYYCCCCCCCCCC
WWWWWWRRQQQQQYYCCCCCCCCCC
WWWWWWRRQQQQQYYCCCCCCCCCC
WWWWWWRRQQQQQYYCCCCCCCCCC
WWWWWWRRAAOOOYYCCCCCCCCCC
WWWWWWRRAAOOOYYCCCCCCCCCC
LLLLVXRRAAOOOYYCCCCCCCCCC
LLLLVXRRAAOOOYYJBBBBBBBBB
LLLLVXRRAAOOOYYJBBBBBBBBB
LLLLVXRRAAOOOYYJBBBBBBBBB
LLLLVXPPAAOOOYYJFFFFFFFFF
LLLLVXPPAAOOODDJFFFFFFFFF
HHHHVXPPAAOOODDJFFFFFFFFF
HHHHVXPPAAIIIDDJFFFFFFFFF
HHHHVXPPAAIIIDDJFFFFFFFFF
HHHHVXPPAAIIIDDJFFFFFFFFF
HHHHVTPPAAIIIDDJFFFFFFFFF
HHHHVTPPAAIIIKSJFFFFFFFFF
HHHHVTPPAAIIIKSJEEEEEEEEE
HHHHVTPPAAIIIKSJZZZZZZZZZ
HHHHVTPPAAIIIKSJMMMMMNNNN
Case #60:
ABCDEFGHIJKLMNOPQRSTUVWXY
ABCDEFGHIJKLMNOPQRSTUVWXY
ABCDEFGHIJKLMNOPQRSTUVWXY
ABCDEFGHIJKLMNOPQRSTUVWXY
ABCDEFGHIJKLMNOPQRSTUVWXY
ABCDEFGHIJKLMNOPQRSTUVWXY
ABCDEFGHIJKLMNOPQRSTUVWXY
ABCDEFGHIJKLMNOPQRSTUVWXY
ABCDEFGHIJKLMNOPQRSTUVWXY
ABCDEFGHIJKLMNOPQRSTUVWXY
ABCDEFGHIJKLMNOPQRSTUVWXY
ABCDEFGHIJKLMNOPQRSTUVWXY
ABCDEFGHIJKLMNOPQRSTUVWXY
ABCDEFGHIJKLMNOPQRSTUVWXY
ABCDEFGHIJKLMNOPQRSTUVWXY
ABCDEFGHIJKLMNOPQRSTUVWXY
ABCDEFGHIJKLMNOPQRSTUVWXY
ABCDEFGHIJKLMNOPQRSTUVWXY
ABCDEFGHIJKLMNOPQRSTUVWXY
ABCDEFGHIJKLMNOPQRSTUVWXY
ABCDEFGHIJKLMNOPQRSTUVWXY
ABCDEFGHIJKLMNOPQRSTUVWXY
ABCDEFGHIJKLMNOPQRSTUVWXY
ABCDEFGHIJKLMNOPQRSTUVWXY
ABCDEFGHIJKLMNOPQRSTUVWXY
Case #61:
ACEEEEEEEEEEEEEEEEEEEEEEE
ACEEEEEEEEEEEEEEEEEEEEEEE
ACEEEEEEEEEEEEEEEEEEEEEEE
ACEEEEEEEEEEEEEEEEEEEEEEE
ACEEEEEEEEEEEEEEEEEEEEEEE
ACEEEEEEEEEEEEEEEEEEEEEEE
ACEEEEEEEEEEEEEEEEEEEEEEE
ACEEEEEEEEEEEEEEEEEEEEEEE
ACEEEEEEEEEEEEEEEEEEEEEEE
BCDDDDDDDDDDDDFFFFFGGGGGG
BCDDDDDDDDDDDDFFFFFGGGGGG
BCDDDDDDDDDDDDFFFFFGGGGGG
BCDDDDDDDDDDDDFFFFFGGGGGG
BCDDDDDDDDDDDDFFFFFGGGGGG
BCDDDDDDDDDDDDFFFFFGGGGGG
BCDDDDDDDDDDDDFFFFFGGGGGG
BCDDDDDDDDDDDDFFFFFGGGGGG
BCDDDDDDDDDDDDFFFFFGGGGGG
BCDDDDDDDDDDDDFFFFFGGGGGG
BCDDDDDDDDDDDDFFFFFGGGGGG
BCDDDDDDDDDDDDFFFFFGGGGGG
BCDDDDDDDDDDDDHJJJJGGGGGG
BCDDDDDDDDDDDDHJJJJIIIIII
BCDDDDDDDDDDDDHJJJJIIIIII
BCDDDDDDDDDDDDHJJJJIIIIII
Case #62:
ABCDEFGHIJKLMNOPQRSTUVWXY
ABCDEFGHIJKLMNOPQRSTUVWXY
ABCDEFGHIJKLMNOPQRSTUVWXY
ABCDEFGHIJKLMNOPQRSTUVWXY
ABCDEFGHIJKLMNOPQRSTUVWXY
ABCDEFGHIJKLMNOPQRSTUVWXY
ABCDEFGHIJKLMNOPQRSTUVWXY
ABCDEFGHIJKLMNOPQRSTUVWXY
ABCDEFGHIJKLMNOPQRSTUVWXY
ABCDEFGHIJKLMNOPQRSTUVWXY
ABCDEFGHIJKLMNOPQRSTUVWXY
ABCDEFGHIJKLMNOPQRSTUVWXY
ABCDEFGHIJKLMNOPQRSTUVWXY
ABCDEFGHIJKLMNOPQRSTUVWXY
ABCDEFGHIJKLMNOPQRSTUVWXY
ABCDEFGHIJKLMNOPQRSTUVWXY
ABCDEFGHIJKLMNOPQRSTUVWXY
ABCDEFGHIJKLMNOPQRSTUVWXY
ABCDEFGHIJKLMNOPQRSTUVWXY
ABCDEFGHIJKLMNOPQRSTUVWXY
ABCDEFGHIJKLMNOPQRSTUVWXY
ABCDEFGHIJKLMNOPQRSTUVWXY
ABCDEFGHIJKLMNOPQRSTUVWXY
ABCDEFGHIJKLMNOPQRSTUVWXY
ABCDEFGHIJKLMNOPQRSTUVWXY
Case #63:
AAAAAAAAAAAAAAAAAAAAAAAAA
BBBBBBBBBBBBBBBBBBBBBBBBB
CCCCCCCCCCCCCCCCCCCCCCCCC
DDDDDDDDDDDDDDDDDDDDDDDDD
EEEEEEEEEEEEEEEEEEEEEEEEE
FFFFFFFFFFFFFFFFFFFFFFFFF
GGGGGGGGGGGGGGGGGGGGGGGGG
HHHHHHHHHHHHHHHHHHHHHHHHH
IIIIIIIIIIIIIIIIIIIIIIIII
JJJJJJJJJJJJJJJJJJJJJJJJJ
KKKKKKKKKKKKKKKKKKKKKKKKK
LLLLLLLLLLLLLLLLLLLLLLLLL
MMMMMMMMMMMMMMMMMMMMMMMMM
NNNNNNNNNNNNNNNNNNNNNNNNN
OOOOOOOOOOOOOOOOOOOOOOOOO
PPPPPPPPPPPPPPPPPPPPPPPPP
QQQQQQQQQQQQQQQQQQQQQQQQQ
RRRRRRRRRRRRRRRRRRRRRRRRR
SSSSSSSSSSSSSSSSSSSSSSSSS
TTTTTTTTTTTTTTTTTTTTTTTTT
UUUUUUUUUUUUUUUUUUUUUUUUU
VVVVVVVVVVVVVVVVVVVVVVVVV
WWWWWWWWWWWWWWWWWWWWWWWWW
XXXXXXXXXXXXXXXXXXXXXXXXX
YYYYYYYYYYYYYYYYYYYYYYYYY
Case #64:
AAAAAAAAAABBBBBBBBBBBBBBB
AAAAAAAAAABBBBBBBBBBBBBBB
AAAAAAAAAABBBBBBBBBBBBBBB
AAAAAAAAAABBBBBBBBBBBBBBB
AAAAAAAAAABBBBBBBBBBBBBBB
CCCCCCEEEEBBBBBBBBBBBBBBB
CCCCCCEEEEDDDDDDDDDDFHJJJ
CCCCCCEEEEDDDDDDDDDDFHJJJ
CCCCCCEEEEDDDDDDDDDDFHJJJ
CCCCCCEEEEDDDDDDDDDDFHJJJ
CCCCCCEEEEDDDDDDDDDDFHJJJ
CCCCCCEEEEDDDDDDDDDDFHJJJ
CCCCCCEEEEDDDDDDDDDDFHJJJ
CCCCCCEEEEDDDDDDDDDDFHJJJ
CCCCCCEEEEDDDDDDDDDDFHJJJ
CCCCCCEEEEDDDDDDDDDDFHJJJ
CCCCCCEEEEDDDDDDDDDDFHJJJ
CCCCCCEEEEDDDDDDDDDDFHJJJ
CCCCCCEEEEDDDDDDDDDDFHJJJ
CCCCCCEEEEDDDDDDDDDDGHIII
CCCCCCEEEEDDDDDDDDDDGHIII
CCCCCCEEEEDDDDDDDDDDGHIII
CCCCCCEEEEDDDDDDDDDDGHIII
CCCCCCEEEEDDDDDDDDDDGHIII
CCCCCCEEEEDDDDDDDDDDGHIII
Case #65:
HBBBBBBBBBBBBBBBBBBBBBBBB
HBBBBBBBBBBBBBBBBBBBBBBBB
HBBBBBBBBBBBBBBBBBBBBBBBB
HBBBBBBBBBBBBBBBBBBBBBBBB
HBBBBBBBBBBBBBBBBBBBBBBBB
HBBBBBBBBBBBBBBBBBBBBBBBB
HBBBBBBBBBBBBBBBBBBBBBBBB
HBBBBBBBBBBBBBBBBBBBBBBBB
HBBBBBBBBBBBBBBBBBBBBBBBB
HPPWQFIIIIIIIIIIIIIIIIIII
HPPWQFIIIIIIIIIIIIIIIIIII
HJTWQFIIIIIIIIIIIIIIIIIII
HJTWQFIIIIIIIIIIIIIIIIIII
HJTWVFIIIIIIIIIIIIIIIIIII
ZJTWVFIIIIIIIIIIIIIIIIIII
OJTWVFEEEEEEEEEEEEEEEEEEE
OJTWVFEEEEEEEEEEEEEEEEEEE
OJTWVFYYYASSSSSSSSSSSSSSS
OJTWVFUCCASSSSSSSSSSSSSSS
XLNMDFUKKASSSSSSSSSSSSSSS
XLNMDFUKKASSSSSSSSSSSSSSS
XLNMDFUKKASSSSSSSSSSSSSSS
XLNMRFUKKASSSSSSSSSSSSSSS
XLNMRFUKKASSSSSSSSSSSSSSS
XLNMGFUKKASSSSSSSSSSSSSSS
Case #66:
TTTTTHNJJJJJJJJJJJJJJJJJJ
TTTTTHNJJJJJJJJJJJJJJJJJJ
PPAYSHNJJJJJJJJJJJJJJJJJJ
PPAYSHNJJJJJJJJJJJJJJJJJJ
PPAYSHNJJJJJJJJJJJJJJJJJJ
BGQYEHNJJJJJJJJJJJJJJJJJJ
BGQYEHNJJJJJJJJJJJJJJJJJJ
BGQFEHNJJJJJJJJJJJJJJJJJJ
IGQFEHNWOOOOOOOOOOOOOOOOO
IMQFEHVULLLLLLLLLLLLLLLLL
IMQFEHVULLLLLLLLLLLLLLLLL
IMQKEHVULLLLLLLLLLLLLLLLL
IZQKEHVULLLLLLLLLLLLLLLLL
IZQKEHVULLLLLLLLLLLLLLLLL
RDQKEHVULLLLLLLLLLLLLLLLL
RDQKEHVULLLLLLLLLLLLLLLLL
RDCKEHVULLLLLLLLLLLLLLLLL
XDCKEHVULLLLLLLLLLLLLLLLL
XDCKEHVULLLLLLLLLLLLLLLLL
XDCKEHVULLLLLLLLLLLLLLLLL
XDCKEHVULLLLLLLLLLLLLLLLL
XDCKEHVULLLLLLLLLLLLLLLLL
XDCKEHVULLLLLLLLLLLLLLLLL
XDCKEHVULLLLLLLLLLLLLLLLL
XDCKEHVULLLLLLLLLLLLLLLLL
Case #67:
AAAAAAAAAAAAAAAAAAAAAAAAA
AAAAAAAAAAAAAAAAAAAAAAAAA
AAAAAAAAAAAAAAAAAAAAAAAAA
AAAAAAAAAAAAAAAAAAAAAAAAA
AAAAAAAAAAAAAAAAAAAAAAAAA
AAAAAAAAAAAAAAAAAAAAAAAAA
AAAAAAAAAAAAAAAAAAAAAAAAA
AAAAAAAAAAAAAAAAAAAAAAAAA
AAAAAAAAAAAAAAAAAAAAAAAAA
AAAAAAAAAAAAAAAAAAAAAAAAA
AAAAAAAAAAAAAAAAAAAAAAAAA
AAAAAAAAAAAAAAAAAAAAAAAAA
AAAAAAAAAAAAAAAAAAAAAAAAA
AAAAAAAAAAAAAAAAAAAAAAAAA
AAAAAAAAAAAAAAAAAAAAAAAAA
AAAAAAAAAAAAAAAAAAAAAAAAA
AAAAAAAAAAAAAAAAAAAAAAAAA
AAAAAAAAAAAAAAAAAAAAAAAAA
AAAAAAAAAAAAAAAAAAAAAAAAA
AAAAAAAAAAAAAAAAAAAAAAAAA
AAAAAAAAAAAAAAAAAAAAAAAAA
AAAAAAAAAAAAAAAAAAAAAAAAA
AAAAAAAAAAAAAAAAAAAAAAAAA
AAAAAAAAAAAAAAAAAAAAAAAAA
AAAAAAAAAAAAAAAAAAAAAAAAA
Case #68:
YYYYYYYYYYYYYYYYYYYYYYYYY
YYYYYYYYYYYYYYYYYYYYYYYYY
OOOAAAAAAAAAAAAAAAAAAAAAA
OOOQEEEEEEEEEEEEEEEEEETTJ
OOOQEEEEEEEEEEEEEEEEEETTJ
OOOQEEEEEEEEEEEEEEEEEETTJ
OOOQPPPPPPPPPPPPPPPPPPTTJ
OOOQPPPPPPPPPPPPPPPPPPTTJ
OOOQHHHHHHHXXRRGGGGGGGTTJ
OOOQHHHHHHHXXRRGGGGGGGTTJ
OOOQWWWWWWWXXRRGGGGGGGTTJ
OOOQWWWWWWWXXRRGGGGGGGTTJ
OOOQMMMNNSZXXRRGGGGGGGTTJ
OOOQMMMNNSZXXRRGGGGGGGTTJ
OOOQMMMNNSZXXRRGGGGGGGTTJ
OOOQMMMNNSZBFRRGGGGGGGTTJ
OOOQMMMNNSZBFRRGGGGGGGTTJ
OOOQMMMNNSZBFRRLLLLLLDTTJ
OOOQMMMNNSZBFRRLLLLLLDTTJ
OOOQMMMNNSZBFRRLLLLLLDTTJ
OOOQKKKNNSZBFRRLLLLLLDTTJ
OOOQKKKNNSZBFRRLLLLLLDTTJ
OOOQKKKNNSZUCRRLLLLLLDTTJ
OOOQKKKNNSZUCRRLLLLLLDTTJ
IIIQKKKNNSZUCRRLLLLLLDVVJ
Case #69:
CCC
CCC
CCC
BAA
Case #70:
DDDD
EACB
EFCB
Case #71:
ZZZZZZZZZZZZZZZZZZZZZZZZZ
ZZZZZZZZZZZZZZZZZZZZZZZZZ
ZZZZZZZZZZZZZZZZZZZZZZZZZ
ZZZZZZZZZZZZZZZZZZZZZZZZZ
RRRRRRRRRRRRRRRRRRRRRRRJD
PPPPPPIIIIIIXXXXXXXXXXXJD
PPPPPPIIIIIIXXXXXXXXXXXJD
PPPPPPIIIIIIXXXXXXXXXXXJD
PPPPPPIIIIIIXXXXXXXXXXXJD
PPPPPPIIIIIILLLLLLCMMMMJD
PPPPPPIIIIIILLLLLLCMMMMJD
PPPPPPIIIIIILLLLLLCMMMMJD
PPPPPPIIIIIILLLLLLCGQNNJD
PPPPPPIIIIIIWWWWWWCGQNNJD
PPPPPPIIIIIIVUAAAACGQNNJD
PPPPPPIIIIIIVUAAAACGQNNJD
PPPPPPIIIIIIVUAAAACGQKBJD
PPPPPPIIIIIIVUAAAACGQKBJE
PPPPPPIIIIIIVUAAAACGQKBJE
PPPPPPIIIIIITUAAAACGYKBJE
PPPPPPIIIIIITUAAAACGYKBJE
PPPPPPSSSSSSTUHHHHCGYKBJE
PPPPPPSSSSSSTUOOOOFGYKBJE
PPPPPPSSSSSSTUOOOOFGYKBJE
PPPPPPSSSSSSTUOOOOFGYKBJE
Case #72:
CCC
AAB
EDB
Case #73:
AA
AA
Case #74:
A
Case #75:
YYYYYYYYYYYYYYYYYPFFFFFDV
YYYYYYYYYYYYYYYYYPFFFFFDV
MMEAAAAAAAAHHSSXTPFFFFFDV
MMEAAAAAAAAHHSSXTPFFFFFDV
MMEAAAAAAAAHHSSXTPZBBBBDV
MMEAAAAAAAAHHSSXTPZBBBBJV
MMEAAAAAAAAHHSSXTPZWLLQJV
MMEAAAAAAAAHHSSXTPZWLLQJV
MMEKUUUUUUUHHSSXTPZWLLQJV
MMEKUUUUUUUHHSSXTPZWLLQJV
MMEKUUUUUUUHHSSXTPZWLLQJV
OOEKUUUUUUUHHSSXTPZWLLQJG
OOEKUUUUUUUHHSSXTPZWLLQJG
OOEKUUUUUUUHHSSXTPZWLLQJI
OOEKUUUUUUUHHSSXTPZWLLQJI
OOEKUUUUUUUHHSSXTPZWLLQJI
OOEKUUUUUUUHHSSXTPZWLLQJI
OOEKUUUUUUUHHSSXTPZWLLQJI
OOEKUUUUUUUHHSSXTPZWLLQJI
OOEKUUUUUUUHHSSXTPZWLLQJI
OOEKUUUUUUUHHSSXTPZWLLQJI
OOEKUUUUUUUHHSSXTPZWLLQJI
OOEKCCCCCCCHHSSXTPZWLLQJI
OOEKCCCCCCCHHSSXNRZWLLQJI
OOEKCCCCCCCHHSSXNRZWLLQJI
Case #76:
AAAAAAAAAABBBBBBBBBBBBBBB
AAAAAAAAAABBBBBBBBBBBBBBB
AAAAAAAAAABBBBBBBBBBBBBBB
AAAAAAAAAABBBBBBBBBBBBBBB
AAAAAAAAAABBBBBBBBBBBBBBB
AAAAAAAAAABBBBBBBBBBBBBBB
AAAAAAAAAABBBBBBBBBBBBBBB
AAAAAAAAAABBBBBBBBBBBBBBB
AAAAAAAAAABBBBBBBBBBBBBBB
CCCCCCEEEEBBBBBBBBBBBBBBB
CCCCCCEEEEDDDFHJJJJJJJJJJ
CCCCCCEEEEDDDFHJJJJJJJJJJ
CCCCCCEEEEDDDFHJJJJJJJJJJ
CCCCCCEEEEDDDFHJJJJJJJJJJ
CCCCCCEEEEDDDFHJJJJJJJJJJ
CCCCCCEEEEDDDFHJJJJJJJJJJ
CCCCCCEEEEDDDFHJJJJJJJJJJ
CCCCCCEEEEDDDFHJJJJJJJJJJ
CCCCCCEEEEDDDFHJJJJJJJJJJ
CCCCCCEEEEDDDFHJJJJJJJJJJ
CCCCCCEEEEDDDFHJJJJJJJJJJ
CCCCCCEEEEDDDFHJJJJJJJJJJ
CCCCCCEEEEDDDFHJJJJJJJJJJ
CCCCCCEEEEDDDFHJJJJJJJJJJ
CCCCCCEEEEDDDGHIIIIIIIIII
Case #77:
AAAAAAAAAAAACEEEEEEEEEEEE
AAAAAAAAAAAACEEEEEEEEEEEE
AAAAAAAAAAAACEEEEEEEEEEEE
AAAAAAAAAAAACEEEEEEEEEEEE
AAAAAAAAAAAACEEEEEEEEEEEE
AAAAAAAAAAAACEEEEEEEEEEEE
AAAAAAAAAAAACEEEEEEEEEEEE
AAAAAAAAAAAACEEEEEEEEEEEE
AAAAAAAAAAAACEEEEEEEEEEEE
AAAAAAAAAAAACEEEEEEEEEEEE
AAAAAAAAAAAACEEEEEEEEEEEE
AAAAAAAAAAAACEEEEEEEEEEEE
AAAAAAAAAAAACEEEEEEEEEEEE
AAAAAAAAAAAACEEEEEEEEEEEE
AAAAAAAAAAAACEEEEEEEEEEEE
AAAAAAAAAAAACEEEEEEEEEEEE
AAAAAAAAAAAACEEEEEEEEEEEE
BBBBBBBBBBBBCDDDDDDDDDDDD
BBBBBBBBBBBBCDDDDDDDDDDDD
BBBBBBBBBBBBCDDDDDDDDDDDD
BBBBBBBBBBBBCDDDDDDDDDDDD
BBBBBBBBBBBBCDDDDDDDDDDDD
BBBBBBBBBBBBCDDDDDDDDDDDD
BBBBBBBBBBBBCDDDDDDDDDDDD
BBBBBBBBBBBBCDDDDDDDDDDDD
Case #78:
QQQQQQQQQQQQQQQQQQQQQQQQQ
QQQQQQQQQQQQQQQQQQQQQQQQQ
QQQQQQQQQQQQQQQQQQQQQQQQQ
QQQQQQQQQQQQQQQQQQQQQQQQQ
QQQQQQQQQQQQQQQQQQQQQQQQQ
QQQQQQQQQQQQQQQQQQQQQQQQQ
QQQQQQQQQQQQQQQQQQQQQQQQQ
QQQQQQQQQQQQQQQQQQQQQQQQQ
QQQQQQQQQQQQQQQQQQQQQQQQQ
QQQQQQQQQQQQQQQQQQQQQQQQQ
QQQQQQQQQQQQQQQQQQQQQQQQQ
GGGGGGGGGGGGGGGDDXPPPPPPP
GGGGGGGGGGGGGGGIRXPPPPPPP
YYYYYYYYYYYYYYYIRVLHJJJJJ
BBBBBBBBBBBBBMWIRVLHCCCCC
TTTTTTTTTTTTTEAIRVZHCCCCC
TTTTTTTTTTTTTEUORSZHCCCCC
TTTTTTTTTTTTTEUKRSZHCCCCC
TTTTTTTTTTTTTEUNRFZHCCCCC
TTTTTTTTTTTTTEUNRFZHCCCCC
TTTTTTTTTTTTTEUNRFZHCCCCC
TTTTTTTTTTTTTEUNRFZHCCCCC
TTTTTTTTTTTTTEUNRFZHCCCCC
TTTTTTTTTTTTTEUNRFZHCCCCC
TTTTTTTTTTTTTEUNRFZHCCCCC
Case #79:
AACEEEEEEEEEEEEEEEEEEEEEE
AACEEEEEEEEEEEEEEEEEEEEEE
AACEEEEEEEEEEEEEEEEEEEEEE
AACEEEEEEEEEEEEEEEEEEEEEE
AACEEEEEEEEEEEEEEEEEEEEEE
BBCDDDDDDDDDDDDDDDFFFFFGG
BBCDDDDDDDDDDDDDDDFFFFFGG
BBCDDDDDDDDDDDDDDDFFFFFGG
BBCDDDDDDDDDDDDDDDFFFFFGG
BBCDDDDDDDDDDDDDDDFFFFFGG
BBCDDDDDDDDDDDDDDDFFFFFGG
BBCDDDDDDDDDDDDDDDFFFFFGG
BBCDDDDDDDDDDDDDDDFFFFFGG
BBCDDDDDDDDDDDDDDDFFFFFGG
BBCDDDDDDDDDDDDDDDFFFFFGG
BBCDDDDDDDDDDDDDDDFFFFFGG
BBCDDDDDDDDDDDDDDDFFFFFGG
BBCDDDDDDDDDDDDDDDFFFFFGG
BBCDDDDDDDDDDDDDDDFFFFFGG
BBCDDDDDDDDDDDDDDDFFFFFGG
BBCDDDDDDDDDDDDDDDHJJJJGG
BBCDDDDDDDDDDDDDDDHJJJJII
BBCDDDDDDDDDDDDDDDHJJJJII
BBCDDDDDDDDDDDDDDDHJJJJII
BBCDDDDDDDDDDDDDDDHJJJJII
Case #80:
AAAAAAAAAAAAAAAAAAAAAACEE
AAAAAAAAAAAAAAAAAAAAAACEE
AAAAAAAAAAAAAAAAAAAAAACEE
AAAAAAAAAAAAAAAAAAAAAACEE
AAAAAAAAAAAAAAAAAAAAAACEE
AAAAAAAAAAAAAAAAAAAAAACEE
AAAAAAAAAAAAAAAAAAAAAACEE
AAAAAAAAAAAAAAAAAAAAAACEE
AAAAAAAAAAAAAAAAAAAAAACEE
AAAAAAAAAAAAAAAAAAAAAACEE
AAAAAAAAAAAAAAAAAAAAAACEE
AAAAAAAAAAAAAAAAAAAAAACEE
AAAAAAAAAAAAAAAAAAAAAACEE
AAAAAAAAAAAAAAAAAAAAAACEE
AAAAAAAAAAAAAAAAAAAAAACEE
AAAAAAAAAAAAAAAAAAAAAACEE
AAAAAAAAAAAAAAAAAAAAAACEE
AAAAAAAAAAAAAAAAAAAAAACEE
BBBBBBBBBBBBBBBBBBBBBBCDD
BBBBBBBBBBBBBBBBBBBBBBCDD
BBBBBBBBBBBBBBBBBBBBBBCDD
BBBBBBBBBBBBBBBBBBBBBBCDD
BBBBBBBBBBBBBBBBBBBBBBCDD
BBBBBBBBBBBBBBBBBBBBBBCDD
BBBBBBBBBBBBBBBBBBBBBBCDD
Case #81:
BDFF
BDFF
BDFF
BDFF
BDFF
AEGC
Case #82:
BA
Case #83:
DDDDDD
DDDDDD
DDDDDD
DDDDDD
GGGGAC
BBBBEF
Case #84:
WW
LL
AA
ZZ
XM
XM
SB
SV
RV
UD
UD
UD
OD
FD
EY
EK
EK
IH
IH
IH
PQ
PN
CT
GJ
GJ
Case #85:
AAAAAAAAAAAAAAAAAAAAAACEE
AAAAAAAAAAAAAAAAAAAAAACEE
AAAAAAAAAAAAAAAAAAAAAACEE
AAAAAAAAAAAAAAAAAAAAAACEE
AAAAAAAAAAAAAAAAAAAAAACEE
AAAAAAAAAAAAAAAAAAAAAACEE
AAAAAAAAAAAAAAAAAAAAAACEE
AAAAAAAAAAAAAAAAAAAAAACEE
AAAAAAAAAAAAAAAAAAAAAACEE
AAAAAAAAAAAAAAAAAAAAAACEE
AAAAAAAAAAAAAAAAAAAAAACEE
AAAAAAAAAAAAAAAAAAAAAACEE
BBBBBBBBBBBBBBBBBBBBBBCDD
BBBBBBBBBBBBBBBBBBBBBBCDD
BBBBBBBBBBBBBBBBBBBBBBCDD
BBBBBBBBBBBBBBBBBBBBBBCDD
BBBBBBBBBBBBBBBBBBBBBBCDD
BBBBBBBBBBBBBBBBBBBBBBCDD
BBBBBBBBBBBBBBBBBBBBBBCDD
BBBBBBBBBBBBBBBBBBBBBBCDD
BBBBBBBBBBBBBBBBBBBBBBCDD
BBBBBBBBBBBBBBBBBBBBBBCDD
BBBBBBBBBBBBBBBBBBBBBBCDD
BBBBBBBBBBBBBBBBBBBBBBCDD
BBBBBBBBBBBBBBBBBBBBBBCDD
Case #86:
AAAAAAAAAAAAAAAAAAAAAAAAA
BBBBBBBBBBBBBBBBBBBBBBBBB
CCCCCCCCCCCCCCCCCCCCCCCCC
DDDDDDDDDDDDDDDDDDDDDDDDD
EEEEEEEEEEEEEEEEEEEEEEEEE
FFFFFFFFFFFFFFFFFFFFFFFFF
GGGGGGGGGGGGGGGGGGGGGGGGG
HHHHHHHHHHHHHHHHHHHHHHHHH
IIIIIIIIIIIIIIIIIIIIIIIII
JJJJJJJJJJJJJJJJJJJJJJJJJ
KKKKKKKKKKKKKKKKKKKKKKKKK
LLLLLLLLLLLLLLLLLLLLLLLLL
MMMMMMMMMMMMMMMMMMMMMMMMM
NNNNNNNNNNNNNNNNNNNNNNNNN
OOOOOOOOOOOOOOOOOOOOOOOOO
PPPPPPPPPPPPPPPPPPPPPPPPP
QQQQQQQQQQQQQQQQQQQQQQQQQ
RRRRRRRRRRRRRRRRRRRRRRRRR
SSSSSSSSSSSSSSSSSSSSSSSSS
TTTTTTTTTTTTTTTTTTTTTTTTT
UUUUUUUUUUUUUUUUUUUUUUUUU
VVVVVVVVVVVVVVVVVVVVVVVVV
WWWWWWWWWWWWWWWWWWWWWWWWW
XXXXXXXXXXXXXXXXXXXXXXXXX
YYYYYYYYYYYYYYYYYYYYYYYYY
Case #87:
AAAAAAAAAAAAAAAAAAAAAAAAA
BBBBBBBBBBBBBBBBBBBBBBBBB
CCCCCCCCCCCCCCCCCCCCCCCCC
DDDDDDDDDDDDDDDDDDDDDDDDD
EEEEEEEEEEEEEEEEEEEEEEEEE
FFFFFFFFFFFFFFFFFFFFFFFFF
GGGGGGGGGGGGGGGGGGGGGGGGG
HHHHHHHHHHHHHHHHHHHHHHHHH
IIIIIIIIIIIIIIIIIIIIIIIII
JJJJJJJJJJJJJJJJJJJJJJJJJ
KKKKKKKKKKKKKKKKKKKKKKKKK
LLLLLLLLLLLLLLLLLLLLLLLLL
MMMMMMMMMMMMMMMMMMMMMMMMM
NNNNNNNNNNNNNNNNNNNNNNNNN
OOOOOOOOOOOOOOOOOOOOOOOOO
PPPPPPPPPPPPPPPPPPPPPPPPP
QQQQQQQQQQQQQQQQQQQQQQQQQ
RRRRRRRRRRRRRRRRRRRRRRRRR
SSSSSSSSSSSSSSSSSSSSSSSSS
TTTTTTTTTTTTTTTTTTTTTTTTT
UUUUUUUUUUUUUUUUUUUUUUUUU
VVVVVVVVVVVVVVVVVVVVVVVVV
WWWWWWWWWWWWWWWWWWWWWWWWW
XXXXXXXXXXXXXXXXXXXXXXXXX
YYYYYYYYYYYYYYYYYYYYYYYYY
Case #88:
AAAAAAAAAAAAAABBBBBBBBBBB
AAAAAAAAAAAAAABBBBBBBBBBB
AAAAAAAAAAAAAABBBBBBBBBBB
AAAAAAAAAAAAAABBBBBBBBBBB
AAAAAAAAAAAAAABBBBBBBBBBB
AAAAAAAAAAAAAABBBBBBBBBBB
AAAAAAAAAAAAAABBBBBBBBBBB
AAAAAAAAAAAAAABBBBBBBBBBB
CCCCCCCCCCEEEEBBBBBBBBBBB
CCCCCCCCCCEEEEDDDDDDDDDDD
CCCCCCCCCCEEEEDDDDDDDDDDD
CCCCCCCCCCEEEEDDDDDDDDDDD
CCCCCCCCCCEEEEDDDDDDDDDDD
CCCCCCCCCCEEEEDDDDDDDDDDD
CCCCCCCCCCEEEEDDDDDDDDDDD
CCCCCCCCCCEEEEDDDDDDDDDDD
CCCCCCCCCCEEEEDDDDDDDDDDD
CCCCCCCCCCEEEEDDDDDDDDDDD
CCCCCCCCCCEEEEDDDDDDDDDDD
CCCCCCCCCCEEEEDDDDDDDDDDD
CCCCCCCCCCEEEEDDDDDDDDDDD
CCCCCCCCCCEEEEDDDDDDDDDDD
CCCCCCCCCCEEEEDDDDDDDDDDD
CCCCCCCCCCEEEEDDDDDDDDDDD
CCCCCCCCCCEEEEDDDDDDDDDDD
Case #89:
B
A
Case #90:
SSSSSSSSSSSSSSSSSSSSSSSSS
SSSSSSSSSSSSSSSSSSSSSSSSS
DDDDDDDDDDDVVVVVVVVTTTRRR
KKKKKKKKKKKIYYYYYYYTTTRRR
LLQQQQQQQQQIYYYYYYYTTTRRR
LLQQQQQQQQQIYYYYYYYTTTRRR
LLQQQQQQQQQIYYYYYYYTTTRRR
LLQQQQQQQQQIYYYYYYYTTTRRR
LLQQQQQQQQQIYYYYYYYTTTRRR
LLQQQQQQQQQIAAAAAAATTTRRR
LLQQQQQQQQQIAAAAAAATTTRRR
LLGGGGGGGGGIFFFFFZETTTRRR
LLGGGGGGGGGIFFFFFZETTTRRR
LLWWWWWWWWWIFFFFFZETTTRRR
LLOPPPPPPPPIFFFFFZETTTRRR
LLOPPPPPPPPIFFFFFZETTTRRR
HHOPPPPPPPPIFFFFFZETTTRRR
HHOPPPPPPPPIFFFFFZETTTRRR
HHOPPPPPPPPIMMMMMZETTTRRR
HHOPPPPPPPPIMMMMMZETTTRRR
HHOPPPPPPPPIMMMMMZETTTNBB
HHOPPPPPPPPIMMMMMZETTTNBB
HHOPPPPPPPPIXCCCCZETTTNBB
HHOUUUUUUUUIXCCCCZJTTTNBB
HHOUUUUUUUUIXCCCCZJTTTNBB
Case #91:
AAAAACEEEEEEEEEEEEEEEEEEE
AAAAACEEEEEEEEEEEEEEEEEEE
AAAAACEEEEEEEEEEEEEEEEEEE
AAAAACEEEEEEEEEEEEEEEEEEE
AAAAACEEEEEEEEEEEEEEEEEEE
AAAAACEEEEEEEEEEEEEEEEEEE
AAAAACEEEEEEEEEEEEEEEEEEE
BBBBBCDDDDDDFFFFFGGGGGGGG
BBBBBCDDDDDDFFFFFGGGGGGGG
BBBBBCDDDDDDFFFFFGGGGGGGG
BBBBBCDDDDDDFFFFFGGGGGGGG
BBBBBCDDDDDDFFFFFGGGGGGGG
BBBBBCDDDDDDFFFFFGGGGGGGG
BBBBBCDDDDDDFFFFFGGGGGGGG
BBBBBCDDDDDDFFFFFGGGGGGGG
BBBBBCDDDDDDHJJJJGGGGGGGG
BBBBBCDDDDDDHJJJJIIIIIIII
BBBBBCDDDDDDHJJJJIIIIIIII
BBBBBCDDDDDDHJJJJIIIIIIII
BBBBBCDDDDDDHJJJJIIIIIIII
BBBBBCDDDDDDHJJJJIIIIIIII
BBBBBCDDDDDDHJJJJIIIIIIII
BBBBBCDDDDDDHJJJJIIIIIIII
BBBBBCDDDDDDHJJJJIIIIIIII
BBBBBCDDDDDDHJJJJIIIIIIII
Case #92:
EEEEEEEEEWWWPAAZZZZZZZZZZ
YYYYYYYNNWWWPAAZZZZZZZZZZ
YYYYYYYUUWWWPAAZZZZZZZZZZ
TTKIIIIUURCCPAAZZZZZZZZZZ
TTKBBBBVORXQPAAZZZZZZZZZZ
TTKBBBBVORXQPDDZZZZZZZZZZ
TTKGGMMVORSQPDDZZZZZZZZZZ
TTKGGMMVORSQPDDZZZZZZZZZZ
TTKGGMMVJFSQPDDZZZZZZZZZZ
TTKGGHHVJFSQPDDZZZZZZZZZZ
TTKGGHHVJFSQPDDZZZZZZZZZZ
TTKGGHHVLFSQPDDZZZZZZZZZZ
TTKGGHHVLFSQPDDZZZZZZZZZZ
TTKGGHHVLFSQPDDZZZZZZZZZZ
TTKGGHHVLFSQPDDZZZZZZZZZZ
TTKGGHHVLFSQPDDZZZZZZZZZZ
TTKGGHHVLFSQPDDZZZZZZZZZZ
TTKGGHHVLFSQPDDZZZZZZZZZZ
TTKGGHHVLFSQPDDZZZZZZZZZZ
TTKGGHHVLFSQPDDZZZZZZZZZZ
TTKGGHHVLFSQPDDZZZZZZZZZZ
TTKGGHHVLFSQPDDZZZZZZZZZZ
TTKGGHHVLFSQPDDZZZZZZZZZZ
TTKGGHHVLFSQPDDZZZZZZZZZZ
TTKGGHHVLFSQPDDZZZZZZZZZZ
Case #93:
HHHJ
EDDC
EAFG
IABG
Case #94:
LLLLLLLLLLLLLLLUUUUUUUUUU
LLLLLLLLLLLLLLLUUUUUUUUUU
LLLLLLLLLLLLLLLUUUUUUUUUU
LLLLLLLLLLLLLLLUUUUUUUUUU
QQQQQQQQQQQQQQQOJJJJJJJJJ
TTTTTTTTTTTTTNKOZZZZZZZZZ
SSSSSSSSSSSSSNKOHHHHHHHHH
MMMMMMMMMMFFXNKOBBPPPPPPP
MMMMMMMMMMGIXNKCYVRRRRRRR
MMMMMMMMMMGEWNADYVRRRRRRR
MMMMMMMMMMGEWNADYVRRRRRRR
MMMMMMMMMMGEWNADYVRRRRRRR
MMMMMMMMMMGEWNADYVRRRRRRR
MMMMMMMMMMGEWNADYVRRRRRRR
MMMMMMMMMMGEWNADYVRRRRRRR
MMMMMMMMMMGEWNADYVRRRRRRR
MMMMMMMMMMGEWNADYVRRRRRRR
MMMMMMMMMMGEWNADYVRRRRRRR
MMMMMMMMMMGEWNADYVRRRRRRR
MMMMMMMMMMGEWNADYVRRRRRRR
MMMMMMMMMMGEWNADYVRRRRRRR
MMMMMMMMMMGEWNADYVRRRRRRR
MMMMMMMMMMGEWNADYVRRRRRRR
MMMMMMMMMMGEWNADYVRRRRRRR
MMMMMMMMMMGEWNADYVRRRRRRR
Case #95:
AAAAAAAAAAAAAAAAAAAAAACEE
AAAAAAAAAAAAAAAAAAAAAACEE
AAAAAAAAAAAAAAAAAAAAAACEE
AAAAAAAAAAAAAAAAAAAAAACEE
AAAAAAAAAAAAAAAAAAAAAACEE
AAAAAAAAAAAAAAAAAAAAAACEE
AAAAAAAAAAAAAAAAAAAAAACEE
AAAAAAAAAAAAAAAAAAAAAACEE
AAAAAAAAAAAAAAAAAAAAAACEE
AAAAAAAAAAAAAAAAAAAAAACEE
BBBBBBBBBBBBBBBBBBBBBBCDD
BBBBBBBBBBBBBBBBBBBBBBCDD
BBBBBBBBBBBBBBBBBBBBBBCDD
BBBBBBBBBBBBBBBBBBBBBBCDD
BBBBBBBBBBBBBBBBBBBBBBCDD
BBBBBBBBBBBBBBBBBBBBBBCDD
BBBBBBBBBBBBBBBBBBBBBBCDD
BBBBBBBBBBBBBBBBBBBBBBCDD
BBBBBBBBBBBBBBBBBBBBBBCDD
BBBBBBBBBBBBBBBBBBBBBBCDD
BBBBBBBBBBBBBBBBBBBBBBCDD
BBBBBBBBBBBBBBBBBBBBBBCDD
BBBBBBBBBBBBBBBBBBBBBBCDD
BBBBBBBBBBBBBBBBBBBBBBCDD
BBBBBBBBBBBBBBBBBBBBBBCDD
Case #96:
OOOOOOOOOBBAAAAAAAAAAAAAA
OOOOOOOOOBBAAAAAAAAAAAAAA
OOOOOOOOOBBAAAAAAAAAAAAAA
OOOOOOOOOBBAAAAAAAAAAAAAA
OOOOOOOOOBBAAAAAAAAAAAAAA
OOOOOOOOOBBAAAAAAAAAAAAAA
OOOOOOOOOBBAAAAAAAAAAAAAA
OOOOOOOOOBBAAAAAAAAAAAAAA
OOOOOOOOOBBAAAAAAAAAAAAAA
OOOOOOOOOBBAAAAAAAAAAAAAA
WWWWWWWWWQPTVVVVVVVVVVVVV
EEEEEEEEGQCNSDDDDDDDDDDDD
JJJJJJJJUQXNLMMMMMMMMMMMM
KKKKKKIIZQFNRMMMMMMMMMMMM
KKKKKKIIZQHNRMMMMMMMMMMMM
KKKKKKIIZQHNRMMMMMMMMMMMM
KKKKKKIIZYHNRMMMMMMMMMMMM
KKKKKKIIZYHNRMMMMMMMMMMMM
KKKKKKIIZYHNRMMMMMMMMMMMM
KKKKKKIIZYHNRMMMMMMMMMMMM
KKKKKKIIZYHNRMMMMMMMMMMMM
KKKKKKIIZYHNRMMMMMMMMMMMM
KKKKKKIIZYHNRMMMMMMMMMMMM
KKKKKKIIZYHNRMMMMMMMMMMMM
KKKKKKIIZYHNRMMMMMMMMMMMM
Case #97:
NNNNNNNDDDDDDDDDDDDDDDDDI
NNNNNNNDDDDDDDDDDDDDDDDDI
CCCCCCCGGMMMMMMMMMMMMMMMI
CCCCCCCGGMMMMMMMMMMMMMMMI
CCCCCCCGGMMMMMMMMMMMMMMMI
CCCCCCCGGOOOOOOOHHWWWWWWI
CCCCCCCGGOOOOOOOHHWWWWWWI
BBBJLLLGGOOOOOOOHHWWWWWWI
BBBJLLLGGOOOOOOOHHWWWWWWI
BBBJLLLGGOOOOOOOHHWWWWWWI
BBBJLLLGGQAAAAAKHHWWWWWWI
BBBJLLLGGQAAAAAKHHWWWWWWI
BBBJLLLGGQAAAAAKHHWWWWWWI
BBBJLLLXRQAAAAAKHHWWWWWWI
BBBJLLLXRQAAAAAKHHZSPFFFI
BBBJLLLXRQAAAAAKHHZSPFFFI
BBBJLLLXRQAAAAAKHHZSPTTTI
BBBJLLLXRQAAAAAKHHZSPTTTI
BBBELLLXRQAAAAAKHHZSPTTTI
BBBELLLXUQAAAAAKHHZSPTTTI
BBBELLLXUQYYVVVKHHZSPTTTI
BBBELLLXUQYYVVVKHHZSPTTTI
BBBELLLXUQYYVVVKHHZSPTTTI
BBBELLLXUQYYVVVKHHZSPTTTI
BBBELLLXUQYYVVVKHHZSPTTTI
Case #98:
WWWWWWWWWWWWWWWWWWWWWSNZF
WWWWWWWWWWWWWWWWWWWWWSNZF
WWWWWWWWWWWWWWWWWWWWWSNZF
WWWWWWWWWWWWWWWWWWWWWSNZF
WWWWWWWWWWWWWWWWWWWWWSNZF
WWWWWWWWWWWWWWWWWWWWWSNZF
WWWWWWWWWWWWWWWWWWWWWSNZF
WWWWWWWWWWWWWWWWWWWWWSNZF
WWWWWWWWWWWWWWWWWWWWWSNZF
WWWWWWWWWWWWWWWWWWWWWSNZF
WWWWWWWWWWWWWWWWWWWWWSNZF
WWWWWWWWWWWWWWWWWWWWWSNZF
WWWWWWWWWWWWWWWWWWWWWSNZF
WWWWWWWWWWWWWWWWWWWWWSNZF
WWWWWWWWWWWWWWWWWWWWWSNZF
OOOOOOOOOOOOOOOOOOOOOSNZF
OOOOOOOOOOOOOOOOOOOOOSNZF
OOOOOOOOOOOOOOOOOOOOOSNZJ
MMMMMMMMMMMMMMMMMMMMUSNQJ
GGGGGGGGGGGGGGGGEEHHUTNQJ
AAAAAAAAAAAAAAABEEHHUTNQJ
AAAAAAAAAAAAAAABEEHHUTNVI
PPPPPPPPPPPPPPPXYKRRUTNVI
CCCCCCCCCCCCCCCXYKRRUTNVI
DDDDDDDDDDDDDDDXYKRRULNVI
Case #99:
SSSSSSSSSSSSSSSSSSSSSLLLL
SSSSSSSSSSSSSSSSSSSSSLLLL
SSSSSSSSSSSSSSSSSSSSSLLLL
SSSSSSSSSSSSSSSSSSSSSLLLL
SSSSSSSSSSSSSSSSSSSSSLLLL
SSSSSSSSSSSSSSSSSSSSSLLLL
SSSSSSSSSSSSSSSSSSSSSLLLL
SSSSSSSSSSSSSSSSSSSSSLLLL
SSSSSSSSSSSSSSSSSSSSSLLLL
SSSSSSSSSSSSSSSSSSSSSLLLL
SSSSSSSSSSSSSSSSSSSSSLLLL
SSSSSSSSSSSSSSSSSSSSSLLLL
SSSSSSSSSSSSSSSSSSSSSLLLL
SSSSSSSSSSSSSSSSSSSSSLLLL
SSSSSSSSSSSSSSSSSSSSSDDDD
SSSSSSSSSSSSSSSSSSSSSBVVV
TTTTTTTTTTTTTTTTTTFFFBVVV
MMMMMMMMMMMMMMMXXXZGGBNOO
MMMMMMMMMMMMMMMXXXZGGBNOO
MMMMMMMMMMMMMMMXXXZGGBHCC
MMMMMMMMMMMMMMMXXXZGGBHCC
MMMMMMMMMMMMMMMYYYZAWBHCC
MMMMMMMMMMMMMMMPJUZAWQRCC
MMMMMMMMMMMMMMMPJUZAWQECC
MMMMMMMMMMMMMMMPJUZAWQIKK
Case #100:
AAAAA
AAAAA
AAAAA
AAAAA
DDCBB
DDCBB
DDCBB
