Case #1:
GCJ
GCJ
GCJ
Case #2:
CODE
CODE
CJAM
Case #3:
CA
KE
Case #4:
ACBD
ACBD
ECFD
Case #5:
CCE
GBA
GFD
GFD
Case #6:
BBE
CDA
Case #7:
ADEC
ADEC
ABEC
Case #8:
GGDH
EIAC
EFBC
Case #9:
DABE
DABE
DACE
Case #10:
EADD
CBGF
CHGF
Case #11:
CCCD
BBBE
BBBA
Case #12:
ABB
Case #13:
AAA
AAA
CCC
DBE
Case #14:
CAF
CAF
DAF
EAB
Case #15:
DCCB
DCCB
ACCE
Case #16:
BDEA
BDEA
BDEC
Case #17:
ADBECF
ADBECF
Case #18:
JFH
CDI
GAB
GAE
Case #19:
ADE
BDE
CDE
Case #20:
AB
AB
CB
CD
ED
EF
Case #21:
FCC
DCC
DCC
EAB
Case #22:
DAE
FCB
Case #23:
FBA
FBA
EBA
DBC
Case #24:
GGFK
JHDE
CIAB
Case #25:
BBED
BBED
ACED
Case #26:
AAA
Case #27:
BBB
DDD
CAA
EAA
Case #28:
EEE
CDF
CDB
CDA
Case #29:
AABBCCDDEEFF
Case #30:
EGFF
BDCH
AICH
Case #31:
CBFA
CDGH
CDIE
Case #32:
CCC
BDA
BDA
BEF
Case #33:
CCJJ
CCJJ
CCJJ
Case #34:
CC
BA
Case #35:
CC
CC
CC
ED
EB
EA
Case #36:
AEE
AEE
FBD
CBD
Case #37:
HBG
JAK
DIF
DCE
Case #38:
ABCD
ABCD
ABCD
Case #39:
BDCC
BDCC
BDAE
Case #40:
AGF
CED
CBD
CBD
Case #41:
FCD
FCD
FCD
ABE
Case #42:
A
A
B
B
C
C
D
D
E
E
F
F
Case #43:
AAAA
BBBB
CCCC
Case #44:
CFD
EBA
EBA
EBA
Case #45:
AAAA
BBBB
CCCC
Case #46:
AAA
AAA
Case #47:
ABCC
ABCC
ABCC
Case #48:
ABC
DBC
DBE
Case #49:
CEAD
CEAD
CEAB
Case #50:
BC
DA
Case #51:
FBB
FAE
FDC
FDC
Case #52:
HFJ
DKA
GBL
CEI
Case #53:
CCCC
BDAE
BDAE
Case #54:
ABCD
ABCD
ABCD
Case #55:
BA
BA
BA
BA
Case #56:
AA
Case #57:
BDD
BAA
BEF
CEF
Case #58:
CBA
EDF
EDF
EDF
Case #59:
ACB
ACB
DCE
DFE
Case #60:
AAGE
FCJB
FDHI
Case #61:
DDC
AAC
AAE
BBF
Case #62:
DDF
AAH
JCE
GIB
Case #63:
AABC
AABC
DDBE
Case #64:
DDHI
FBAG
FJEC
Case #65:
BFFF
DECC
IGAH
Case #66:
DBAE
DCAE
DCAE
Case #67:
BEE
BCD
FCD
FAD
Case #68:
ACEE
ACEE
BCDF
Case #69:
AABB
AABB
Case #70:
ADD
CBE
CBE
FBE
Case #71:
AAIF
DDEG
HCJB
Case #72:
A
Case #73:
AAB
AAB
Case #74:
AB
Case #75:
GFC
DBA
DBE
DBE
Case #76:
AAAA
BBBB
CCCC
Case #77:
DFC
BJG
IEA
IHA
Case #78:
EFC
GAI
JDH
BDH
Case #79:
CIDD
GBHF
EAHF
Case #80:
ABCD
ABCD
ABCD
Case #81:
EEE
CCC
DBF
DAF
Case #82:
ADDD
ACEE
BCEE
Case #83:
EEEE
AADD
CCBB
Case #84:
AA
BB
Case #85:
CFFF
EBAA
EDAA
Case #86:
AAB
C?B
CDD
CEF
Case #87:
FFF
FFF
DDC
ABE
Case #88:
DEAA
DECC
BECC
Case #89:
CBA
Case #90:
BAC
BAD
Case #91:
B
A
Case #92:
AA
AA
Case #93:
EEAI
HGCF
JKBD
Case #94:
A
A
Case #95:
ECBB
ADBB
ADBB
Case #96:
EBB
EBB
CDD
FAA
Case #97:
BCAD
BCAD
BEAD
Case #98:
AAA
BBC
Case #99:
FFF
GEE
BDH
ACH
Case #100:
BEAC
BEAC
BEAD
