Case #1:
GCJ
GCJ
GCJ
Case #2:
CODE
CODE
CJAM
Case #3:
CA
KE
Case #4:
ECCC
ECCA
DCCB
Case #5:
A
Case #6:
A
A
B
B
C
C
D
D
E
E
F
F
Case #7:
AAAA
BBBA
CCCA
Case #8:
AAAA
BBED
BBEC
Case #9:
AEH
DIB
DCG
DCF
Case #10:
AA
AA
Case #11:
BBB
AAA
Case #12:
DIAG
FHBC
FEBC
Case #13:
HFJ
CBD
AIE
AGE
Case #14:
DBA
FCE
Case #15:
BBF
BBA
DEA
CEA
Case #16:
BBBB
DCAB
DCAE
Case #17:
ABCD
ABCD
ABCD
Case #18:
DHE
CIB
GFA
GFA
Case #19:
ACB
ACB
DCE
DFE
Case #20:
CCF
BDF
BDF
BAE
Case #21:
DDDG
FFBA
EECH
Case #22:
CCC
DEC
AEC
BFC
Case #23:
EEF
ABF
ABD
ABC
Case #24:
CCAA
BDEA
BDEA
Case #25:
ADBECF
ADBECF
Case #26:
DDDD
BBDD
CAED
Case #27:
DBA
DBA
CBF
EBF
Case #28:
AAAA
BBAA
CCAA
Case #29:
DCCA
DCCA
BECA
Case #30:
IDD
HGC
FEB
AJK
Case #31:
EE
CB
CB
CA
CA
DA
Case #32:
DDEB
DDEB
DCEA
Case #33:
GJH
KBA
FID
ECL
Case #34:
BBB
FFC
DDA
DDE
Case #35:
CCDB
CCDB
CCAE
Case #36:
BFD
BFD
AFC
AFE
Case #37:
EJI
CFH
BGD
KAD
Case #38:
GKK
AED
CHI
JFB
Case #39:
AB
Case #40:
ECAF
GIBD
GIHD
Case #41:
EFFF
CDIF
BAHG
Case #42:
AB
AB
CB
CD
ED
EF
Case #43:
BEDF
CGAF
CGAF
Case #44:
ADD
FED
FEB
FEC
Case #45:
LFAD
EJCB
GKHI
Case #46:
AAAA
BAAA
CAAA
Case #47:
AA
Case #48:
AAAA
ECBA
ECDA
Case #49:
DDDE
CCCE
BBBA
Case #50:
ABC
DBC
DBE
Case #51:
?DC
DDC
BDF
BEA
Case #52:
DDD
CCD
EBA
EFA
Case #53:
ADD
BDD
CDE
Case #54:
AA
BA
Case #55:
ABB
FGH
JCI
DEI
Case #56:
BBB
BBB
FDA
EDC
Case #57:
DDEA
DDEB
CDEB
Case #58:
CCJJ
CCJJ
CCJJ
Case #59:
KJIF
LHED
BAGC
Case #60:
CFEG
CFAB
CFAD
Case #61:
AAB
CAB
CAD
CEF
Case #62:
ABCD
ABCD
ABCD
Case #63:
CCC
CCC
DDC
EAB
Case #64:
CCB
DEA
Case #65:
EEAB
EECD
EECD
Case #66:
HDFJ
AGCK
AEIB
Case #67:
AABBCCDDEEFF
Case #68:
EDC
EDC
EFC
ABC
Case #69:
BAC
BAC
FAC
FED
Case #70:
A
A
Case #71:
AAB
Case #72:
BCA
BCA
DFA
DEA
Case #73:
DDEA
BCFH
BCGH
Case #74:
CD
BA
Case #75:
BBB
ACB
Case #76:
CIH
GAF
BKE
JLD
Case #77:
?A
?A
AA
BA
Case #78:
CAAA
CEBA
CEBD
Case #79:
ADC
BEC
BEC
BEC
Case #80:
AABB
AABB
Case #81:
AACC
EBCC
EBCD
Case #82:
CCC
ABE
ADE
ADE
Case #83:
DDD
BDD
CAE
CAF
Case #84:
ACCE
ACCE
BCDF
Case #85:
LHCD
IKFE
JBAG
Case #86:
JBFL
IADK
EGHC
Case #87:
ABCC
ABCC
ABCC
Case #88:
ALG
KIF
BHJ
CED
Case #89:
ABCD
ABCD
ABCD
Case #90:
AAA
Case #91:
CBBB
CDEB
CDEA
Case #92:
EEEE
BBDG
FFCA
Case #93:
AAA
AAA
Case #94:
ACB
Case #95:
BBB
DAC
Case #96:
B
A
Case #97:
FCC
FAC
FAD
BAE
Case #98:
CC
BA
Case #99:
AAAA
FDAA
BCEA
Case #100:
ACBD
ACBD
ECFD
