Case #1:
GCJ
GCJ
GCJ
Case #2:
CODE
CODE
CJAM
Case #3:
CA
KE
Case #4:
AFB
ECD
Case #5:
BBBB
CCEA
CCDD
Case #6:
EEB
AAF
AAD
AAC
Case #7:
CCCC
DBAA
DEEE
Case #8:
ACCE
ACCE
BBDF
Case #9:
BBD
AAC
Case #10:
ICG
KHD
FEJ
LBA
Case #11:
CEBF
CDAA
CDAA
Case #12:
BBBA
DEEE
DCCC
Case #13:
A
A
Case #14:
DDD
CCC
BGA
EFH
Case #15:
AAA
GEE
FHH
BCD
Case #16:
A
Case #17:
AB
Case #18:
BBB
AEE
FDD
CCC
Case #19:
BBB
EDC
EDC
AAF
Case #20:
A
A
B
B
C
C
D
D
E
E
F
F
Case #21:
LCD
BIH
GAK
JFE
Case #22:
BA
CC
Case #23:
BBCA
BBED
BBED
Case #24:
AAA
Case #25:
HLK
DEF
CIJ
AGB
Case #26:
IDGG
EHBC
FJAA
Case #27:
CCC
DFF
DAA
EBB
Case #28:
GBCD
FEEE
AAAA
Case #29:
BBBB
AAAA
Case #30:
BBD
EEF
ACC
ACC
Case #31:
ABCD
ABCD
ABCD
Case #32:
CFJJ
GAKE
IDHB
Case #33:
AA
AA
AA
BB
Case #34:
CCJJ
CCJJ
CCJJ
Case #35:
ABCD
ABCD
ABCD
Case #36:
ABC
ABC
Case #37:
AAAA
BBBB
CCCC
Case #38:
ABB
ACC
DEE
DFF
Case #39:
DDDD
BBBB
CAEE
Case #40:
AADE
AADE
CCCB
Case #41:
AB
AB
CD
CD
EF
EF
Case #42:
FBB
ACC
AEE
DDD
Case #43:
ACB
Case #44:
GGGH
FFCB
ADIE
Case #45:
AA
Case #46:
CCE
AAA
BBD
FFF
Case #47:
CA
BD
Case #48:
ABB
Case #49:
JKFD
LHBC
GEIA
Case #50:
AABC
AABC
DDEE
Case #51:
AEED
AEED
CBBB
Case #52:
DDE
ACB
Case #53:
ABC
DDE
DDE
Case #54:
ADD
CCE
FBB
FBB
Case #55:
AABBCCDDEEFF
Case #56:
DDDB
EEAA
EECC
Case #57:
AAA
AAA
Case #58:
CHEB
GADD
FFFF
Case #59:
AAA
CCD
EFB
EFB
Case #60:
DBB
FEE
FEE
FCA
Case #61:
GHH
DBB
CAE
IFJ
Case #62:
BBBB
AADE
AACC
Case #63:
BBED
BBAA
BBCC
Case #64:
BBBB
AADD
CCEE
Case #65:
DDD
EEC
FFA
FFB
Case #66:
ABCC
ABCC
ABCC
Case #67:
AAB
CDD
CDD
CEF
Case #68:
ADD
BBB
CCE
Case #69:
DDE
BAF
BAC
BAC
Case #70:
FID
KAJ
ECH
BGG
Case #71:
BHGF
KDCA
KJEI
Case #72:
CCB
FED
FEA
FEA
Case #73:
FAA
FED
FED
CBB
Case #74:
EEEE
BDAC
BDAC
Case #75:
AAAA
BBBB
CCCC
Case #76:
AEEE
IBHH
CFDG
Case #77:
ECB
FDG
FAA
FAA
Case #78:
A
B
Case #79:
ABBBCC
ADDEEF
Case #80:
BB
AA
Case #81:
EFGC
EFAB
EFAD
Case #82:
AAB
AAF
DDE
CCC
Case #83:
EBDD
FAGG
FCCC
Case #84:
AAAA
BBBB
CCCC
Case #85:
DDC
EEB
EEB
FFA
Case #86:
AAAC
DDBB
EEEE
Case #87:
ELI
KDC
JGF
BHA
Case #88:
BB
EE
EE
EE
AD
CC
Case #89:
ABBB
ACCD
EEFF
Case #90:
HFEJ
IKGA
BDCC
Case #91:
BBCA
GHEJ
GFID
Case #92:
DDD
EFC
BBA
BBA
Case #93:
AAA
AAA
ECB
EDD
Case #94:
FAE
FDB
FDC
FDC
Case #95:
CCCE
AABD
AABD
Case #96:
ABCD
ABCD
ABCD
Case #97:
AFF
EDD
EBB
CCC
Case #98:
BBB
AAA
Case #99:
AA
AA
Case #100:
CCCC
DDDE
BBAA
